2022-03-28 14:10:06 [restartedMain] INFO  com.gyf.filehandling.FileHandlingApplication - Starting FileHandlingApplication on DESKTOP-89D0D5U with PID 23356 (C:\Users\22413\IdeaProjects\file-handling\target\classes started by 22413 in C:\Users\22413\IdeaProjects\file-handling)
2022-03-28 14:10:06 [restartedMain] INFO  com.gyf.filehandling.FileHandlingApplication - No active profile set, falling back to default profiles: default
2022-03-28 14:10:07 [restartedMain] INFO  o.s.b.d.env.DevToolsPropertyDefaultsPostProcessor - Devtools property defaults active! Set 'spring.devtools.add-properties' to 'false' to disable
2022-03-28 14:10:07 [restartedMain] INFO  o.s.b.d.env.DevToolsPropertyDefaultsPostProcessor - For additional web related logging consider setting the 'logging.level.web' property to 'DEBUG'
2022-03-28 14:10:08 [restartedMain] INFO  o.s.d.r.config.RepositoryConfigurationDelegate - Multiple Spring Data modules found, entering strict repository configuration mode!
2022-03-28 14:10:08 [restartedMain] INFO  o.s.d.r.config.RepositoryConfigurationDelegate - Bootstrapping Spring Data JPA repositories in DEFAULT mode.
2022-03-28 14:10:08 [restartedMain] INFO  o.s.d.r.config.RepositoryConfigurationDelegate - Finished Spring Data repository scanning in 13ms. Found 0 JPA repository interfaces.
2022-03-28 14:10:08 [restartedMain] INFO  o.s.d.r.config.RepositoryConfigurationDelegate - Multiple Spring Data modules found, entering strict repository configuration mode!
2022-03-28 14:10:08 [restartedMain] INFO  o.s.d.r.config.RepositoryConfigurationDelegate - Bootstrapping Spring Data Redis repositories in DEFAULT mode.
2022-03-28 14:10:08 [restartedMain] INFO  o.s.d.r.config.RepositoryConfigurationDelegate - Finished Spring Data repository scanning in 1ms. Found 0 Redis repository interfaces.
2022-03-28 14:10:08 [restartedMain] INFO  o.s.c.s.PostProcessorRegistrationDelegate$BeanPostProcessorChecker - Bean 'shiroConfig' of type [com.gyf.shiro.ShiroConfig$$EnhancerBySpringCGLIB$$2adfd6ff] is not eligible for getting processed by all BeanPostProcessors (for example: not eligible for auto-proxying)
2022-03-28 14:10:08 [restartedMain] INFO  o.s.c.s.PostProcessorRegistrationDelegate$BeanPostProcessorChecker - Bean 'hashedCredentialsMatcher' of type [org.apache.shiro.authc.credential.HashedCredentialsMatcher] is not eligible for getting processed by all BeanPostProcessors (for example: not eligible for auto-proxying)
2022-03-28 14:10:08 [restartedMain] INFO  o.s.c.s.PostProcessorRegistrationDelegate$BeanPostProcessorChecker - Bean 'mybatis-plus-com.baomidou.mybatisplus.autoconfigure.MybatisPlusProperties' of type [com.baomidou.mybatisplus.autoconfigure.MybatisPlusProperties] is not eligible for getting processed by all BeanPostProcessors (for example: not eligible for auto-proxying)
2022-03-28 14:10:08 [restartedMain] INFO  o.s.c.s.PostProcessorRegistrationDelegate$BeanPostProcessorChecker - Bean 'com.baomidou.mybatisplus.autoconfigure.MybatisPlusAutoConfiguration' of type [com.baomidou.mybatisplus.autoconfigure.MybatisPlusAutoConfiguration$$EnhancerBySpringCGLIB$$cbb873c5] is not eligible for getting processed by all BeanPostProcessors (for example: not eligible for auto-proxying)
2022-03-28 14:10:08 [restartedMain] INFO  o.s.c.s.PostProcessorRegistrationDelegate$BeanPostProcessorChecker - Bean 'org.springframework.boot.autoconfigure.jdbc.DataSourceConfiguration$Hikari' of type [org.springframework.boot.autoconfigure.jdbc.DataSourceConfiguration$Hikari] is not eligible for getting processed by all BeanPostProcessors (for example: not eligible for auto-proxying)
2022-03-28 14:10:08 [restartedMain] INFO  o.s.c.s.PostProcessorRegistrationDelegate$BeanPostProcessorChecker - Bean 'spring.datasource-org.springframework.boot.autoconfigure.jdbc.DataSourceProperties' of type [org.springframework.boot.autoconfigure.jdbc.DataSourceProperties] is not eligible for getting processed by all BeanPostProcessors (for example: not eligible for auto-proxying)
2022-03-28 14:10:08 [restartedMain] INFO  o.s.c.s.PostProcessorRegistrationDelegate$BeanPostProcessorChecker - Bean 'dataSource' of type [com.zaxxer.hikari.HikariDataSource] is not eligible for getting processed by all BeanPostProcessors (for example: not eligible for auto-proxying)
2022-03-28 14:10:08 [restartedMain] INFO  o.s.c.s.PostProcessorRegistrationDelegate$BeanPostProcessorChecker - Bean 'org.springframework.boot.autoconfigure.jdbc.DataSourceInitializerInvoker' of type [org.springframework.boot.autoconfigure.jdbc.DataSourceInitializerInvoker] is not eligible for getting processed by all BeanPostProcessors (for example: not eligible for auto-proxying)
2022-03-28 14:10:10 [restartedMain] INFO  o.s.c.s.PostProcessorRegistrationDelegate$BeanPostProcessorChecker - Bean 'sqlSessionFactory' of type [org.apache.ibatis.session.defaults.DefaultSqlSessionFactory] is not eligible for getting processed by all BeanPostProcessors (for example: not eligible for auto-proxying)
2022-03-28 14:10:10 [restartedMain] INFO  o.s.c.s.PostProcessorRegistrationDelegate$BeanPostProcessorChecker - Bean 'sqlSessionTemplate' of type [org.mybatis.spring.SqlSessionTemplate] is not eligible for getting processed by all BeanPostProcessors (for example: not eligible for auto-proxying)
2022-03-28 14:10:10 [restartedMain] INFO  o.s.c.s.PostProcessorRegistrationDelegate$BeanPostProcessorChecker - Bean 'userInfoMapper' of type [org.mybatis.spring.mapper.MapperFactoryBean] is not eligible for getting processed by all BeanPostProcessors (for example: not eligible for auto-proxying)
2022-03-28 14:10:10 [restartedMain] INFO  o.s.c.s.PostProcessorRegistrationDelegate$BeanPostProcessorChecker - Bean 'userInfoMapper' of type [com.sun.proxy.$Proxy79] is not eligible for getting processed by all BeanPostProcessors (for example: not eligible for auto-proxying)
2022-03-28 14:10:10 [restartedMain] INFO  o.s.c.s.PostProcessorRegistrationDelegate$BeanPostProcessorChecker - Bean 'userInfoServiceImpl' of type [com.gyf.service.impl.UserInfoServiceImpl] is not eligible for getting processed by all BeanPostProcessors (for example: not eligible for auto-proxying)
2022-03-28 14:10:10 [restartedMain] INFO  o.s.c.s.PostProcessorRegistrationDelegate$BeanPostProcessorChecker - Bean 'myShiroRealm' of type [com.gyf.shiro.ShiroRealm] is not eligible for getting processed by all BeanPostProcessors (for example: not eligible for auto-proxying)
2022-03-28 14:10:10 [restartedMain] INFO  o.s.c.s.PostProcessorRegistrationDelegate$BeanPostProcessorChecker - Bean 'securityManager' of type [org.apache.shiro.web.mgt.DefaultWebSecurityManager] is not eligible for getting processed by all BeanPostProcessors (for example: not eligible for auto-proxying)
2022-03-28 14:10:10 [restartedMain] INFO  o.s.boot.web.embedded.tomcat.TomcatWebServer - Tomcat initialized with port(s): 8080 (http)
2022-03-28 14:10:10 [restartedMain] INFO  org.apache.coyote.http11.Http11NioProtocol - Initializing ProtocolHandler ["http-nio-8080"]
2022-03-28 14:10:10 [restartedMain] INFO  org.apache.catalina.core.StandardService - Starting service [Tomcat]
2022-03-28 14:10:10 [restartedMain] INFO  org.apache.catalina.core.StandardEngine - Starting Servlet engine: [Apache Tomcat/9.0.41]
2022-03-28 14:10:11 [restartedMain] INFO  o.a.c.c.C.[Tomcat].[localhost].[/file/handing] - Initializing Spring embedded WebApplicationContext
2022-03-28 14:10:11 [restartedMain] INFO  o.s.b.w.s.c.ServletWebServerApplicationContext - Root WebApplicationContext: initialization completed in 4186 ms
2022-03-28 14:10:11 [restartedMain] INFO  org.hibernate.jpa.internal.util.LogHelper - HHH000204: Processing PersistenceUnitInfo [name: default]
2022-03-28 14:10:11 [restartedMain] INFO  org.hibernate.Version - HHH000412: Hibernate ORM core version 5.4.25.Final
2022-03-28 14:10:11 [restartedMain] INFO  org.hibernate.annotations.common.Version - HCANN000001: Hibernate Commons Annotations {5.1.2.Final}
2022-03-28 14:10:11 [restartedMain] INFO  com.zaxxer.hikari.HikariDataSource - defaultDataSource - Starting...
2022-03-28 14:10:14 [restartedMain] INFO  com.zaxxer.hikari.HikariDataSource - defaultDataSource - Start completed.
2022-03-28 14:10:14 [restartedMain] INFO  org.hibernate.dialect.Dialect - HHH000400: Using dialect: org.hibernate.dialect.MySQL8Dialect
2022-03-28 14:10:16 [restartedMain] INFO  o.h.e.t.jta.platform.internal.JtaPlatformInitiator - HHH000490: Using JtaPlatform implementation: [org.hibernate.engine.transaction.jta.platform.internal.NoJtaPlatform]
2022-03-28 14:10:16 [restartedMain] INFO  o.s.orm.jpa.LocalContainerEntityManagerFactoryBean - Initialized JPA EntityManagerFactory for persistence unit 'default'
2022-03-28 14:10:16 [restartedMain] INFO  o.s.b.d.autoconfigure.OptionalLiveReloadServer - LiveReload server is running on port 35729
2022-03-28 14:10:16 [restartedMain] WARN  o.s.b.a.o.j.JpaBaseConfiguration$JpaWebConfiguration - spring.jpa.open-in-view is enabled by default. Therefore, database queries may be performed during view rendering. Explicitly configure spring.jpa.open-in-view to disable this warning
2022-03-28 14:10:17 [restartedMain] INFO  s.d.s.w.PropertySourcedRequestMappingHandlerMapping - Mapped URL path [/v2/api-docs] onto method [springfox.documentation.swagger2.web.Swagger2Controller#getDocumentation(String, HttpServletRequest)]
2022-03-28 14:10:17 [restartedMain] INFO  o.s.scheduling.concurrent.ThreadPoolTaskExecutor - Initializing ExecutorService 'applicationTaskExecutor'
2022-03-28 14:10:17 [restartedMain] INFO  org.apache.coyote.http11.Http11NioProtocol - Starting ProtocolHandler ["http-nio-8080"]
2022-03-28 14:10:17 [restartedMain] INFO  o.s.boot.web.embedded.tomcat.TomcatWebServer - Tomcat started on port(s): 8080 (http) with context path '/file/handing'
2022-03-28 14:10:17 [restartedMain] INFO  s.d.s.web.plugins.DocumentationPluginsBootstrapper - Context refreshed
2022-03-28 14:10:17 [restartedMain] INFO  s.d.s.web.plugins.DocumentationPluginsBootstrapper - Found 1 custom documentation plugin(s)
2022-03-28 14:10:17 [restartedMain] INFO  s.d.spring.web.scanners.ApiListingReferenceScanner - Scanning for api listing references
2022-03-28 14:10:18 [restartedMain] WARN  s.d.s.w.readers.parameter.ParameterDataTypeReader - Trying to infer dataType org.springframework.web.multipart.MultipartFile[]
2022-03-28 14:10:18 [restartedMain] WARN  s.d.s.w.readers.parameter.ParameterDataTypeReader - Trying to infer dataType org.springframework.web.multipart.MultipartFile[]
2022-03-28 14:10:18 [restartedMain] WARN  s.d.s.w.readers.parameter.ParameterDataTypeReader - Trying to infer dataType org.springframework.web.multipart.MultipartFile[]
2022-03-28 14:10:18 [restartedMain] WARN  s.d.s.w.readers.parameter.ParameterDataTypeReader - Trying to infer dataType org.springframework.web.multipart.MultipartFile[]
2022-03-28 14:10:18 [restartedMain] WARN  s.d.s.w.readers.parameter.ParameterDataTypeReader - Trying to infer dataType org.springframework.web.multipart.MultipartFile[]
2022-03-28 14:10:18 [restartedMain] WARN  s.d.s.w.readers.parameter.ParameterDataTypeReader - Trying to infer dataType org.springframework.web.multipart.MultipartFile[]
2022-03-28 14:10:18 [restartedMain] INFO  com.gyf.filehandling.FileHandlingApplication - Started FileHandlingApplication in 11.809 seconds (JVM running for 14.889)
2022-03-28 14:12:28 [http-nio-8080-exec-1] INFO  o.a.c.c.C.[Tomcat].[localhost].[/file/handing] - Initializing Spring DispatcherServlet 'dispatcherServlet'
2022-03-28 14:12:28 [http-nio-8080-exec-1] INFO  org.springframework.web.servlet.DispatcherServlet - Initializing Servlet 'dispatcherServlet'
2022-03-28 14:12:28 [http-nio-8080-exec-1] INFO  org.springframework.web.servlet.DispatcherServlet - Completed initialization in 0 ms
2022-03-28 14:43:34 [restartedMain] INFO  com.gyf.filehandling.FileHandlingApplication - Starting FileHandlingApplication on DESKTOP-89D0D5U with PID 5468 (C:\Users\22413\IdeaProjects\file-handling\target\classes started by 22413 in C:\Users\22413\IdeaProjects\file-handling)
2022-03-28 14:43:34 [restartedMain] INFO  com.gyf.filehandling.FileHandlingApplication - No active profile set, falling back to default profiles: default
2022-03-28 14:43:34 [restartedMain] INFO  o.s.b.d.env.DevToolsPropertyDefaultsPostProcessor - Devtools property defaults active! Set 'spring.devtools.add-properties' to 'false' to disable
2022-03-28 14:43:34 [restartedMain] INFO  o.s.b.d.env.DevToolsPropertyDefaultsPostProcessor - For additional web related logging consider setting the 'logging.level.web' property to 'DEBUG'
2022-03-28 14:43:36 [restartedMain] INFO  o.s.d.r.config.RepositoryConfigurationDelegate - Multiple Spring Data modules found, entering strict repository configuration mode!
2022-03-28 14:43:36 [restartedMain] INFO  o.s.d.r.config.RepositoryConfigurationDelegate - Bootstrapping Spring Data JPA repositories in DEFAULT mode.
2022-03-28 14:43:36 [restartedMain] INFO  o.s.d.r.config.RepositoryConfigurationDelegate - Finished Spring Data repository scanning in 12ms. Found 0 JPA repository interfaces.
2022-03-28 14:43:36 [restartedMain] INFO  o.s.d.r.config.RepositoryConfigurationDelegate - Multiple Spring Data modules found, entering strict repository configuration mode!
2022-03-28 14:43:36 [restartedMain] INFO  o.s.d.r.config.RepositoryConfigurationDelegate - Bootstrapping Spring Data Redis repositories in DEFAULT mode.
2022-03-28 14:43:36 [restartedMain] INFO  o.s.d.r.config.RepositoryConfigurationDelegate - Finished Spring Data repository scanning in 2ms. Found 0 Redis repository interfaces.
2022-03-28 14:43:36 [restartedMain] INFO  o.s.c.s.PostProcessorRegistrationDelegate$BeanPostProcessorChecker - Bean 'shiroConfig' of type [com.gyf.shiro.ShiroConfig$$EnhancerBySpringCGLIB$$f49cfc52] is not eligible for getting processed by all BeanPostProcessors (for example: not eligible for auto-proxying)
2022-03-28 14:43:36 [restartedMain] INFO  o.s.c.s.PostProcessorRegistrationDelegate$BeanPostProcessorChecker - Bean 'hashedCredentialsMatcher' of type [org.apache.shiro.authc.credential.HashedCredentialsMatcher] is not eligible for getting processed by all BeanPostProcessors (for example: not eligible for auto-proxying)
2022-03-28 14:43:36 [restartedMain] INFO  o.s.c.s.PostProcessorRegistrationDelegate$BeanPostProcessorChecker - Bean 'mybatis-plus-com.baomidou.mybatisplus.autoconfigure.MybatisPlusProperties' of type [com.baomidou.mybatisplus.autoconfigure.MybatisPlusProperties] is not eligible for getting processed by all BeanPostProcessors (for example: not eligible for auto-proxying)
2022-03-28 14:43:36 [restartedMain] INFO  o.s.c.s.PostProcessorRegistrationDelegate$BeanPostProcessorChecker - Bean 'com.baomidou.mybatisplus.autoconfigure.MybatisPlusAutoConfiguration' of type [com.baomidou.mybatisplus.autoconfigure.MybatisPlusAutoConfiguration$$EnhancerBySpringCGLIB$$95759918] is not eligible for getting processed by all BeanPostProcessors (for example: not eligible for auto-proxying)
2022-03-28 14:43:36 [restartedMain] INFO  o.s.c.s.PostProcessorRegistrationDelegate$BeanPostProcessorChecker - Bean 'org.springframework.boot.autoconfigure.jdbc.DataSourceConfiguration$Hikari' of type [org.springframework.boot.autoconfigure.jdbc.DataSourceConfiguration$Hikari] is not eligible for getting processed by all BeanPostProcessors (for example: not eligible for auto-proxying)
2022-03-28 14:43:36 [restartedMain] INFO  o.s.c.s.PostProcessorRegistrationDelegate$BeanPostProcessorChecker - Bean 'spring.datasource-org.springframework.boot.autoconfigure.jdbc.DataSourceProperties' of type [org.springframework.boot.autoconfigure.jdbc.DataSourceProperties] is not eligible for getting processed by all BeanPostProcessors (for example: not eligible for auto-proxying)
2022-03-28 14:43:36 [restartedMain] INFO  o.s.c.s.PostProcessorRegistrationDelegate$BeanPostProcessorChecker - Bean 'dataSource' of type [com.zaxxer.hikari.HikariDataSource] is not eligible for getting processed by all BeanPostProcessors (for example: not eligible for auto-proxying)
2022-03-28 14:43:36 [restartedMain] INFO  o.s.c.s.PostProcessorRegistrationDelegate$BeanPostProcessorChecker - Bean 'org.springframework.boot.autoconfigure.jdbc.DataSourceInitializerInvoker' of type [org.springframework.boot.autoconfigure.jdbc.DataSourceInitializerInvoker] is not eligible for getting processed by all BeanPostProcessors (for example: not eligible for auto-proxying)
2022-03-28 14:43:37 [restartedMain] INFO  o.s.c.s.PostProcessorRegistrationDelegate$BeanPostProcessorChecker - Bean 'sqlSessionFactory' of type [org.apache.ibatis.session.defaults.DefaultSqlSessionFactory] is not eligible for getting processed by all BeanPostProcessors (for example: not eligible for auto-proxying)
2022-03-28 14:43:37 [restartedMain] INFO  o.s.c.s.PostProcessorRegistrationDelegate$BeanPostProcessorChecker - Bean 'sqlSessionTemplate' of type [org.mybatis.spring.SqlSessionTemplate] is not eligible for getting processed by all BeanPostProcessors (for example: not eligible for auto-proxying)
2022-03-28 14:43:37 [restartedMain] INFO  o.s.c.s.PostProcessorRegistrationDelegate$BeanPostProcessorChecker - Bean 'userInfoMapper' of type [org.mybatis.spring.mapper.MapperFactoryBean] is not eligible for getting processed by all BeanPostProcessors (for example: not eligible for auto-proxying)
2022-03-28 14:43:38 [restartedMain] INFO  o.s.c.s.PostProcessorRegistrationDelegate$BeanPostProcessorChecker - Bean 'userInfoMapper' of type [com.sun.proxy.$Proxy79] is not eligible for getting processed by all BeanPostProcessors (for example: not eligible for auto-proxying)
2022-03-28 14:43:38 [restartedMain] INFO  o.s.c.s.PostProcessorRegistrationDelegate$BeanPostProcessorChecker - Bean 'userInfoServiceImpl' of type [com.gyf.service.impl.UserInfoServiceImpl] is not eligible for getting processed by all BeanPostProcessors (for example: not eligible for auto-proxying)
2022-03-28 14:43:38 [restartedMain] INFO  o.s.c.s.PostProcessorRegistrationDelegate$BeanPostProcessorChecker - Bean 'myShiroRealm' of type [com.gyf.shiro.ShiroRealm] is not eligible for getting processed by all BeanPostProcessors (for example: not eligible for auto-proxying)
2022-03-28 14:43:38 [restartedMain] INFO  o.s.c.s.PostProcessorRegistrationDelegate$BeanPostProcessorChecker - Bean 'securityManager' of type [org.apache.shiro.web.mgt.DefaultWebSecurityManager] is not eligible for getting processed by all BeanPostProcessors (for example: not eligible for auto-proxying)
2022-03-28 14:43:38 [restartedMain] INFO  o.s.boot.web.embedded.tomcat.TomcatWebServer - Tomcat initialized with port(s): 8080 (http)
2022-03-28 14:43:38 [restartedMain] INFO  org.apache.coyote.http11.Http11NioProtocol - Initializing ProtocolHandler ["http-nio-8080"]
2022-03-28 14:43:38 [restartedMain] INFO  org.apache.catalina.core.StandardService - Starting service [Tomcat]
2022-03-28 14:43:38 [restartedMain] INFO  org.apache.catalina.core.StandardEngine - Starting Servlet engine: [Apache Tomcat/9.0.41]
2022-03-28 14:43:38 [restartedMain] INFO  o.a.c.c.C.[Tomcat].[localhost].[/file/handing] - Initializing Spring embedded WebApplicationContext
2022-03-28 14:43:38 [restartedMain] INFO  o.s.b.w.s.c.ServletWebServerApplicationContext - Root WebApplicationContext: initialization completed in 3948 ms
2022-03-28 14:43:39 [restartedMain] INFO  org.hibernate.jpa.internal.util.LogHelper - HHH000204: Processing PersistenceUnitInfo [name: default]
2022-03-28 14:43:39 [restartedMain] INFO  org.hibernate.Version - HHH000412: Hibernate ORM core version 5.4.25.Final
2022-03-28 14:43:39 [restartedMain] INFO  org.hibernate.annotations.common.Version - HCANN000001: Hibernate Commons Annotations {5.1.2.Final}
2022-03-28 14:43:39 [restartedMain] INFO  com.zaxxer.hikari.HikariDataSource - defaultDataSource - Starting...
2022-03-28 14:43:40 [restartedMain] INFO  com.zaxxer.hikari.HikariDataSource - defaultDataSource - Start completed.
2022-03-28 14:43:40 [restartedMain] INFO  org.hibernate.dialect.Dialect - HHH000400: Using dialect: org.hibernate.dialect.MySQL8Dialect
2022-03-28 14:43:40 [restartedMain] INFO  o.h.e.t.jta.platform.internal.JtaPlatformInitiator - HHH000490: Using JtaPlatform implementation: [org.hibernate.engine.transaction.jta.platform.internal.NoJtaPlatform]
2022-03-28 14:43:40 [restartedMain] INFO  o.s.orm.jpa.LocalContainerEntityManagerFactoryBean - Initialized JPA EntityManagerFactory for persistence unit 'default'
2022-03-28 14:43:40 [restartedMain] INFO  o.s.b.d.autoconfigure.OptionalLiveReloadServer - LiveReload server is running on port 35729
2022-03-28 14:43:41 [restartedMain] WARN  o.s.b.a.o.j.JpaBaseConfiguration$JpaWebConfiguration - spring.jpa.open-in-view is enabled by default. Therefore, database queries may be performed during view rendering. Explicitly configure spring.jpa.open-in-view to disable this warning
2022-03-28 14:43:41 [restartedMain] INFO  s.d.s.w.PropertySourcedRequestMappingHandlerMapping - Mapped URL path [/v2/api-docs] onto method [springfox.documentation.swagger2.web.Swagger2Controller#getDocumentation(String, HttpServletRequest)]
2022-03-28 14:43:41 [restartedMain] INFO  o.s.scheduling.concurrent.ThreadPoolTaskExecutor - Initializing ExecutorService 'applicationTaskExecutor'
2022-03-28 14:43:41 [restartedMain] INFO  org.apache.coyote.http11.Http11NioProtocol - Starting ProtocolHandler ["http-nio-8080"]
2022-03-28 14:43:41 [restartedMain] INFO  o.s.boot.web.embedded.tomcat.TomcatWebServer - Tomcat started on port(s): 8080 (http) with context path '/file/handing'
2022-03-28 14:43:41 [restartedMain] INFO  s.d.s.web.plugins.DocumentationPluginsBootstrapper - Context refreshed
2022-03-28 14:43:41 [restartedMain] INFO  s.d.s.web.plugins.DocumentationPluginsBootstrapper - Found 1 custom documentation plugin(s)
2022-03-28 14:43:41 [restartedMain] INFO  s.d.spring.web.scanners.ApiListingReferenceScanner - Scanning for api listing references
2022-03-28 14:43:41 [restartedMain] WARN  s.d.s.w.readers.parameter.ParameterDataTypeReader - Trying to infer dataType org.springframework.web.multipart.MultipartFile[]
2022-03-28 14:43:41 [restartedMain] WARN  s.d.s.w.readers.parameter.ParameterDataTypeReader - Trying to infer dataType org.springframework.web.multipart.MultipartFile[]
2022-03-28 14:43:41 [restartedMain] WARN  s.d.s.w.readers.parameter.ParameterDataTypeReader - Trying to infer dataType org.springframework.web.multipart.MultipartFile[]
2022-03-28 14:43:41 [restartedMain] WARN  s.d.s.w.readers.parameter.ParameterDataTypeReader - Trying to infer dataType org.springframework.web.multipart.MultipartFile[]
2022-03-28 14:43:41 [restartedMain] WARN  s.d.s.w.readers.parameter.ParameterDataTypeReader - Trying to infer dataType org.springframework.web.multipart.MultipartFile[]
2022-03-28 14:43:41 [restartedMain] WARN  s.d.s.w.readers.parameter.ParameterDataTypeReader - Trying to infer dataType org.springframework.web.multipart.MultipartFile[]
2022-03-28 14:43:42 [restartedMain] INFO  com.gyf.filehandling.FileHandlingApplication - Started FileHandlingApplication in 7.77 seconds (JVM running for 10.038)
2022-03-28 14:44:38 [http-nio-8080-exec-1] INFO  o.a.c.c.C.[Tomcat].[localhost].[/file/handing] - Initializing Spring DispatcherServlet 'dispatcherServlet'
2022-03-28 14:44:38 [http-nio-8080-exec-1] INFO  org.springframework.web.servlet.DispatcherServlet - Initializing Servlet 'dispatcherServlet'
2022-03-28 14:44:38 [http-nio-8080-exec-1] INFO  org.springframework.web.servlet.DispatcherServlet - Completed initialization in 6 ms
