2022-03-01 09:20:08 [restartedMain] INFO  com.gyf.filehandling.FileHandlingApplication - Starting FileHandlingApplication on DESKTOP-89D0D5U with PID 20728 (C:\Users\22413\IdeaProjects\file-handling\target\classes started by 22413 in C:\Users\22413\IdeaProjects\file-handling)
2022-03-01 09:20:08 [restartedMain] INFO  com.gyf.filehandling.FileHandlingApplication - No active profile set, falling back to default profiles: default
2022-03-01 09:20:08 [restartedMain] INFO  o.s.b.d.env.DevToolsPropertyDefaultsPostProcessor - Devtools property defaults active! Set 'spring.devtools.add-properties' to 'false' to disable
2022-03-01 09:20:08 [restartedMain] INFO  o.s.b.d.env.DevToolsPropertyDefaultsPostProcessor - For additional web related logging consider setting the 'logging.level.web' property to 'DEBUG'
2022-03-01 09:20:09 [restartedMain] INFO  o.s.d.r.config.RepositoryConfigurationDelegate - Multiple Spring Data modules found, entering strict repository configuration mode!
2022-03-01 09:20:09 [restartedMain] INFO  o.s.d.r.config.RepositoryConfigurationDelegate - Bootstrapping Spring Data JPA repositories in DEFAULT mode.
2022-03-01 09:20:09 [restartedMain] INFO  o.s.d.r.config.RepositoryConfigurationDelegate - Finished Spring Data repository scanning in 12ms. Found 0 JPA repository interfaces.
2022-03-01 09:20:09 [restartedMain] INFO  o.s.d.r.config.RepositoryConfigurationDelegate - Multiple Spring Data modules found, entering strict repository configuration mode!
2022-03-01 09:20:09 [restartedMain] INFO  o.s.d.r.config.RepositoryConfigurationDelegate - Bootstrapping Spring Data Redis repositories in DEFAULT mode.
2022-03-01 09:20:09 [restartedMain] INFO  o.s.d.r.config.RepositoryConfigurationDelegate - Finished Spring Data repository scanning in 1ms. Found 0 Redis repository interfaces.
2022-03-01 09:20:10 [restartedMain] INFO  o.s.c.s.PostProcessorRegistrationDelegate$BeanPostProcessorChecker - Bean 'shiroConfig' of type [com.gyf.config.ShiroConfig$$EnhancerBySpringCGLIB$$7b9be3b6] is not eligible for getting processed by all BeanPostProcessors (for example: not eligible for auto-proxying)
2022-03-01 09:20:10 [restartedMain] INFO  o.s.c.s.PostProcessorRegistrationDelegate$BeanPostProcessorChecker - Bean 'hashedCredentialsMatcher' of type [org.apache.shiro.authc.credential.HashedCredentialsMatcher] is not eligible for getting processed by all BeanPostProcessors (for example: not eligible for auto-proxying)
2022-03-01 09:20:10 [restartedMain] INFO  o.s.c.s.PostProcessorRegistrationDelegate$BeanPostProcessorChecker - Bean 'myShiroRealm' of type [com.gyf.shiro.ShiroRealm] is not eligible for getting processed by all BeanPostProcessors (for example: not eligible for auto-proxying)
2022-03-01 09:20:10 [restartedMain] INFO  o.s.c.s.PostProcessorRegistrationDelegate$BeanPostProcessorChecker - Bean 'securityManager' of type [org.apache.shiro.web.mgt.DefaultWebSecurityManager] is not eligible for getting processed by all BeanPostProcessors (for example: not eligible for auto-proxying)
2022-03-01 09:20:10 [restartedMain] INFO  o.s.boot.web.embedded.tomcat.TomcatWebServer - Tomcat initialized with port(s): 8080 (http)
2022-03-01 09:20:10 [restartedMain] INFO  org.apache.coyote.http11.Http11NioProtocol - Initializing ProtocolHandler ["http-nio-8080"]
2022-03-01 09:20:10 [restartedMain] INFO  org.apache.catalina.core.StandardService - Starting service [Tomcat]
2022-03-01 09:20:10 [restartedMain] INFO  org.apache.catalina.core.StandardEngine - Starting Servlet engine: [Apache Tomcat/9.0.41]
2022-03-01 09:20:11 [restartedMain] INFO  o.a.c.c.C.[Tomcat].[localhost].[/file/handing] - Initializing Spring embedded WebApplicationContext
2022-03-01 09:20:11 [restartedMain] INFO  o.s.b.w.s.c.ServletWebServerApplicationContext - Root WebApplicationContext: initialization completed in 2514 ms
2022-03-01 09:20:11 [restartedMain] INFO  org.hibernate.jpa.internal.util.LogHelper - HHH000204: Processing PersistenceUnitInfo [name: default]
2022-03-01 09:20:11 [restartedMain] INFO  org.hibernate.Version - HHH000412: Hibernate ORM core version 5.4.25.Final
2022-03-01 09:20:11 [restartedMain] INFO  org.hibernate.annotations.common.Version - HCANN000001: Hibernate Commons Annotations {5.1.2.Final}
2022-03-01 09:20:11 [restartedMain] INFO  com.zaxxer.hikari.HikariDataSource - defaultDataSource - Starting...
2022-03-01 09:20:12 [restartedMain] INFO  com.zaxxer.hikari.HikariDataSource - defaultDataSource - Start completed.
2022-03-01 09:20:12 [restartedMain] INFO  org.hibernate.dialect.Dialect - HHH000400: Using dialect: org.hibernate.dialect.MySQL8Dialect
2022-03-01 09:20:15 [restartedMain] INFO  o.h.e.t.jta.platform.internal.JtaPlatformInitiator - HHH000490: Using JtaPlatform implementation: [org.hibernate.engine.transaction.jta.platform.internal.NoJtaPlatform]
2022-03-01 09:20:16 [restartedMain] INFO  o.s.orm.jpa.LocalContainerEntityManagerFactoryBean - Initialized JPA EntityManagerFactory for persistence unit 'default'
2022-03-01 09:20:16 [restartedMain] INFO  o.s.b.d.autoconfigure.OptionalLiveReloadServer - LiveReload server is running on port 35729
2022-03-01 09:20:17 [restartedMain] WARN  o.s.b.a.o.j.JpaBaseConfiguration$JpaWebConfiguration - spring.jpa.open-in-view is enabled by default. Therefore, database queries may be performed during view rendering. Explicitly configure spring.jpa.open-in-view to disable this warning
2022-03-01 09:20:18 [restartedMain] INFO  s.d.s.w.PropertySourcedRequestMappingHandlerMapping - Mapped URL path [/v2/api-docs] onto method [springfox.documentation.swagger2.web.Swagger2Controller#getDocumentation(String, HttpServletRequest)]
2022-03-01 09:20:18 [restartedMain] INFO  o.s.scheduling.concurrent.ThreadPoolTaskExecutor - Initializing ExecutorService 'applicationTaskExecutor'
2022-03-01 09:20:18 [restartedMain] INFO  org.apache.coyote.http11.Http11NioProtocol - Starting ProtocolHandler ["http-nio-8080"]
2022-03-01 09:20:18 [restartedMain] INFO  o.s.boot.web.embedded.tomcat.TomcatWebServer - Tomcat started on port(s): 8080 (http) with context path '/file/handing'
2022-03-01 09:20:18 [restartedMain] INFO  s.d.s.web.plugins.DocumentationPluginsBootstrapper - Context refreshed
2022-03-01 09:20:18 [restartedMain] INFO  s.d.s.web.plugins.DocumentationPluginsBootstrapper - Found 1 custom documentation plugin(s)
2022-03-01 09:20:18 [restartedMain] INFO  s.d.spring.web.scanners.ApiListingReferenceScanner - Scanning for api listing references
2022-03-01 09:20:18 [restartedMain] INFO  com.gyf.filehandling.FileHandlingApplication - Started FileHandlingApplication in 11.042 seconds (JVM running for 13.322)
2022-03-01 09:23:12 [http-nio-8080-exec-1] INFO  o.a.c.c.C.[Tomcat].[localhost].[/file/handing] - Initializing Spring DispatcherServlet 'dispatcherServlet'
2022-03-01 09:23:12 [http-nio-8080-exec-1] INFO  org.springframework.web.servlet.DispatcherServlet - Initializing Servlet 'dispatcherServlet'
2022-03-01 09:23:12 [http-nio-8080-exec-1] INFO  org.springframework.web.servlet.DispatcherServlet - Completed initialization in 6 ms
2022-03-01 09:31:14 [restartedMain] INFO  com.gyf.filehandling.FileHandlingApplication - Starting FileHandlingApplication on DESKTOP-89D0D5U with PID 2396 (C:\Users\22413\IdeaProjects\file-handling\target\classes started by 22413 in C:\Users\22413\IdeaProjects\file-handling)
2022-03-01 09:31:14 [restartedMain] INFO  com.gyf.filehandling.FileHandlingApplication - No active profile set, falling back to default profiles: default
2022-03-01 09:31:14 [restartedMain] INFO  o.s.b.d.env.DevToolsPropertyDefaultsPostProcessor - Devtools property defaults active! Set 'spring.devtools.add-properties' to 'false' to disable
2022-03-01 09:31:14 [restartedMain] INFO  o.s.b.d.env.DevToolsPropertyDefaultsPostProcessor - For additional web related logging consider setting the 'logging.level.web' property to 'DEBUG'
2022-03-01 09:31:15 [restartedMain] INFO  o.s.d.r.config.RepositoryConfigurationDelegate - Multiple Spring Data modules found, entering strict repository configuration mode!
2022-03-01 09:31:15 [restartedMain] INFO  o.s.d.r.config.RepositoryConfigurationDelegate - Bootstrapping Spring Data JPA repositories in DEFAULT mode.
2022-03-01 09:31:15 [restartedMain] INFO  o.s.d.r.config.RepositoryConfigurationDelegate - Finished Spring Data repository scanning in 12ms. Found 0 JPA repository interfaces.
2022-03-01 09:31:15 [restartedMain] INFO  o.s.d.r.config.RepositoryConfigurationDelegate - Multiple Spring Data modules found, entering strict repository configuration mode!
2022-03-01 09:31:15 [restartedMain] INFO  o.s.d.r.config.RepositoryConfigurationDelegate - Bootstrapping Spring Data Redis repositories in DEFAULT mode.
2022-03-01 09:31:15 [restartedMain] INFO  o.s.d.r.config.RepositoryConfigurationDelegate - Finished Spring Data repository scanning in 3ms. Found 0 Redis repository interfaces.
2022-03-01 09:31:16 [restartedMain] INFO  o.s.c.s.PostProcessorRegistrationDelegate$BeanPostProcessorChecker - Bean 'shiroConfig' of type [com.gyf.config.ShiroConfig$$EnhancerBySpringCGLIB$$a8d88ff3] is not eligible for getting processed by all BeanPostProcessors (for example: not eligible for auto-proxying)
2022-03-01 09:31:16 [restartedMain] INFO  o.s.c.s.PostProcessorRegistrationDelegate$BeanPostProcessorChecker - Bean 'hashedCredentialsMatcher' of type [org.apache.shiro.authc.credential.HashedCredentialsMatcher] is not eligible for getting processed by all BeanPostProcessors (for example: not eligible for auto-proxying)
2022-03-01 09:31:16 [restartedMain] INFO  o.s.c.s.PostProcessorRegistrationDelegate$BeanPostProcessorChecker - Bean 'myShiroRealm' of type [com.gyf.shiro.ShiroRealm] is not eligible for getting processed by all BeanPostProcessors (for example: not eligible for auto-proxying)
2022-03-01 09:31:16 [restartedMain] INFO  o.s.c.s.PostProcessorRegistrationDelegate$BeanPostProcessorChecker - Bean 'securityManager' of type [org.apache.shiro.web.mgt.DefaultWebSecurityManager] is not eligible for getting processed by all BeanPostProcessors (for example: not eligible for auto-proxying)
2022-03-01 09:31:16 [restartedMain] INFO  o.s.boot.web.embedded.tomcat.TomcatWebServer - Tomcat initialized with port(s): 8080 (http)
2022-03-01 09:31:16 [restartedMain] INFO  org.apache.coyote.http11.Http11NioProtocol - Initializing ProtocolHandler ["http-nio-8080"]
2022-03-01 09:31:16 [restartedMain] INFO  org.apache.catalina.core.StandardService - Starting service [Tomcat]
2022-03-01 09:31:16 [restartedMain] INFO  org.apache.catalina.core.StandardEngine - Starting Servlet engine: [Apache Tomcat/9.0.41]
2022-03-01 09:31:16 [restartedMain] INFO  o.a.c.c.C.[Tomcat].[localhost].[/file/handing] - Initializing Spring embedded WebApplicationContext
2022-03-01 09:31:16 [restartedMain] INFO  o.s.b.w.s.c.ServletWebServerApplicationContext - Root WebApplicationContext: initialization completed in 2463 ms
2022-03-01 09:31:17 [restartedMain] INFO  org.hibernate.jpa.internal.util.LogHelper - HHH000204: Processing PersistenceUnitInfo [name: default]
2022-03-01 09:31:17 [restartedMain] INFO  org.hibernate.Version - HHH000412: Hibernate ORM core version 5.4.25.Final
2022-03-01 09:31:17 [restartedMain] INFO  org.hibernate.annotations.common.Version - HCANN000001: Hibernate Commons Annotations {5.1.2.Final}
2022-03-01 09:31:17 [restartedMain] INFO  com.zaxxer.hikari.HikariDataSource - defaultDataSource - Starting...
2022-03-01 09:31:19 [restartedMain] INFO  com.zaxxer.hikari.HikariDataSource - defaultDataSource - Start completed.
2022-03-01 09:31:19 [restartedMain] INFO  org.hibernate.dialect.Dialect - HHH000400: Using dialect: org.hibernate.dialect.MySQL8Dialect
2022-03-01 09:31:20 [restartedMain] INFO  o.h.e.t.jta.platform.internal.JtaPlatformInitiator - HHH000490: Using JtaPlatform implementation: [org.hibernate.engine.transaction.jta.platform.internal.NoJtaPlatform]
2022-03-01 09:31:20 [restartedMain] INFO  o.s.orm.jpa.LocalContainerEntityManagerFactoryBean - Initialized JPA EntityManagerFactory for persistence unit 'default'
2022-03-01 09:31:20 [restartedMain] INFO  o.s.b.d.autoconfigure.OptionalLiveReloadServer - LiveReload server is running on port 35729
2022-03-01 09:31:22 [restartedMain] WARN  o.s.b.a.o.j.JpaBaseConfiguration$JpaWebConfiguration - spring.jpa.open-in-view is enabled by default. Therefore, database queries may be performed during view rendering. Explicitly configure spring.jpa.open-in-view to disable this warning
2022-03-01 09:31:22 [restartedMain] INFO  s.d.s.w.PropertySourcedRequestMappingHandlerMapping - Mapped URL path [/v2/api-docs] onto method [springfox.documentation.swagger2.web.Swagger2Controller#getDocumentation(String, HttpServletRequest)]
2022-03-01 09:31:22 [restartedMain] INFO  o.s.scheduling.concurrent.ThreadPoolTaskExecutor - Initializing ExecutorService 'applicationTaskExecutor'
2022-03-01 09:31:23 [restartedMain] INFO  org.apache.coyote.http11.Http11NioProtocol - Starting ProtocolHandler ["http-nio-8080"]
2022-03-01 09:31:23 [restartedMain] INFO  o.s.boot.web.embedded.tomcat.TomcatWebServer - Tomcat started on port(s): 8080 (http) with context path '/file/handing'
2022-03-01 09:31:23 [restartedMain] INFO  s.d.s.web.plugins.DocumentationPluginsBootstrapper - Context refreshed
2022-03-01 09:31:23 [restartedMain] INFO  s.d.s.web.plugins.DocumentationPluginsBootstrapper - Found 1 custom documentation plugin(s)
2022-03-01 09:31:23 [restartedMain] INFO  s.d.spring.web.scanners.ApiListingReferenceScanner - Scanning for api listing references
2022-03-01 09:31:23 [restartedMain] INFO  com.gyf.filehandling.FileHandlingApplication - Started FileHandlingApplication in 9.492 seconds (JVM running for 11.709)
2022-03-01 09:32:27 [http-nio-8080-exec-1] INFO  o.a.c.c.C.[Tomcat].[localhost].[/file/handing] - Initializing Spring DispatcherServlet 'dispatcherServlet'
2022-03-01 09:32:27 [http-nio-8080-exec-1] INFO  org.springframework.web.servlet.DispatcherServlet - Initializing Servlet 'dispatcherServlet'
2022-03-01 09:32:27 [http-nio-8080-exec-1] INFO  org.springframework.web.servlet.DispatcherServlet - Completed initialization in 10 ms
2022-03-01 09:56:32 [restartedMain] INFO  com.gyf.filehandling.FileHandlingApplication - Starting FileHandlingApplication on DESKTOP-89D0D5U with PID 20440 (C:\Users\22413\IdeaProjects\file-handling\target\classes started by 22413 in C:\Users\22413\IdeaProjects\file-handling)
2022-03-01 09:56:32 [restartedMain] INFO  com.gyf.filehandling.FileHandlingApplication - No active profile set, falling back to default profiles: default
2022-03-01 09:56:32 [restartedMain] INFO  o.s.b.d.env.DevToolsPropertyDefaultsPostProcessor - Devtools property defaults active! Set 'spring.devtools.add-properties' to 'false' to disable
2022-03-01 09:56:32 [restartedMain] INFO  o.s.b.d.env.DevToolsPropertyDefaultsPostProcessor - For additional web related logging consider setting the 'logging.level.web' property to 'DEBUG'
2022-03-01 09:56:33 [restartedMain] INFO  o.s.d.r.config.RepositoryConfigurationDelegate - Multiple Spring Data modules found, entering strict repository configuration mode!
2022-03-01 09:56:33 [restartedMain] INFO  o.s.d.r.config.RepositoryConfigurationDelegate - Bootstrapping Spring Data JPA repositories in DEFAULT mode.
2022-03-01 09:56:33 [restartedMain] INFO  o.s.d.r.config.RepositoryConfigurationDelegate - Finished Spring Data repository scanning in 12ms. Found 0 JPA repository interfaces.
2022-03-01 09:56:33 [restartedMain] INFO  o.s.d.r.config.RepositoryConfigurationDelegate - Multiple Spring Data modules found, entering strict repository configuration mode!
2022-03-01 09:56:33 [restartedMain] INFO  o.s.d.r.config.RepositoryConfigurationDelegate - Bootstrapping Spring Data Redis repositories in DEFAULT mode.
2022-03-01 09:56:33 [restartedMain] INFO  o.s.d.r.config.RepositoryConfigurationDelegate - Finished Spring Data repository scanning in 1ms. Found 0 Redis repository interfaces.
2022-03-01 09:56:34 [restartedMain] INFO  o.s.c.s.PostProcessorRegistrationDelegate$BeanPostProcessorChecker - Bean 'shiroConfig' of type [com.gyf.config.ShiroConfig$$EnhancerBySpringCGLIB$$3687204a] is not eligible for getting processed by all BeanPostProcessors (for example: not eligible for auto-proxying)
2022-03-01 09:56:34 [restartedMain] INFO  o.s.c.s.PostProcessorRegistrationDelegate$BeanPostProcessorChecker - Bean 'hashedCredentialsMatcher' of type [org.apache.shiro.authc.credential.HashedCredentialsMatcher] is not eligible for getting processed by all BeanPostProcessors (for example: not eligible for auto-proxying)
2022-03-01 09:56:34 [restartedMain] INFO  o.s.c.s.PostProcessorRegistrationDelegate$BeanPostProcessorChecker - Bean 'myShiroRealm' of type [com.gyf.shiro.ShiroRealm] is not eligible for getting processed by all BeanPostProcessors (for example: not eligible for auto-proxying)
2022-03-01 09:56:34 [restartedMain] INFO  o.s.c.s.PostProcessorRegistrationDelegate$BeanPostProcessorChecker - Bean 'securityManager' of type [org.apache.shiro.web.mgt.DefaultWebSecurityManager] is not eligible for getting processed by all BeanPostProcessors (for example: not eligible for auto-proxying)
2022-03-01 09:56:34 [restartedMain] INFO  o.s.boot.web.embedded.tomcat.TomcatWebServer - Tomcat initialized with port(s): 8080 (http)
2022-03-01 09:56:34 [restartedMain] INFO  org.apache.coyote.http11.Http11NioProtocol - Initializing ProtocolHandler ["http-nio-8080"]
2022-03-01 09:56:34 [restartedMain] INFO  org.apache.catalina.core.StandardService - Starting service [Tomcat]
2022-03-01 09:56:34 [restartedMain] INFO  org.apache.catalina.core.StandardEngine - Starting Servlet engine: [Apache Tomcat/9.0.41]
2022-03-01 09:56:34 [restartedMain] INFO  o.a.c.c.C.[Tomcat].[localhost].[/file/handing] - Initializing Spring embedded WebApplicationContext
2022-03-01 09:56:34 [restartedMain] INFO  o.s.b.w.s.c.ServletWebServerApplicationContext - Root WebApplicationContext: initialization completed in 2322 ms
2022-03-01 09:56:35 [restartedMain] INFO  org.hibernate.jpa.internal.util.LogHelper - HHH000204: Processing PersistenceUnitInfo [name: default]
2022-03-01 09:56:35 [restartedMain] INFO  org.hibernate.Version - HHH000412: Hibernate ORM core version 5.4.25.Final
2022-03-01 09:56:35 [restartedMain] INFO  org.hibernate.annotations.common.Version - HCANN000001: Hibernate Commons Annotations {5.1.2.Final}
2022-03-01 09:56:35 [restartedMain] INFO  com.zaxxer.hikari.HikariDataSource - defaultDataSource - Starting...
2022-03-01 09:56:36 [restartedMain] INFO  com.zaxxer.hikari.HikariDataSource - defaultDataSource - Start completed.
2022-03-01 09:56:36 [restartedMain] INFO  org.hibernate.dialect.Dialect - HHH000400: Using dialect: org.hibernate.dialect.MySQL8Dialect
2022-03-01 09:56:37 [restartedMain] INFO  o.h.e.t.jta.platform.internal.JtaPlatformInitiator - HHH000490: Using JtaPlatform implementation: [org.hibernate.engine.transaction.jta.platform.internal.NoJtaPlatform]
2022-03-01 09:56:37 [restartedMain] INFO  o.s.orm.jpa.LocalContainerEntityManagerFactoryBean - Initialized JPA EntityManagerFactory for persistence unit 'default'
2022-03-01 09:56:37 [restartedMain] INFO  o.s.b.d.autoconfigure.OptionalLiveReloadServer - LiveReload server is running on port 35729
2022-03-01 09:56:38 [restartedMain] WARN  o.s.b.a.o.j.JpaBaseConfiguration$JpaWebConfiguration - spring.jpa.open-in-view is enabled by default. Therefore, database queries may be performed during view rendering. Explicitly configure spring.jpa.open-in-view to disable this warning
2022-03-01 09:56:38 [restartedMain] INFO  s.d.s.w.PropertySourcedRequestMappingHandlerMapping - Mapped URL path [/v2/api-docs] onto method [springfox.documentation.swagger2.web.Swagger2Controller#getDocumentation(String, HttpServletRequest)]
2022-03-01 09:56:39 [restartedMain] INFO  o.s.scheduling.concurrent.ThreadPoolTaskExecutor - Initializing ExecutorService 'applicationTaskExecutor'
2022-03-01 09:56:39 [restartedMain] INFO  org.apache.coyote.http11.Http11NioProtocol - Starting ProtocolHandler ["http-nio-8080"]
2022-03-01 09:56:39 [restartedMain] INFO  o.s.boot.web.embedded.tomcat.TomcatWebServer - Tomcat started on port(s): 8080 (http) with context path '/file/handing'
2022-03-01 09:56:39 [restartedMain] INFO  s.d.s.web.plugins.DocumentationPluginsBootstrapper - Context refreshed
2022-03-01 09:56:39 [restartedMain] INFO  s.d.s.web.plugins.DocumentationPluginsBootstrapper - Found 1 custom documentation plugin(s)
2022-03-01 09:56:39 [restartedMain] INFO  s.d.spring.web.scanners.ApiListingReferenceScanner - Scanning for api listing references
2022-03-01 09:56:39 [restartedMain] INFO  com.gyf.filehandling.FileHandlingApplication - Started FileHandlingApplication in 7.684 seconds (JVM running for 9.783)
2022-03-01 09:56:45 [http-nio-8080-exec-1] INFO  o.a.c.c.C.[Tomcat].[localhost].[/file/handing] - Initializing Spring DispatcherServlet 'dispatcherServlet'
2022-03-01 09:56:45 [http-nio-8080-exec-1] INFO  org.springframework.web.servlet.DispatcherServlet - Initializing Servlet 'dispatcherServlet'
2022-03-01 09:56:45 [http-nio-8080-exec-1] INFO  org.springframework.web.servlet.DispatcherServlet - Completed initialization in 8 ms
2022-03-01 10:19:50 [http-nio-8080-exec-1] WARN  o.s.w.s.m.support.DefaultHandlerExceptionResolver - Resolved [org.springframework.web.HttpRequestMethodNotSupportedException: Request method 'GET' not supported]
2022-03-01 14:12:35 [Thread-16] INFO  o.s.scheduling.concurrent.ThreadPoolTaskExecutor - Shutting down ExecutorService 'applicationTaskExecutor'
2022-03-01 14:12:36 [Thread-16] INFO  o.s.orm.jpa.LocalContainerEntityManagerFactoryBean - Closing JPA EntityManagerFactory for persistence unit 'default'
2022-03-01 14:12:39 [Thread-16] INFO  com.zaxxer.hikari.HikariDataSource - defaultDataSource - Shutdown initiated...
2022-03-01 14:12:39 [Thread-16] INFO  com.zaxxer.hikari.HikariDataSource - defaultDataSource - Shutdown completed.
2022-03-01 14:13:00 [restartedMain] INFO  com.gyf.filehandling.FileHandlingApplication - Starting FileHandlingApplication on DESKTOP-89D0D5U with PID 20440 (C:\Users\22413\IdeaProjects\file-handling\target\classes started by 22413 in C:\Users\22413\IdeaProjects\file-handling)
2022-03-01 14:13:00 [restartedMain] INFO  com.gyf.filehandling.FileHandlingApplication - No active profile set, falling back to default profiles: default
2022-03-01 14:13:05 [restartedMain] INFO  o.s.d.r.config.RepositoryConfigurationDelegate - Multiple Spring Data modules found, entering strict repository configuration mode!
2022-03-01 14:13:05 [restartedMain] INFO  o.s.d.r.config.RepositoryConfigurationDelegate - Bootstrapping Spring Data JPA repositories in DEFAULT mode.
2022-03-01 14:13:05 [restartedMain] INFO  o.s.d.r.config.RepositoryConfigurationDelegate - Finished Spring Data repository scanning in 2ms. Found 0 JPA repository interfaces.
2022-03-01 14:13:05 [restartedMain] INFO  o.s.d.r.config.RepositoryConfigurationDelegate - Multiple Spring Data modules found, entering strict repository configuration mode!
2022-03-01 14:13:05 [restartedMain] INFO  o.s.d.r.config.RepositoryConfigurationDelegate - Bootstrapping Spring Data Redis repositories in DEFAULT mode.
2022-03-01 14:13:05 [restartedMain] INFO  o.s.d.r.config.RepositoryConfigurationDelegate - Finished Spring Data repository scanning in 2ms. Found 0 Redis repository interfaces.
2022-03-01 14:13:05 [restartedMain] INFO  o.s.c.s.PostProcessorRegistrationDelegate$BeanPostProcessorChecker - Bean 'shiroConfig' of type [com.gyf.config.ShiroConfig$$EnhancerBySpringCGLIB$$3687204a] is not eligible for getting processed by all BeanPostProcessors (for example: not eligible for auto-proxying)
2022-03-01 14:13:05 [restartedMain] INFO  o.s.c.s.PostProcessorRegistrationDelegate$BeanPostProcessorChecker - Bean 'hashedCredentialsMatcher' of type [org.apache.shiro.authc.credential.HashedCredentialsMatcher] is not eligible for getting processed by all BeanPostProcessors (for example: not eligible for auto-proxying)
2022-03-01 14:13:05 [restartedMain] INFO  o.s.c.s.PostProcessorRegistrationDelegate$BeanPostProcessorChecker - Bean 'myShiroRealm' of type [com.gyf.shiro.ShiroRealm] is not eligible for getting processed by all BeanPostProcessors (for example: not eligible for auto-proxying)
2022-03-01 14:13:05 [restartedMain] INFO  o.s.c.s.PostProcessorRegistrationDelegate$BeanPostProcessorChecker - Bean 'securityManager' of type [org.apache.shiro.web.mgt.DefaultWebSecurityManager] is not eligible for getting processed by all BeanPostProcessors (for example: not eligible for auto-proxying)
2022-03-01 14:13:06 [restartedMain] INFO  o.s.boot.web.embedded.tomcat.TomcatWebServer - Tomcat initialized with port(s): 8080 (http)
2022-03-01 14:13:06 [restartedMain] INFO  org.apache.coyote.http11.Http11NioProtocol - Initializing ProtocolHandler ["http-nio-8080"]
2022-03-01 14:13:06 [restartedMain] INFO  org.apache.catalina.core.StandardService - Starting service [Tomcat]
2022-03-01 14:13:06 [restartedMain] INFO  org.apache.catalina.core.StandardEngine - Starting Servlet engine: [Apache Tomcat/9.0.41]
2022-03-01 14:13:06 [restartedMain] INFO  o.a.c.c.C.[Tomcat].[localhost].[/file/handing] - Initializing Spring embedded WebApplicationContext
2022-03-01 14:13:06 [restartedMain] INFO  o.s.b.w.s.c.ServletWebServerApplicationContext - Root WebApplicationContext: initialization completed in 6254 ms
2022-03-01 14:13:07 [restartedMain] INFO  org.hibernate.jpa.internal.util.LogHelper - HHH000204: Processing PersistenceUnitInfo [name: default]
2022-03-01 14:13:07 [restartedMain] INFO  com.zaxxer.hikari.HikariDataSource - defaultDataSource - Starting...
2022-03-01 14:13:07 [restartedMain] INFO  com.zaxxer.hikari.HikariDataSource - defaultDataSource - Start completed.
2022-03-01 14:13:07 [restartedMain] INFO  org.hibernate.dialect.Dialect - HHH000400: Using dialect: org.hibernate.dialect.MySQL8Dialect
2022-03-01 14:13:08 [restartedMain] INFO  o.h.e.t.jta.platform.internal.JtaPlatformInitiator - HHH000490: Using JtaPlatform implementation: [org.hibernate.engine.transaction.jta.platform.internal.NoJtaPlatform]
2022-03-01 14:13:08 [restartedMain] INFO  o.s.orm.jpa.LocalContainerEntityManagerFactoryBean - Initialized JPA EntityManagerFactory for persistence unit 'default'
2022-03-01 14:13:08 [restartedMain] INFO  o.s.b.d.autoconfigure.OptionalLiveReloadServer - LiveReload server is running on port 35729
2022-03-01 14:13:09 [restartedMain] WARN  o.s.b.a.o.j.JpaBaseConfiguration$JpaWebConfiguration - spring.jpa.open-in-view is enabled by default. Therefore, database queries may be performed during view rendering. Explicitly configure spring.jpa.open-in-view to disable this warning
2022-03-01 14:13:09 [restartedMain] INFO  s.d.s.w.PropertySourcedRequestMappingHandlerMapping - Mapped URL path [/v2/api-docs] onto method [springfox.documentation.swagger2.web.Swagger2Controller#getDocumentation(String, HttpServletRequest)]
2022-03-01 14:13:09 [restartedMain] INFO  o.s.scheduling.concurrent.ThreadPoolTaskExecutor - Initializing ExecutorService 'applicationTaskExecutor'
2022-03-01 14:13:10 [restartedMain] INFO  org.apache.coyote.http11.Http11NioProtocol - Starting ProtocolHandler ["http-nio-8080"]
2022-03-01 14:13:10 [restartedMain] INFO  o.s.boot.web.embedded.tomcat.TomcatWebServer - Tomcat started on port(s): 8080 (http) with context path '/file/handing'
2022-03-01 14:13:10 [restartedMain] INFO  s.d.s.web.plugins.DocumentationPluginsBootstrapper - Context refreshed
2022-03-01 14:13:10 [restartedMain] INFO  s.d.s.web.plugins.DocumentationPluginsBootstrapper - Found 1 custom documentation plugin(s)
2022-03-01 14:13:10 [restartedMain] INFO  s.d.spring.web.scanners.ApiListingReferenceScanner - Scanning for api listing references
2022-03-01 14:13:10 [restartedMain] INFO  com.gyf.filehandling.FileHandlingApplication - Started FileHandlingApplication in 10.377 seconds (JVM running for 15400.508)
2022-03-01 14:13:10 [restartedMain] INFO  o.s.b.d.a.ConditionEvaluationDeltaLoggingListener - Condition evaluation unchanged
2022-03-01 16:15:01 [restartedMain] INFO  com.gyf.filehandling.FileHandlingApplication - Starting FileHandlingApplication on DESKTOP-89D0D5U with PID 14328 (C:\Users\22413\IdeaProjects\file-handling\target\classes started by 22413 in C:\Users\22413\IdeaProjects\file-handling)
2022-03-01 16:15:01 [restartedMain] INFO  com.gyf.filehandling.FileHandlingApplication - No active profile set, falling back to default profiles: default
2022-03-01 16:15:01 [restartedMain] INFO  o.s.b.d.env.DevToolsPropertyDefaultsPostProcessor - Devtools property defaults active! Set 'spring.devtools.add-properties' to 'false' to disable
2022-03-01 16:15:01 [restartedMain] INFO  o.s.b.d.env.DevToolsPropertyDefaultsPostProcessor - For additional web related logging consider setting the 'logging.level.web' property to 'DEBUG'
2022-03-01 16:15:03 [restartedMain] INFO  o.s.d.r.config.RepositoryConfigurationDelegate - Multiple Spring Data modules found, entering strict repository configuration mode!
2022-03-01 16:15:03 [restartedMain] INFO  o.s.d.r.config.RepositoryConfigurationDelegate - Bootstrapping Spring Data JPA repositories in DEFAULT mode.
2022-03-01 16:15:03 [restartedMain] INFO  o.s.d.r.config.RepositoryConfigurationDelegate - Finished Spring Data repository scanning in 14ms. Found 0 JPA repository interfaces.
2022-03-01 16:15:03 [restartedMain] INFO  o.s.d.r.config.RepositoryConfigurationDelegate - Multiple Spring Data modules found, entering strict repository configuration mode!
2022-03-01 16:15:03 [restartedMain] INFO  o.s.d.r.config.RepositoryConfigurationDelegate - Bootstrapping Spring Data Redis repositories in DEFAULT mode.
2022-03-01 16:15:03 [restartedMain] INFO  o.s.d.r.config.RepositoryConfigurationDelegate - Finished Spring Data repository scanning in 1ms. Found 0 Redis repository interfaces.
2022-03-01 16:15:03 [restartedMain] INFO  o.s.c.s.PostProcessorRegistrationDelegate$BeanPostProcessorChecker - Bean 'shiroConfig' of type [com.gyf.config.ShiroConfig$$EnhancerBySpringCGLIB$$4930ef9d] is not eligible for getting processed by all BeanPostProcessors (for example: not eligible for auto-proxying)
2022-03-01 16:15:03 [restartedMain] INFO  o.s.c.s.PostProcessorRegistrationDelegate$BeanPostProcessorChecker - Bean 'hashedCredentialsMatcher' of type [org.apache.shiro.authc.credential.HashedCredentialsMatcher] is not eligible for getting processed by all BeanPostProcessors (for example: not eligible for auto-proxying)
2022-03-01 16:15:03 [restartedMain] INFO  o.s.c.s.PostProcessorRegistrationDelegate$BeanPostProcessorChecker - Bean 'myShiroRealm' of type [com.gyf.shiro.ShiroRealm] is not eligible for getting processed by all BeanPostProcessors (for example: not eligible for auto-proxying)
2022-03-01 16:15:03 [restartedMain] INFO  o.s.c.s.PostProcessorRegistrationDelegate$BeanPostProcessorChecker - Bean 'securityManager' of type [org.apache.shiro.web.mgt.DefaultWebSecurityManager] is not eligible for getting processed by all BeanPostProcessors (for example: not eligible for auto-proxying)
2022-03-01 16:15:04 [restartedMain] INFO  o.s.boot.web.embedded.tomcat.TomcatWebServer - Tomcat initialized with port(s): 8080 (http)
2022-03-01 16:15:04 [restartedMain] INFO  org.apache.coyote.http11.Http11NioProtocol - Initializing ProtocolHandler ["http-nio-8080"]
2022-03-01 16:15:04 [restartedMain] INFO  org.apache.catalina.core.StandardService - Starting service [Tomcat]
2022-03-01 16:15:04 [restartedMain] INFO  org.apache.catalina.core.StandardEngine - Starting Servlet engine: [Apache Tomcat/9.0.41]
2022-03-01 16:15:04 [restartedMain] INFO  o.a.c.c.C.[Tomcat].[localhost].[/file/handing] - Initializing Spring embedded WebApplicationContext
2022-03-01 16:15:04 [restartedMain] INFO  o.s.b.w.s.c.ServletWebServerApplicationContext - Root WebApplicationContext: initialization completed in 3035 ms
2022-03-01 16:15:04 [restartedMain] INFO  org.hibernate.jpa.internal.util.LogHelper - HHH000204: Processing PersistenceUnitInfo [name: default]
2022-03-01 16:15:05 [restartedMain] INFO  org.hibernate.Version - HHH000412: Hibernate ORM core version 5.4.25.Final
2022-03-01 16:15:05 [restartedMain] INFO  org.hibernate.annotations.common.Version - HCANN000001: Hibernate Commons Annotations {5.1.2.Final}
2022-03-01 16:15:05 [restartedMain] INFO  com.zaxxer.hikari.HikariDataSource - defaultDataSource - Starting...
2022-03-01 16:15:06 [restartedMain] INFO  com.zaxxer.hikari.HikariDataSource - defaultDataSource - Start completed.
2022-03-01 16:15:06 [restartedMain] INFO  org.hibernate.dialect.Dialect - HHH000400: Using dialect: org.hibernate.dialect.MySQL8Dialect
2022-03-01 16:15:07 [restartedMain] INFO  o.h.e.t.jta.platform.internal.JtaPlatformInitiator - HHH000490: Using JtaPlatform implementation: [org.hibernate.engine.transaction.jta.platform.internal.NoJtaPlatform]
2022-03-01 16:15:07 [restartedMain] INFO  o.s.orm.jpa.LocalContainerEntityManagerFactoryBean - Initialized JPA EntityManagerFactory for persistence unit 'default'
2022-03-01 16:15:07 [restartedMain] INFO  o.s.b.d.autoconfigure.OptionalLiveReloadServer - LiveReload server is running on port 35729
2022-03-01 16:15:09 [restartedMain] WARN  o.s.b.a.o.j.JpaBaseConfiguration$JpaWebConfiguration - spring.jpa.open-in-view is enabled by default. Therefore, database queries may be performed during view rendering. Explicitly configure spring.jpa.open-in-view to disable this warning
2022-03-01 16:15:09 [restartedMain] INFO  s.d.s.w.PropertySourcedRequestMappingHandlerMapping - Mapped URL path [/v2/api-docs] onto method [springfox.documentation.swagger2.web.Swagger2Controller#getDocumentation(String, HttpServletRequest)]
2022-03-01 16:15:09 [restartedMain] INFO  o.s.scheduling.concurrent.ThreadPoolTaskExecutor - Initializing ExecutorService 'applicationTaskExecutor'
2022-03-01 16:15:10 [restartedMain] INFO  org.apache.coyote.http11.Http11NioProtocol - Starting ProtocolHandler ["http-nio-8080"]
2022-03-01 16:15:10 [restartedMain] INFO  o.s.boot.web.embedded.tomcat.TomcatWebServer - Tomcat started on port(s): 8080 (http) with context path '/file/handing'
2022-03-01 16:15:10 [restartedMain] INFO  s.d.s.web.plugins.DocumentationPluginsBootstrapper - Context refreshed
2022-03-01 16:15:10 [restartedMain] INFO  s.d.s.web.plugins.DocumentationPluginsBootstrapper - Found 1 custom documentation plugin(s)
2022-03-01 16:15:10 [restartedMain] INFO  s.d.spring.web.scanners.ApiListingReferenceScanner - Scanning for api listing references
2022-03-01 16:15:10 [restartedMain] WARN  s.d.s.w.readers.parameter.ParameterDataTypeReader - Trying to infer dataType org.springframework.web.multipart.MultipartFile[]
2022-03-01 16:15:10 [restartedMain] INFO  com.gyf.filehandling.FileHandlingApplication - Started FileHandlingApplication in 9.332 seconds (JVM running for 11.637)
2022-03-01 16:21:59 [http-nio-8080-exec-1] INFO  o.a.c.c.C.[Tomcat].[localhost].[/file/handing] - Initializing Spring DispatcherServlet 'dispatcherServlet'
2022-03-01 16:21:59 [http-nio-8080-exec-1] INFO  org.springframework.web.servlet.DispatcherServlet - Initializing Servlet 'dispatcherServlet'
2022-03-01 16:21:59 [http-nio-8080-exec-1] INFO  org.springframework.web.servlet.DispatcherServlet - Completed initialization in 8 ms
2022-03-01 16:27:55 [restartedMain] INFO  com.gyf.filehandling.FileHandlingApplication - Starting FileHandlingApplication on DESKTOP-89D0D5U with PID 6780 (C:\Users\22413\IdeaProjects\file-handling\target\classes started by 22413 in C:\Users\22413\IdeaProjects\file-handling)
2022-03-01 16:27:55 [restartedMain] INFO  com.gyf.filehandling.FileHandlingApplication - No active profile set, falling back to default profiles: default
2022-03-01 16:27:55 [restartedMain] INFO  o.s.b.d.env.DevToolsPropertyDefaultsPostProcessor - Devtools property defaults active! Set 'spring.devtools.add-properties' to 'false' to disable
2022-03-01 16:27:55 [restartedMain] INFO  o.s.b.d.env.DevToolsPropertyDefaultsPostProcessor - For additional web related logging consider setting the 'logging.level.web' property to 'DEBUG'
2022-03-01 16:27:56 [restartedMain] INFO  o.s.d.r.config.RepositoryConfigurationDelegate - Multiple Spring Data modules found, entering strict repository configuration mode!
2022-03-01 16:27:56 [restartedMain] INFO  o.s.d.r.config.RepositoryConfigurationDelegate - Bootstrapping Spring Data JPA repositories in DEFAULT mode.
2022-03-01 16:27:56 [restartedMain] INFO  o.s.d.r.config.RepositoryConfigurationDelegate - Finished Spring Data repository scanning in 11ms. Found 0 JPA repository interfaces.
2022-03-01 16:27:56 [restartedMain] INFO  o.s.d.r.config.RepositoryConfigurationDelegate - Multiple Spring Data modules found, entering strict repository configuration mode!
2022-03-01 16:27:56 [restartedMain] INFO  o.s.d.r.config.RepositoryConfigurationDelegate - Bootstrapping Spring Data Redis repositories in DEFAULT mode.
2022-03-01 16:27:56 [restartedMain] INFO  o.s.d.r.config.RepositoryConfigurationDelegate - Finished Spring Data repository scanning in 1ms. Found 0 Redis repository interfaces.
2022-03-01 16:27:57 [restartedMain] INFO  o.s.c.s.PostProcessorRegistrationDelegate$BeanPostProcessorChecker - Bean 'shiroConfig' of type [com.gyf.config.ShiroConfig$$EnhancerBySpringCGLIB$$9f0f0aeb] is not eligible for getting processed by all BeanPostProcessors (for example: not eligible for auto-proxying)
2022-03-01 16:27:57 [restartedMain] INFO  o.s.c.s.PostProcessorRegistrationDelegate$BeanPostProcessorChecker - Bean 'hashedCredentialsMatcher' of type [org.apache.shiro.authc.credential.HashedCredentialsMatcher] is not eligible for getting processed by all BeanPostProcessors (for example: not eligible for auto-proxying)
2022-03-01 16:27:57 [restartedMain] INFO  o.s.c.s.PostProcessorRegistrationDelegate$BeanPostProcessorChecker - Bean 'myShiroRealm' of type [com.gyf.shiro.ShiroRealm] is not eligible for getting processed by all BeanPostProcessors (for example: not eligible for auto-proxying)
2022-03-01 16:27:57 [restartedMain] INFO  o.s.c.s.PostProcessorRegistrationDelegate$BeanPostProcessorChecker - Bean 'securityManager' of type [org.apache.shiro.web.mgt.DefaultWebSecurityManager] is not eligible for getting processed by all BeanPostProcessors (for example: not eligible for auto-proxying)
2022-03-01 16:27:57 [restartedMain] INFO  o.s.boot.web.embedded.tomcat.TomcatWebServer - Tomcat initialized with port(s): 8080 (http)
2022-03-01 16:27:57 [restartedMain] INFO  org.apache.coyote.http11.Http11NioProtocol - Initializing ProtocolHandler ["http-nio-8080"]
2022-03-01 16:27:57 [restartedMain] INFO  org.apache.catalina.core.StandardService - Starting service [Tomcat]
2022-03-01 16:27:57 [restartedMain] INFO  org.apache.catalina.core.StandardEngine - Starting Servlet engine: [Apache Tomcat/9.0.41]
2022-03-01 16:27:57 [restartedMain] INFO  o.a.c.c.C.[Tomcat].[localhost].[/file/handing] - Initializing Spring embedded WebApplicationContext
2022-03-01 16:27:57 [restartedMain] INFO  o.s.b.w.s.c.ServletWebServerApplicationContext - Root WebApplicationContext: initialization completed in 2136 ms
2022-03-01 16:27:58 [restartedMain] INFO  org.hibernate.jpa.internal.util.LogHelper - HHH000204: Processing PersistenceUnitInfo [name: default]
2022-03-01 16:27:58 [restartedMain] INFO  org.hibernate.Version - HHH000412: Hibernate ORM core version 5.4.25.Final
2022-03-01 16:27:58 [restartedMain] INFO  org.hibernate.annotations.common.Version - HCANN000001: Hibernate Commons Annotations {5.1.2.Final}
2022-03-01 16:27:58 [restartedMain] INFO  com.zaxxer.hikari.HikariDataSource - defaultDataSource - Starting...
2022-03-01 16:27:59 [restartedMain] INFO  com.zaxxer.hikari.HikariDataSource - defaultDataSource - Start completed.
2022-03-01 16:27:59 [restartedMain] INFO  org.hibernate.dialect.Dialect - HHH000400: Using dialect: org.hibernate.dialect.MySQL8Dialect
2022-03-01 16:28:00 [restartedMain] INFO  o.h.e.t.jta.platform.internal.JtaPlatformInitiator - HHH000490: Using JtaPlatform implementation: [org.hibernate.engine.transaction.jta.platform.internal.NoJtaPlatform]
2022-03-01 16:28:00 [restartedMain] INFO  o.s.orm.jpa.LocalContainerEntityManagerFactoryBean - Initialized JPA EntityManagerFactory for persistence unit 'default'
2022-03-01 16:28:00 [restartedMain] INFO  o.s.b.d.autoconfigure.OptionalLiveReloadServer - LiveReload server is running on port 35729
2022-03-01 16:28:01 [restartedMain] WARN  o.s.b.a.o.j.JpaBaseConfiguration$JpaWebConfiguration - spring.jpa.open-in-view is enabled by default. Therefore, database queries may be performed during view rendering. Explicitly configure spring.jpa.open-in-view to disable this warning
2022-03-01 16:28:01 [restartedMain] INFO  s.d.s.w.PropertySourcedRequestMappingHandlerMapping - Mapped URL path [/v2/api-docs] onto method [springfox.documentation.swagger2.web.Swagger2Controller#getDocumentation(String, HttpServletRequest)]
2022-03-01 16:28:02 [restartedMain] INFO  o.s.scheduling.concurrent.ThreadPoolTaskExecutor - Initializing ExecutorService 'applicationTaskExecutor'
2022-03-01 16:28:02 [restartedMain] INFO  org.apache.coyote.http11.Http11NioProtocol - Starting ProtocolHandler ["http-nio-8080"]
2022-03-01 16:28:02 [restartedMain] INFO  o.s.boot.web.embedded.tomcat.TomcatWebServer - Tomcat started on port(s): 8080 (http) with context path '/file/handing'
2022-03-01 16:28:02 [restartedMain] INFO  s.d.s.web.plugins.DocumentationPluginsBootstrapper - Context refreshed
2022-03-01 16:28:02 [restartedMain] INFO  s.d.s.web.plugins.DocumentationPluginsBootstrapper - Found 1 custom documentation plugin(s)
2022-03-01 16:28:02 [restartedMain] INFO  s.d.spring.web.scanners.ApiListingReferenceScanner - Scanning for api listing references
2022-03-01 16:28:02 [restartedMain] WARN  s.d.s.w.readers.parameter.ParameterDataTypeReader - Trying to infer dataType org.springframework.web.multipart.MultipartFile[][]
2022-03-01 16:28:02 [restartedMain] INFO  com.gyf.filehandling.FileHandlingApplication - Started FileHandlingApplication in 7.354 seconds (JVM running for 9.24)
2022-03-01 16:28:09 [http-nio-8080-exec-1] INFO  o.a.c.c.C.[Tomcat].[localhost].[/file/handing] - Initializing Spring DispatcherServlet 'dispatcherServlet'
2022-03-01 16:28:09 [http-nio-8080-exec-1] INFO  org.springframework.web.servlet.DispatcherServlet - Initializing Servlet 'dispatcherServlet'
2022-03-01 16:28:09 [http-nio-8080-exec-1] INFO  org.springframework.web.servlet.DispatcherServlet - Completed initialization in 7 ms
2022-03-01 16:28:34 [restartedMain] INFO  com.gyf.filehandling.FileHandlingApplication - Starting FileHandlingApplication on DESKTOP-89D0D5U with PID 4880 (C:\Users\22413\IdeaProjects\file-handling\target\classes started by 22413 in C:\Users\22413\IdeaProjects\file-handling)
2022-03-01 16:28:34 [restartedMain] INFO  com.gyf.filehandling.FileHandlingApplication - No active profile set, falling back to default profiles: default
2022-03-01 16:28:34 [restartedMain] INFO  o.s.b.d.env.DevToolsPropertyDefaultsPostProcessor - Devtools property defaults active! Set 'spring.devtools.add-properties' to 'false' to disable
2022-03-01 16:28:34 [restartedMain] INFO  o.s.b.d.env.DevToolsPropertyDefaultsPostProcessor - For additional web related logging consider setting the 'logging.level.web' property to 'DEBUG'
2022-03-01 16:28:35 [restartedMain] INFO  o.s.d.r.config.RepositoryConfigurationDelegate - Multiple Spring Data modules found, entering strict repository configuration mode!
2022-03-01 16:28:35 [restartedMain] INFO  o.s.d.r.config.RepositoryConfigurationDelegate - Bootstrapping Spring Data JPA repositories in DEFAULT mode.
2022-03-01 16:28:35 [restartedMain] INFO  o.s.d.r.config.RepositoryConfigurationDelegate - Finished Spring Data repository scanning in 11ms. Found 0 JPA repository interfaces.
2022-03-01 16:28:35 [restartedMain] INFO  o.s.d.r.config.RepositoryConfigurationDelegate - Multiple Spring Data modules found, entering strict repository configuration mode!
2022-03-01 16:28:35 [restartedMain] INFO  o.s.d.r.config.RepositoryConfigurationDelegate - Bootstrapping Spring Data Redis repositories in DEFAULT mode.
2022-03-01 16:28:35 [restartedMain] INFO  o.s.d.r.config.RepositoryConfigurationDelegate - Finished Spring Data repository scanning in 1ms. Found 0 Redis repository interfaces.
2022-03-01 16:28:35 [restartedMain] INFO  o.s.c.s.PostProcessorRegistrationDelegate$BeanPostProcessorChecker - Bean 'shiroConfig' of type [com.gyf.config.ShiroConfig$$EnhancerBySpringCGLIB$$658c5a50] is not eligible for getting processed by all BeanPostProcessors (for example: not eligible for auto-proxying)
2022-03-01 16:28:35 [restartedMain] INFO  o.s.c.s.PostProcessorRegistrationDelegate$BeanPostProcessorChecker - Bean 'hashedCredentialsMatcher' of type [org.apache.shiro.authc.credential.HashedCredentialsMatcher] is not eligible for getting processed by all BeanPostProcessors (for example: not eligible for auto-proxying)
2022-03-01 16:28:35 [restartedMain] INFO  o.s.c.s.PostProcessorRegistrationDelegate$BeanPostProcessorChecker - Bean 'myShiroRealm' of type [com.gyf.shiro.ShiroRealm] is not eligible for getting processed by all BeanPostProcessors (for example: not eligible for auto-proxying)
2022-03-01 16:28:35 [restartedMain] INFO  o.s.c.s.PostProcessorRegistrationDelegate$BeanPostProcessorChecker - Bean 'securityManager' of type [org.apache.shiro.web.mgt.DefaultWebSecurityManager] is not eligible for getting processed by all BeanPostProcessors (for example: not eligible for auto-proxying)
2022-03-01 16:28:36 [restartedMain] INFO  o.s.boot.web.embedded.tomcat.TomcatWebServer - Tomcat initialized with port(s): 8080 (http)
2022-03-01 16:28:36 [restartedMain] INFO  org.apache.coyote.http11.Http11NioProtocol - Initializing ProtocolHandler ["http-nio-8080"]
2022-03-01 16:28:36 [restartedMain] INFO  org.apache.catalina.core.StandardService - Starting service [Tomcat]
2022-03-01 16:28:36 [restartedMain] INFO  org.apache.catalina.core.StandardEngine - Starting Servlet engine: [Apache Tomcat/9.0.41]
2022-03-01 16:28:36 [restartedMain] INFO  o.a.c.c.C.[Tomcat].[localhost].[/file/handing] - Initializing Spring embedded WebApplicationContext
2022-03-01 16:28:36 [restartedMain] INFO  o.s.b.w.s.c.ServletWebServerApplicationContext - Root WebApplicationContext: initialization completed in 2466 ms
2022-03-01 16:28:37 [restartedMain] INFO  org.hibernate.jpa.internal.util.LogHelper - HHH000204: Processing PersistenceUnitInfo [name: default]
2022-03-01 16:28:37 [restartedMain] INFO  org.hibernate.Version - HHH000412: Hibernate ORM core version 5.4.25.Final
2022-03-01 16:28:37 [restartedMain] INFO  org.hibernate.annotations.common.Version - HCANN000001: Hibernate Commons Annotations {5.1.2.Final}
2022-03-01 16:28:37 [restartedMain] INFO  com.zaxxer.hikari.HikariDataSource - defaultDataSource - Starting...
2022-03-01 16:28:38 [restartedMain] INFO  com.zaxxer.hikari.HikariDataSource - defaultDataSource - Start completed.
2022-03-01 16:28:38 [restartedMain] INFO  org.hibernate.dialect.Dialect - HHH000400: Using dialect: org.hibernate.dialect.MySQL8Dialect
2022-03-01 16:28:38 [restartedMain] INFO  o.h.e.t.jta.platform.internal.JtaPlatformInitiator - HHH000490: Using JtaPlatform implementation: [org.hibernate.engine.transaction.jta.platform.internal.NoJtaPlatform]
2022-03-01 16:28:38 [restartedMain] INFO  o.s.orm.jpa.LocalContainerEntityManagerFactoryBean - Initialized JPA EntityManagerFactory for persistence unit 'default'
2022-03-01 16:28:38 [restartedMain] INFO  o.s.b.d.autoconfigure.OptionalLiveReloadServer - LiveReload server is running on port 35729
2022-03-01 16:28:40 [restartedMain] WARN  o.s.b.a.o.j.JpaBaseConfiguration$JpaWebConfiguration - spring.jpa.open-in-view is enabled by default. Therefore, database queries may be performed during view rendering. Explicitly configure spring.jpa.open-in-view to disable this warning
2022-03-01 16:28:40 [restartedMain] INFO  s.d.s.w.PropertySourcedRequestMappingHandlerMapping - Mapped URL path [/v2/api-docs] onto method [springfox.documentation.swagger2.web.Swagger2Controller#getDocumentation(String, HttpServletRequest)]
2022-03-01 16:28:40 [restartedMain] INFO  o.s.scheduling.concurrent.ThreadPoolTaskExecutor - Initializing ExecutorService 'applicationTaskExecutor'
2022-03-01 16:28:41 [restartedMain] INFO  org.apache.coyote.http11.Http11NioProtocol - Starting ProtocolHandler ["http-nio-8080"]
2022-03-01 16:28:41 [restartedMain] INFO  o.s.boot.web.embedded.tomcat.TomcatWebServer - Tomcat started on port(s): 8080 (http) with context path '/file/handing'
2022-03-01 16:28:41 [restartedMain] INFO  s.d.s.web.plugins.DocumentationPluginsBootstrapper - Context refreshed
2022-03-01 16:28:41 [restartedMain] INFO  s.d.s.web.plugins.DocumentationPluginsBootstrapper - Found 1 custom documentation plugin(s)
2022-03-01 16:28:41 [restartedMain] INFO  s.d.spring.web.scanners.ApiListingReferenceScanner - Scanning for api listing references
2022-03-01 16:28:41 [restartedMain] WARN  s.d.s.w.readers.parameter.ParameterDataTypeReader - Trying to infer dataType org.springframework.web.multipart.MultipartFile[]
2022-03-01 16:28:41 [restartedMain] INFO  com.gyf.filehandling.FileHandlingApplication - Started FileHandlingApplication in 7.386 seconds (JVM running for 9.435)
2022-03-01 16:28:52 [http-nio-8080-exec-1] INFO  o.a.c.c.C.[Tomcat].[localhost].[/file/handing] - Initializing Spring DispatcherServlet 'dispatcherServlet'
2022-03-01 16:28:52 [http-nio-8080-exec-1] INFO  org.springframework.web.servlet.DispatcherServlet - Initializing Servlet 'dispatcherServlet'
2022-03-01 16:28:52 [http-nio-8080-exec-1] INFO  org.springframework.web.servlet.DispatcherServlet - Completed initialization in 9 ms
2022-03-01 16:32:53 [restartedMain] INFO  com.gyf.filehandling.FileHandlingApplication - Starting FileHandlingApplication on DESKTOP-89D0D5U with PID 18204 (C:\Users\22413\IdeaProjects\file-handling\target\classes started by 22413 in C:\Users\22413\IdeaProjects\file-handling)
2022-03-01 16:32:53 [restartedMain] INFO  com.gyf.filehandling.FileHandlingApplication - No active profile set, falling back to default profiles: default
2022-03-01 16:32:53 [restartedMain] INFO  o.s.b.d.env.DevToolsPropertyDefaultsPostProcessor - Devtools property defaults active! Set 'spring.devtools.add-properties' to 'false' to disable
2022-03-01 16:32:53 [restartedMain] INFO  o.s.b.d.env.DevToolsPropertyDefaultsPostProcessor - For additional web related logging consider setting the 'logging.level.web' property to 'DEBUG'
2022-03-01 16:32:54 [restartedMain] INFO  o.s.d.r.config.RepositoryConfigurationDelegate - Multiple Spring Data modules found, entering strict repository configuration mode!
2022-03-01 16:32:54 [restartedMain] INFO  o.s.d.r.config.RepositoryConfigurationDelegate - Bootstrapping Spring Data JPA repositories in DEFAULT mode.
2022-03-01 16:32:54 [restartedMain] INFO  o.s.d.r.config.RepositoryConfigurationDelegate - Finished Spring Data repository scanning in 11ms. Found 0 JPA repository interfaces.
2022-03-01 16:32:54 [restartedMain] INFO  o.s.d.r.config.RepositoryConfigurationDelegate - Multiple Spring Data modules found, entering strict repository configuration mode!
2022-03-01 16:32:54 [restartedMain] INFO  o.s.d.r.config.RepositoryConfigurationDelegate - Bootstrapping Spring Data Redis repositories in DEFAULT mode.
2022-03-01 16:32:54 [restartedMain] INFO  o.s.d.r.config.RepositoryConfigurationDelegate - Finished Spring Data repository scanning in 1ms. Found 0 Redis repository interfaces.
2022-03-01 16:32:54 [restartedMain] INFO  o.s.c.s.PostProcessorRegistrationDelegate$BeanPostProcessorChecker - Bean 'shiroConfig' of type [com.gyf.config.ShiroConfig$$EnhancerBySpringCGLIB$$376fa32c] is not eligible for getting processed by all BeanPostProcessors (for example: not eligible for auto-proxying)
2022-03-01 16:32:54 [restartedMain] INFO  o.s.c.s.PostProcessorRegistrationDelegate$BeanPostProcessorChecker - Bean 'hashedCredentialsMatcher' of type [org.apache.shiro.authc.credential.HashedCredentialsMatcher] is not eligible for getting processed by all BeanPostProcessors (for example: not eligible for auto-proxying)
2022-03-01 16:32:54 [restartedMain] INFO  o.s.c.s.PostProcessorRegistrationDelegate$BeanPostProcessorChecker - Bean 'myShiroRealm' of type [com.gyf.shiro.ShiroRealm] is not eligible for getting processed by all BeanPostProcessors (for example: not eligible for auto-proxying)
2022-03-01 16:32:54 [restartedMain] INFO  o.s.c.s.PostProcessorRegistrationDelegate$BeanPostProcessorChecker - Bean 'securityManager' of type [org.apache.shiro.web.mgt.DefaultWebSecurityManager] is not eligible for getting processed by all BeanPostProcessors (for example: not eligible for auto-proxying)
2022-03-01 16:32:55 [restartedMain] INFO  o.s.boot.web.embedded.tomcat.TomcatWebServer - Tomcat initialized with port(s): 8080 (http)
2022-03-01 16:32:55 [restartedMain] INFO  org.apache.coyote.http11.Http11NioProtocol - Initializing ProtocolHandler ["http-nio-8080"]
2022-03-01 16:32:55 [restartedMain] INFO  org.apache.catalina.core.StandardService - Starting service [Tomcat]
2022-03-01 16:32:55 [restartedMain] INFO  org.apache.catalina.core.StandardEngine - Starting Servlet engine: [Apache Tomcat/9.0.41]
2022-03-01 16:32:55 [restartedMain] INFO  o.a.c.c.C.[Tomcat].[localhost].[/file/handing] - Initializing Spring embedded WebApplicationContext
2022-03-01 16:32:55 [restartedMain] INFO  o.s.b.w.s.c.ServletWebServerApplicationContext - Root WebApplicationContext: initialization completed in 2196 ms
2022-03-01 16:32:55 [restartedMain] INFO  org.hibernate.jpa.internal.util.LogHelper - HHH000204: Processing PersistenceUnitInfo [name: default]
2022-03-01 16:32:55 [restartedMain] INFO  org.hibernate.Version - HHH000412: Hibernate ORM core version 5.4.25.Final
2022-03-01 16:32:56 [restartedMain] INFO  org.hibernate.annotations.common.Version - HCANN000001: Hibernate Commons Annotations {5.1.2.Final}
2022-03-01 16:32:56 [restartedMain] INFO  com.zaxxer.hikari.HikariDataSource - defaultDataSource - Starting...
2022-03-01 16:32:57 [restartedMain] INFO  com.zaxxer.hikari.HikariDataSource - defaultDataSource - Start completed.
2022-03-01 16:32:57 [restartedMain] INFO  org.hibernate.dialect.Dialect - HHH000400: Using dialect: org.hibernate.dialect.MySQL8Dialect
2022-03-01 16:32:57 [restartedMain] INFO  o.h.e.t.jta.platform.internal.JtaPlatformInitiator - HHH000490: Using JtaPlatform implementation: [org.hibernate.engine.transaction.jta.platform.internal.NoJtaPlatform]
2022-03-01 16:32:57 [restartedMain] INFO  o.s.orm.jpa.LocalContainerEntityManagerFactoryBean - Initialized JPA EntityManagerFactory for persistence unit 'default'
2022-03-01 16:32:57 [restartedMain] INFO  o.s.b.d.autoconfigure.OptionalLiveReloadServer - LiveReload server is running on port 35729
2022-03-01 16:32:59 [restartedMain] WARN  o.s.b.a.o.j.JpaBaseConfiguration$JpaWebConfiguration - spring.jpa.open-in-view is enabled by default. Therefore, database queries may be performed during view rendering. Explicitly configure spring.jpa.open-in-view to disable this warning
2022-03-01 16:32:59 [restartedMain] INFO  s.d.s.w.PropertySourcedRequestMappingHandlerMapping - Mapped URL path [/v2/api-docs] onto method [springfox.documentation.swagger2.web.Swagger2Controller#getDocumentation(String, HttpServletRequest)]
2022-03-01 16:32:59 [restartedMain] INFO  o.s.scheduling.concurrent.ThreadPoolTaskExecutor - Initializing ExecutorService 'applicationTaskExecutor'
2022-03-01 16:32:59 [restartedMain] INFO  org.apache.coyote.http11.Http11NioProtocol - Starting ProtocolHandler ["http-nio-8080"]
2022-03-01 16:32:59 [restartedMain] INFO  o.s.boot.web.embedded.tomcat.TomcatWebServer - Tomcat started on port(s): 8080 (http) with context path '/file/handing'
2022-03-01 16:32:59 [restartedMain] INFO  s.d.s.web.plugins.DocumentationPluginsBootstrapper - Context refreshed
2022-03-01 16:32:59 [restartedMain] INFO  s.d.s.web.plugins.DocumentationPluginsBootstrapper - Found 1 custom documentation plugin(s)
2022-03-01 16:32:59 [restartedMain] INFO  s.d.spring.web.scanners.ApiListingReferenceScanner - Scanning for api listing references
2022-03-01 16:32:59 [restartedMain] INFO  com.gyf.filehandling.FileHandlingApplication - Started FileHandlingApplication in 7.201 seconds (JVM running for 9.111)
2022-03-01 16:33:00 [http-nio-8080-exec-1] INFO  o.a.c.c.C.[Tomcat].[localhost].[/file/handing] - Initializing Spring DispatcherServlet 'dispatcherServlet'
2022-03-01 16:33:00 [http-nio-8080-exec-1] INFO  org.springframework.web.servlet.DispatcherServlet - Initializing Servlet 'dispatcherServlet'
2022-03-01 16:33:00 [http-nio-8080-exec-1] INFO  org.springframework.web.servlet.DispatcherServlet - Completed initialization in 11 ms
2022-03-01 16:43:42 [http-nio-8080-exec-5] WARN  o.s.w.s.m.support.DefaultHandlerExceptionResolver - Resolved [org.springframework.web.HttpRequestMethodNotSupportedException: Request method 'GET' not supported]
2022-03-01 16:46:01 [http-nio-8080-exec-8] WARN  o.s.w.s.m.support.DefaultHandlerExceptionResolver - Resolved [org.springframework.web.HttpRequestMethodNotSupportedException: Request method 'GET' not supported]
2022-03-01 16:50:53 [restartedMain] INFO  com.gyf.filehandling.FileHandlingApplication - Starting FileHandlingApplication on DESKTOP-89D0D5U with PID 12220 (C:\Users\22413\IdeaProjects\file-handling\target\classes started by 22413 in C:\Users\22413\IdeaProjects\file-handling)
2022-03-01 16:50:53 [restartedMain] INFO  com.gyf.filehandling.FileHandlingApplication - No active profile set, falling back to default profiles: default
2022-03-01 16:50:53 [restartedMain] INFO  o.s.b.d.env.DevToolsPropertyDefaultsPostProcessor - Devtools property defaults active! Set 'spring.devtools.add-properties' to 'false' to disable
2022-03-01 16:50:53 [restartedMain] INFO  o.s.b.d.env.DevToolsPropertyDefaultsPostProcessor - For additional web related logging consider setting the 'logging.level.web' property to 'DEBUG'
2022-03-01 16:50:54 [restartedMain] INFO  o.s.d.r.config.RepositoryConfigurationDelegate - Multiple Spring Data modules found, entering strict repository configuration mode!
2022-03-01 16:50:54 [restartedMain] INFO  o.s.d.r.config.RepositoryConfigurationDelegate - Bootstrapping Spring Data JPA repositories in DEFAULT mode.
2022-03-01 16:50:54 [restartedMain] INFO  o.s.d.r.config.RepositoryConfigurationDelegate - Finished Spring Data repository scanning in 12ms. Found 0 JPA repository interfaces.
2022-03-01 16:50:54 [restartedMain] INFO  o.s.d.r.config.RepositoryConfigurationDelegate - Multiple Spring Data modules found, entering strict repository configuration mode!
2022-03-01 16:50:54 [restartedMain] INFO  o.s.d.r.config.RepositoryConfigurationDelegate - Bootstrapping Spring Data Redis repositories in DEFAULT mode.
2022-03-01 16:50:54 [restartedMain] INFO  o.s.d.r.config.RepositoryConfigurationDelegate - Finished Spring Data repository scanning in 2ms. Found 0 Redis repository interfaces.
2022-03-01 16:50:54 [restartedMain] INFO  o.s.c.s.PostProcessorRegistrationDelegate$BeanPostProcessorChecker - Bean 'shiroConfig' of type [com.gyf.config.ShiroConfig$$EnhancerBySpringCGLIB$$ba56fe43] is not eligible for getting processed by all BeanPostProcessors (for example: not eligible for auto-proxying)
2022-03-01 16:50:54 [restartedMain] INFO  o.s.c.s.PostProcessorRegistrationDelegate$BeanPostProcessorChecker - Bean 'hashedCredentialsMatcher' of type [org.apache.shiro.authc.credential.HashedCredentialsMatcher] is not eligible for getting processed by all BeanPostProcessors (for example: not eligible for auto-proxying)
2022-03-01 16:50:54 [restartedMain] INFO  o.s.c.s.PostProcessorRegistrationDelegate$BeanPostProcessorChecker - Bean 'myShiroRealm' of type [com.gyf.shiro.ShiroRealm] is not eligible for getting processed by all BeanPostProcessors (for example: not eligible for auto-proxying)
2022-03-01 16:50:54 [restartedMain] INFO  o.s.c.s.PostProcessorRegistrationDelegate$BeanPostProcessorChecker - Bean 'securityManager' of type [org.apache.shiro.web.mgt.DefaultWebSecurityManager] is not eligible for getting processed by all BeanPostProcessors (for example: not eligible for auto-proxying)
2022-03-01 16:50:55 [restartedMain] INFO  o.s.boot.web.embedded.tomcat.TomcatWebServer - Tomcat initialized with port(s): 8080 (http)
2022-03-01 16:50:55 [restartedMain] INFO  org.apache.coyote.http11.Http11NioProtocol - Initializing ProtocolHandler ["http-nio-8080"]
2022-03-01 16:50:55 [restartedMain] INFO  org.apache.catalina.core.StandardService - Starting service [Tomcat]
2022-03-01 16:50:55 [restartedMain] INFO  org.apache.catalina.core.StandardEngine - Starting Servlet engine: [Apache Tomcat/9.0.41]
2022-03-01 16:50:55 [restartedMain] INFO  o.a.c.c.C.[Tomcat].[localhost].[/file/handing] - Initializing Spring embedded WebApplicationContext
2022-03-01 16:50:55 [restartedMain] INFO  o.s.b.w.s.c.ServletWebServerApplicationContext - Root WebApplicationContext: initialization completed in 2506 ms
2022-03-01 16:50:55 [restartedMain] INFO  org.hibernate.jpa.internal.util.LogHelper - HHH000204: Processing PersistenceUnitInfo [name: default]
2022-03-01 16:50:55 [restartedMain] INFO  org.hibernate.Version - HHH000412: Hibernate ORM core version 5.4.25.Final
2022-03-01 16:50:56 [restartedMain] INFO  org.hibernate.annotations.common.Version - HCANN000001: Hibernate Commons Annotations {5.1.2.Final}
2022-03-01 16:50:56 [restartedMain] INFO  com.zaxxer.hikari.HikariDataSource - defaultDataSource - Starting...
2022-03-01 16:50:57 [restartedMain] INFO  com.zaxxer.hikari.HikariDataSource - defaultDataSource - Start completed.
2022-03-01 16:50:57 [restartedMain] INFO  org.hibernate.dialect.Dialect - HHH000400: Using dialect: org.hibernate.dialect.MySQL8Dialect
2022-03-01 16:50:58 [restartedMain] INFO  o.h.e.t.jta.platform.internal.JtaPlatformInitiator - HHH000490: Using JtaPlatform implementation: [org.hibernate.engine.transaction.jta.platform.internal.NoJtaPlatform]
2022-03-01 16:50:58 [restartedMain] INFO  o.s.orm.jpa.LocalContainerEntityManagerFactoryBean - Initialized JPA EntityManagerFactory for persistence unit 'default'
2022-03-01 16:50:58 [restartedMain] INFO  o.s.b.d.autoconfigure.OptionalLiveReloadServer - LiveReload server is running on port 35729
2022-03-01 16:50:59 [restartedMain] WARN  o.s.b.a.o.j.JpaBaseConfiguration$JpaWebConfiguration - spring.jpa.open-in-view is enabled by default. Therefore, database queries may be performed during view rendering. Explicitly configure spring.jpa.open-in-view to disable this warning
2022-03-01 16:50:59 [restartedMain] INFO  s.d.s.w.PropertySourcedRequestMappingHandlerMapping - Mapped URL path [/v2/api-docs] onto method [springfox.documentation.swagger2.web.Swagger2Controller#getDocumentation(String, HttpServletRequest)]
2022-03-01 16:50:59 [restartedMain] INFO  o.s.scheduling.concurrent.ThreadPoolTaskExecutor - Initializing ExecutorService 'applicationTaskExecutor'
2022-03-01 16:51:00 [restartedMain] INFO  org.apache.coyote.http11.Http11NioProtocol - Starting ProtocolHandler ["http-nio-8080"]
2022-03-01 16:51:00 [restartedMain] INFO  o.s.boot.web.embedded.tomcat.TomcatWebServer - Tomcat started on port(s): 8080 (http) with context path '/file/handing'
2022-03-01 16:51:00 [restartedMain] INFO  s.d.s.web.plugins.DocumentationPluginsBootstrapper - Context refreshed
2022-03-01 16:51:00 [restartedMain] INFO  s.d.s.web.plugins.DocumentationPluginsBootstrapper - Found 1 custom documentation plugin(s)
2022-03-01 16:51:00 [restartedMain] INFO  s.d.spring.web.scanners.ApiListingReferenceScanner - Scanning for api listing references
2022-03-01 16:51:00 [restartedMain] INFO  com.gyf.filehandling.FileHandlingApplication - Started FileHandlingApplication in 8.026 seconds (JVM running for 10.54)
2022-03-01 16:51:15 [http-nio-8080-exec-1] INFO  o.a.c.c.C.[Tomcat].[localhost].[/file/handing] - Initializing Spring DispatcherServlet 'dispatcherServlet'
2022-03-01 16:51:15 [http-nio-8080-exec-1] INFO  org.springframework.web.servlet.DispatcherServlet - Initializing Servlet 'dispatcherServlet'
2022-03-01 16:51:15 [http-nio-8080-exec-1] INFO  org.springframework.web.servlet.DispatcherServlet - Completed initialization in 15 ms
2022-03-01 16:51:51 [restartedMain] INFO  com.gyf.filehandling.FileHandlingApplication - Starting FileHandlingApplication on DESKTOP-89D0D5U with PID 4308 (C:\Users\22413\IdeaProjects\file-handling\target\classes started by 22413 in C:\Users\22413\IdeaProjects\file-handling)
2022-03-01 16:51:51 [restartedMain] INFO  com.gyf.filehandling.FileHandlingApplication - No active profile set, falling back to default profiles: default
2022-03-01 16:51:51 [restartedMain] INFO  o.s.b.d.env.DevToolsPropertyDefaultsPostProcessor - Devtools property defaults active! Set 'spring.devtools.add-properties' to 'false' to disable
2022-03-01 16:51:51 [restartedMain] INFO  o.s.b.d.env.DevToolsPropertyDefaultsPostProcessor - For additional web related logging consider setting the 'logging.level.web' property to 'DEBUG'
2022-03-01 16:51:53 [restartedMain] INFO  o.s.d.r.config.RepositoryConfigurationDelegate - Multiple Spring Data modules found, entering strict repository configuration mode!
2022-03-01 16:51:53 [restartedMain] INFO  o.s.d.r.config.RepositoryConfigurationDelegate - Bootstrapping Spring Data JPA repositories in DEFAULT mode.
2022-03-01 16:51:54 [restartedMain] INFO  o.s.d.r.config.RepositoryConfigurationDelegate - Finished Spring Data repository scanning in 210ms. Found 0 JPA repository interfaces.
2022-03-01 16:51:54 [restartedMain] INFO  o.s.d.r.config.RepositoryConfigurationDelegate - Multiple Spring Data modules found, entering strict repository configuration mode!
2022-03-01 16:51:54 [restartedMain] INFO  o.s.d.r.config.RepositoryConfigurationDelegate - Bootstrapping Spring Data Redis repositories in DEFAULT mode.
2022-03-01 16:51:54 [restartedMain] INFO  o.s.d.r.config.RepositoryConfigurationDelegate - Finished Spring Data repository scanning in 70ms. Found 0 Redis repository interfaces.
2022-03-01 16:51:54 [restartedMain] INFO  o.s.c.s.PostProcessorRegistrationDelegate$BeanPostProcessorChecker - Bean 'shiroConfig' of type [com.gyf.config.ShiroConfig$$EnhancerBySpringCGLIB$$d4afba5] is not eligible for getting processed by all BeanPostProcessors (for example: not eligible for auto-proxying)
2022-03-01 16:51:54 [restartedMain] INFO  o.s.c.s.PostProcessorRegistrationDelegate$BeanPostProcessorChecker - Bean 'hashedCredentialsMatcher' of type [org.apache.shiro.authc.credential.HashedCredentialsMatcher] is not eligible for getting processed by all BeanPostProcessors (for example: not eligible for auto-proxying)
2022-03-01 16:51:54 [restartedMain] INFO  o.s.c.s.PostProcessorRegistrationDelegate$BeanPostProcessorChecker - Bean 'myShiroRealm' of type [com.gyf.shiro.ShiroRealm] is not eligible for getting processed by all BeanPostProcessors (for example: not eligible for auto-proxying)
2022-03-01 16:51:54 [restartedMain] INFO  o.s.c.s.PostProcessorRegistrationDelegate$BeanPostProcessorChecker - Bean 'securityManager' of type [org.apache.shiro.web.mgt.DefaultWebSecurityManager] is not eligible for getting processed by all BeanPostProcessors (for example: not eligible for auto-proxying)
2022-03-01 16:51:55 [restartedMain] INFO  o.s.boot.web.embedded.tomcat.TomcatWebServer - Tomcat initialized with port(s): 8080 (http)
2022-03-01 16:51:55 [restartedMain] INFO  org.apache.coyote.http11.Http11NioProtocol - Initializing ProtocolHandler ["http-nio-8080"]
2022-03-01 16:51:55 [restartedMain] INFO  org.apache.catalina.core.StandardService - Starting service [Tomcat]
2022-03-01 16:51:55 [restartedMain] INFO  org.apache.catalina.core.StandardEngine - Starting Servlet engine: [Apache Tomcat/9.0.41]
2022-03-01 16:51:55 [restartedMain] INFO  o.a.c.c.C.[Tomcat].[localhost].[/file/handing] - Initializing Spring embedded WebApplicationContext
2022-03-01 16:51:55 [restartedMain] INFO  o.s.b.w.s.c.ServletWebServerApplicationContext - Root WebApplicationContext: initialization completed in 4173 ms
2022-03-01 16:51:55 [restartedMain] INFO  org.hibernate.jpa.internal.util.LogHelper - HHH000204: Processing PersistenceUnitInfo [name: default]
2022-03-01 16:51:55 [restartedMain] INFO  org.hibernate.Version - HHH000412: Hibernate ORM core version 5.4.25.Final
2022-03-01 16:51:55 [restartedMain] INFO  org.hibernate.annotations.common.Version - HCANN000001: Hibernate Commons Annotations {5.1.2.Final}
2022-03-01 16:51:56 [restartedMain] INFO  com.zaxxer.hikari.HikariDataSource - defaultDataSource - Starting...
2022-03-01 16:51:56 [restartedMain] INFO  com.zaxxer.hikari.HikariDataSource - defaultDataSource - Start completed.
2022-03-01 16:51:56 [restartedMain] INFO  org.hibernate.dialect.Dialect - HHH000400: Using dialect: org.hibernate.dialect.MySQL8Dialect
2022-03-01 16:51:57 [restartedMain] INFO  o.h.e.t.jta.platform.internal.JtaPlatformInitiator - HHH000490: Using JtaPlatform implementation: [org.hibernate.engine.transaction.jta.platform.internal.NoJtaPlatform]
2022-03-01 16:51:57 [restartedMain] INFO  o.s.orm.jpa.LocalContainerEntityManagerFactoryBean - Initialized JPA EntityManagerFactory for persistence unit 'default'
2022-03-01 16:51:57 [restartedMain] INFO  o.s.b.d.autoconfigure.OptionalLiveReloadServer - LiveReload server is running on port 35729
2022-03-01 16:51:59 [restartedMain] WARN  o.s.b.a.o.j.JpaBaseConfiguration$JpaWebConfiguration - spring.jpa.open-in-view is enabled by default. Therefore, database queries may be performed during view rendering. Explicitly configure spring.jpa.open-in-view to disable this warning
2022-03-01 16:51:59 [restartedMain] INFO  s.d.s.w.PropertySourcedRequestMappingHandlerMapping - Mapped URL path [/v2/api-docs] onto method [springfox.documentation.swagger2.web.Swagger2Controller#getDocumentation(String, HttpServletRequest)]
2022-03-01 16:51:59 [restartedMain] INFO  o.s.scheduling.concurrent.ThreadPoolTaskExecutor - Initializing ExecutorService 'applicationTaskExecutor'
2022-03-01 16:52:00 [restartedMain] INFO  org.apache.coyote.http11.Http11NioProtocol - Starting ProtocolHandler ["http-nio-8080"]
2022-03-01 16:52:00 [restartedMain] INFO  o.s.boot.web.embedded.tomcat.TomcatWebServer - Tomcat started on port(s): 8080 (http) with context path '/file/handing'
2022-03-01 16:52:00 [restartedMain] INFO  s.d.s.web.plugins.DocumentationPluginsBootstrapper - Context refreshed
2022-03-01 16:52:01 [restartedMain] INFO  s.d.s.web.plugins.DocumentationPluginsBootstrapper - Found 1 custom documentation plugin(s)
2022-03-01 16:52:01 [restartedMain] INFO  s.d.spring.web.scanners.ApiListingReferenceScanner - Scanning for api listing references
2022-03-01 16:52:01 [restartedMain] INFO  com.gyf.filehandling.FileHandlingApplication - Started FileHandlingApplication in 10.176 seconds (JVM running for 12.177)
2022-03-01 16:52:22 [http-nio-8080-exec-1] INFO  o.a.c.c.C.[Tomcat].[localhost].[/file/handing] - Initializing Spring DispatcherServlet 'dispatcherServlet'
2022-03-01 16:52:22 [http-nio-8080-exec-1] INFO  org.springframework.web.servlet.DispatcherServlet - Initializing Servlet 'dispatcherServlet'
2022-03-01 16:52:22 [http-nio-8080-exec-1] INFO  org.springframework.web.servlet.DispatcherServlet - Completed initialization in 7 ms
2022-03-01 16:53:16 [restartedMain] INFO  com.gyf.filehandling.FileHandlingApplication - Starting FileHandlingApplication on DESKTOP-89D0D5U with PID 12212 (C:\Users\22413\IdeaProjects\file-handling\target\classes started by 22413 in C:\Users\22413\IdeaProjects\file-handling)
2022-03-01 16:53:16 [restartedMain] INFO  com.gyf.filehandling.FileHandlingApplication - No active profile set, falling back to default profiles: default
2022-03-01 16:53:16 [restartedMain] INFO  o.s.b.d.env.DevToolsPropertyDefaultsPostProcessor - Devtools property defaults active! Set 'spring.devtools.add-properties' to 'false' to disable
2022-03-01 16:53:16 [restartedMain] INFO  o.s.b.d.env.DevToolsPropertyDefaultsPostProcessor - For additional web related logging consider setting the 'logging.level.web' property to 'DEBUG'
2022-03-01 16:53:17 [restartedMain] INFO  o.s.d.r.config.RepositoryConfigurationDelegate - Multiple Spring Data modules found, entering strict repository configuration mode!
2022-03-01 16:53:17 [restartedMain] INFO  o.s.d.r.config.RepositoryConfigurationDelegate - Bootstrapping Spring Data JPA repositories in DEFAULT mode.
2022-03-01 16:53:17 [restartedMain] INFO  o.s.d.r.config.RepositoryConfigurationDelegate - Finished Spring Data repository scanning in 12ms. Found 0 JPA repository interfaces.
2022-03-01 16:53:17 [restartedMain] INFO  o.s.d.r.config.RepositoryConfigurationDelegate - Multiple Spring Data modules found, entering strict repository configuration mode!
2022-03-01 16:53:17 [restartedMain] INFO  o.s.d.r.config.RepositoryConfigurationDelegate - Bootstrapping Spring Data Redis repositories in DEFAULT mode.
2022-03-01 16:53:17 [restartedMain] INFO  o.s.d.r.config.RepositoryConfigurationDelegate - Finished Spring Data repository scanning in 1ms. Found 0 Redis repository interfaces.
2022-03-01 16:53:17 [restartedMain] INFO  o.s.c.s.PostProcessorRegistrationDelegate$BeanPostProcessorChecker - Bean 'shiroConfig' of type [com.gyf.config.ShiroConfig$$EnhancerBySpringCGLIB$$9f0f0aeb] is not eligible for getting processed by all BeanPostProcessors (for example: not eligible for auto-proxying)
2022-03-01 16:53:17 [restartedMain] INFO  o.s.c.s.PostProcessorRegistrationDelegate$BeanPostProcessorChecker - Bean 'hashedCredentialsMatcher' of type [org.apache.shiro.authc.credential.HashedCredentialsMatcher] is not eligible for getting processed by all BeanPostProcessors (for example: not eligible for auto-proxying)
2022-03-01 16:53:17 [restartedMain] INFO  o.s.c.s.PostProcessorRegistrationDelegate$BeanPostProcessorChecker - Bean 'myShiroRealm' of type [com.gyf.shiro.ShiroRealm] is not eligible for getting processed by all BeanPostProcessors (for example: not eligible for auto-proxying)
2022-03-01 16:53:17 [restartedMain] INFO  o.s.c.s.PostProcessorRegistrationDelegate$BeanPostProcessorChecker - Bean 'securityManager' of type [org.apache.shiro.web.mgt.DefaultWebSecurityManager] is not eligible for getting processed by all BeanPostProcessors (for example: not eligible for auto-proxying)
2022-03-01 16:53:18 [restartedMain] INFO  o.s.boot.web.embedded.tomcat.TomcatWebServer - Tomcat initialized with port(s): 8080 (http)
2022-03-01 16:53:18 [restartedMain] INFO  org.apache.coyote.http11.Http11NioProtocol - Initializing ProtocolHandler ["http-nio-8080"]
2022-03-01 16:53:18 [restartedMain] INFO  org.apache.catalina.core.StandardService - Starting service [Tomcat]
2022-03-01 16:53:18 [restartedMain] INFO  org.apache.catalina.core.StandardEngine - Starting Servlet engine: [Apache Tomcat/9.0.41]
2022-03-01 16:53:18 [restartedMain] INFO  o.a.c.c.C.[Tomcat].[localhost].[/file/handing] - Initializing Spring embedded WebApplicationContext
2022-03-01 16:53:18 [restartedMain] INFO  o.s.b.w.s.c.ServletWebServerApplicationContext - Root WebApplicationContext: initialization completed in 1997 ms
2022-03-01 16:53:18 [restartedMain] INFO  org.hibernate.jpa.internal.util.LogHelper - HHH000204: Processing PersistenceUnitInfo [name: default]
2022-03-01 16:53:18 [restartedMain] INFO  org.hibernate.Version - HHH000412: Hibernate ORM core version 5.4.25.Final
2022-03-01 16:53:18 [restartedMain] INFO  org.hibernate.annotations.common.Version - HCANN000001: Hibernate Commons Annotations {5.1.2.Final}
2022-03-01 16:53:18 [restartedMain] INFO  com.zaxxer.hikari.HikariDataSource - defaultDataSource - Starting...
2022-03-01 16:53:19 [restartedMain] INFO  com.zaxxer.hikari.HikariDataSource - defaultDataSource - Start completed.
2022-03-01 16:53:19 [restartedMain] INFO  org.hibernate.dialect.Dialect - HHH000400: Using dialect: org.hibernate.dialect.MySQL8Dialect
2022-03-01 16:53:20 [restartedMain] INFO  o.h.e.t.jta.platform.internal.JtaPlatformInitiator - HHH000490: Using JtaPlatform implementation: [org.hibernate.engine.transaction.jta.platform.internal.NoJtaPlatform]
2022-03-01 16:53:20 [restartedMain] INFO  o.s.orm.jpa.LocalContainerEntityManagerFactoryBean - Initialized JPA EntityManagerFactory for persistence unit 'default'
2022-03-01 16:53:20 [restartedMain] INFO  o.s.b.d.autoconfigure.OptionalLiveReloadServer - LiveReload server is running on port 35729
2022-03-01 16:53:21 [restartedMain] WARN  o.s.b.a.o.j.JpaBaseConfiguration$JpaWebConfiguration - spring.jpa.open-in-view is enabled by default. Therefore, database queries may be performed during view rendering. Explicitly configure spring.jpa.open-in-view to disable this warning
2022-03-01 16:53:21 [restartedMain] INFO  s.d.s.w.PropertySourcedRequestMappingHandlerMapping - Mapped URL path [/v2/api-docs] onto method [springfox.documentation.swagger2.web.Swagger2Controller#getDocumentation(String, HttpServletRequest)]
2022-03-01 16:53:22 [restartedMain] INFO  o.s.scheduling.concurrent.ThreadPoolTaskExecutor - Initializing ExecutorService 'applicationTaskExecutor'
2022-03-01 16:53:22 [restartedMain] INFO  org.apache.coyote.http11.Http11NioProtocol - Starting ProtocolHandler ["http-nio-8080"]
2022-03-01 16:53:22 [restartedMain] INFO  o.s.boot.web.embedded.tomcat.TomcatWebServer - Tomcat started on port(s): 8080 (http) with context path '/file/handing'
2022-03-01 16:53:22 [restartedMain] INFO  s.d.s.web.plugins.DocumentationPluginsBootstrapper - Context refreshed
2022-03-01 16:53:22 [restartedMain] INFO  s.d.s.web.plugins.DocumentationPluginsBootstrapper - Found 1 custom documentation plugin(s)
2022-03-01 16:53:22 [restartedMain] INFO  s.d.spring.web.scanners.ApiListingReferenceScanner - Scanning for api listing references
2022-03-01 16:53:22 [restartedMain] INFO  com.gyf.filehandling.FileHandlingApplication - Started FileHandlingApplication in 6.541 seconds (JVM running for 8.456)
2022-03-01 16:54:24 [http-nio-8080-exec-1] INFO  o.a.c.c.C.[Tomcat].[localhost].[/file/handing] - Initializing Spring DispatcherServlet 'dispatcherServlet'
2022-03-01 16:54:24 [http-nio-8080-exec-1] INFO  org.springframework.web.servlet.DispatcherServlet - Initializing Servlet 'dispatcherServlet'
2022-03-01 16:54:24 [http-nio-8080-exec-1] INFO  org.springframework.web.servlet.DispatcherServlet - Completed initialization in 7 ms
2022-03-01 17:14:28 [restartedMain] INFO  com.gyf.filehandling.FileHandlingApplication - Starting FileHandlingApplication on DESKTOP-89D0D5U with PID 3272 (C:\Users\22413\IdeaProjects\file-handling\target\classes started by 22413 in C:\Users\22413\IdeaProjects\file-handling)
2022-03-01 17:14:28 [restartedMain] INFO  com.gyf.filehandling.FileHandlingApplication - No active profile set, falling back to default profiles: default
2022-03-01 17:14:28 [restartedMain] INFO  o.s.b.d.env.DevToolsPropertyDefaultsPostProcessor - Devtools property defaults active! Set 'spring.devtools.add-properties' to 'false' to disable
2022-03-01 17:14:28 [restartedMain] INFO  o.s.b.d.env.DevToolsPropertyDefaultsPostProcessor - For additional web related logging consider setting the 'logging.level.web' property to 'DEBUG'
2022-03-01 17:14:29 [restartedMain] INFO  o.s.d.r.config.RepositoryConfigurationDelegate - Multiple Spring Data modules found, entering strict repository configuration mode!
2022-03-01 17:14:29 [restartedMain] INFO  o.s.d.r.config.RepositoryConfigurationDelegate - Bootstrapping Spring Data JPA repositories in DEFAULT mode.
2022-03-01 17:14:29 [restartedMain] INFO  o.s.d.r.config.RepositoryConfigurationDelegate - Finished Spring Data repository scanning in 12ms. Found 0 JPA repository interfaces.
2022-03-01 17:14:29 [restartedMain] INFO  o.s.d.r.config.RepositoryConfigurationDelegate - Multiple Spring Data modules found, entering strict repository configuration mode!
2022-03-01 17:14:29 [restartedMain] INFO  o.s.d.r.config.RepositoryConfigurationDelegate - Bootstrapping Spring Data Redis repositories in DEFAULT mode.
2022-03-01 17:14:29 [restartedMain] INFO  o.s.d.r.config.RepositoryConfigurationDelegate - Finished Spring Data repository scanning in 1ms. Found 0 Redis repository interfaces.
2022-03-01 17:14:30 [restartedMain] INFO  o.s.c.s.PostProcessorRegistrationDelegate$BeanPostProcessorChecker - Bean 'shiroConfig' of type [com.gyf.config.ShiroConfig$$EnhancerBySpringCGLIB$$6d62eb32] is not eligible for getting processed by all BeanPostProcessors (for example: not eligible for auto-proxying)
2022-03-01 17:14:30 [restartedMain] INFO  o.s.c.s.PostProcessorRegistrationDelegate$BeanPostProcessorChecker - Bean 'hashedCredentialsMatcher' of type [org.apache.shiro.authc.credential.HashedCredentialsMatcher] is not eligible for getting processed by all BeanPostProcessors (for example: not eligible for auto-proxying)
2022-03-01 17:14:30 [restartedMain] INFO  o.s.c.s.PostProcessorRegistrationDelegate$BeanPostProcessorChecker - Bean 'myShiroRealm' of type [com.gyf.shiro.ShiroRealm] is not eligible for getting processed by all BeanPostProcessors (for example: not eligible for auto-proxying)
2022-03-01 17:14:30 [restartedMain] INFO  o.s.c.s.PostProcessorRegistrationDelegate$BeanPostProcessorChecker - Bean 'securityManager' of type [org.apache.shiro.web.mgt.DefaultWebSecurityManager] is not eligible for getting processed by all BeanPostProcessors (for example: not eligible for auto-proxying)
2022-03-01 17:14:30 [restartedMain] INFO  o.s.boot.web.embedded.tomcat.TomcatWebServer - Tomcat initialized with port(s): 8080 (http)
2022-03-01 17:14:30 [restartedMain] INFO  org.apache.coyote.http11.Http11NioProtocol - Initializing ProtocolHandler ["http-nio-8080"]
2022-03-01 17:14:30 [restartedMain] INFO  org.apache.catalina.core.StandardService - Starting service [Tomcat]
2022-03-01 17:14:30 [restartedMain] INFO  org.apache.catalina.core.StandardEngine - Starting Servlet engine: [Apache Tomcat/9.0.41]
2022-03-01 17:14:30 [restartedMain] INFO  o.a.c.c.C.[Tomcat].[localhost].[/file/handing] - Initializing Spring embedded WebApplicationContext
2022-03-01 17:14:30 [restartedMain] INFO  o.s.b.w.s.c.ServletWebServerApplicationContext - Root WebApplicationContext: initialization completed in 2044 ms
2022-03-01 17:14:31 [restartedMain] INFO  org.hibernate.jpa.internal.util.LogHelper - HHH000204: Processing PersistenceUnitInfo [name: default]
2022-03-01 17:14:31 [restartedMain] INFO  org.hibernate.Version - HHH000412: Hibernate ORM core version 5.4.25.Final
2022-03-01 17:14:31 [restartedMain] INFO  org.hibernate.annotations.common.Version - HCANN000001: Hibernate Commons Annotations {5.1.2.Final}
2022-03-01 17:14:31 [restartedMain] INFO  com.zaxxer.hikari.HikariDataSource - defaultDataSource - Starting...
2022-03-01 17:14:32 [restartedMain] INFO  com.zaxxer.hikari.HikariDataSource - defaultDataSource - Start completed.
2022-03-01 17:14:32 [restartedMain] INFO  org.hibernate.dialect.Dialect - HHH000400: Using dialect: org.hibernate.dialect.MySQL8Dialect
2022-03-01 17:14:32 [restartedMain] INFO  o.h.e.t.jta.platform.internal.JtaPlatformInitiator - HHH000490: Using JtaPlatform implementation: [org.hibernate.engine.transaction.jta.platform.internal.NoJtaPlatform]
2022-03-01 17:14:32 [restartedMain] INFO  o.s.orm.jpa.LocalContainerEntityManagerFactoryBean - Initialized JPA EntityManagerFactory for persistence unit 'default'
2022-03-01 17:14:32 [restartedMain] INFO  o.s.b.d.autoconfigure.OptionalLiveReloadServer - LiveReload server is running on port 35729
2022-03-01 17:14:33 [restartedMain] WARN  o.s.b.a.o.j.JpaBaseConfiguration$JpaWebConfiguration - spring.jpa.open-in-view is enabled by default. Therefore, database queries may be performed during view rendering. Explicitly configure spring.jpa.open-in-view to disable this warning
2022-03-01 17:14:34 [restartedMain] INFO  s.d.s.w.PropertySourcedRequestMappingHandlerMapping - Mapped URL path [/v2/api-docs] onto method [springfox.documentation.swagger2.web.Swagger2Controller#getDocumentation(String, HttpServletRequest)]
2022-03-01 17:14:34 [restartedMain] INFO  o.s.scheduling.concurrent.ThreadPoolTaskExecutor - Initializing ExecutorService 'applicationTaskExecutor'
2022-03-01 17:14:34 [restartedMain] INFO  org.apache.coyote.http11.Http11NioProtocol - Starting ProtocolHandler ["http-nio-8080"]
2022-03-01 17:14:34 [restartedMain] INFO  o.s.boot.web.embedded.tomcat.TomcatWebServer - Tomcat started on port(s): 8080 (http) with context path '/file/handing'
2022-03-01 17:14:34 [restartedMain] INFO  s.d.s.web.plugins.DocumentationPluginsBootstrapper - Context refreshed
2022-03-01 17:14:34 [restartedMain] INFO  s.d.s.web.plugins.DocumentationPluginsBootstrapper - Found 1 custom documentation plugin(s)
2022-03-01 17:14:34 [restartedMain] INFO  s.d.spring.web.scanners.ApiListingReferenceScanner - Scanning for api listing references
2022-03-01 17:14:34 [restartedMain] INFO  com.gyf.filehandling.FileHandlingApplication - Started FileHandlingApplication in 6.441 seconds (JVM running for 8.575)
2022-03-01 17:15:45 [http-nio-8080-exec-1] INFO  o.a.c.c.C.[Tomcat].[localhost].[/file/handing] - Initializing Spring DispatcherServlet 'dispatcherServlet'
2022-03-01 17:15:45 [http-nio-8080-exec-1] INFO  org.springframework.web.servlet.DispatcherServlet - Initializing Servlet 'dispatcherServlet'
2022-03-01 17:15:45 [http-nio-8080-exec-1] INFO  org.springframework.web.servlet.DispatcherServlet - Completed initialization in 8 ms
2022-03-01 17:16:42 [restartedMain] INFO  com.gyf.filehandling.FileHandlingApplication - Starting FileHandlingApplication on DESKTOP-89D0D5U with PID 2252 (C:\Users\22413\IdeaProjects\file-handling\target\classes started by 22413 in C:\Users\22413\IdeaProjects\file-handling)
2022-03-01 17:16:42 [restartedMain] INFO  com.gyf.filehandling.FileHandlingApplication - No active profile set, falling back to default profiles: default
2022-03-01 17:16:42 [restartedMain] INFO  o.s.b.d.env.DevToolsPropertyDefaultsPostProcessor - Devtools property defaults active! Set 'spring.devtools.add-properties' to 'false' to disable
2022-03-01 17:16:42 [restartedMain] INFO  o.s.b.d.env.DevToolsPropertyDefaultsPostProcessor - For additional web related logging consider setting the 'logging.level.web' property to 'DEBUG'
2022-03-01 17:16:43 [restartedMain] INFO  o.s.d.r.config.RepositoryConfigurationDelegate - Multiple Spring Data modules found, entering strict repository configuration mode!
2022-03-01 17:16:43 [restartedMain] INFO  o.s.d.r.config.RepositoryConfigurationDelegate - Bootstrapping Spring Data JPA repositories in DEFAULT mode.
2022-03-01 17:16:43 [restartedMain] INFO  o.s.d.r.config.RepositoryConfigurationDelegate - Finished Spring Data repository scanning in 12ms. Found 0 JPA repository interfaces.
2022-03-01 17:16:43 [restartedMain] INFO  o.s.d.r.config.RepositoryConfigurationDelegate - Multiple Spring Data modules found, entering strict repository configuration mode!
2022-03-01 17:16:43 [restartedMain] INFO  o.s.d.r.config.RepositoryConfigurationDelegate - Bootstrapping Spring Data Redis repositories in DEFAULT mode.
2022-03-01 17:16:43 [restartedMain] INFO  o.s.d.r.config.RepositoryConfigurationDelegate - Finished Spring Data repository scanning in 1ms. Found 0 Redis repository interfaces.
2022-03-01 17:16:43 [restartedMain] INFO  o.s.c.s.PostProcessorRegistrationDelegate$BeanPostProcessorChecker - Bean 'shiroConfig' of type [com.gyf.config.ShiroConfig$$EnhancerBySpringCGLIB$$96720a4e] is not eligible for getting processed by all BeanPostProcessors (for example: not eligible for auto-proxying)
2022-03-01 17:16:43 [restartedMain] INFO  o.s.c.s.PostProcessorRegistrationDelegate$BeanPostProcessorChecker - Bean 'hashedCredentialsMatcher' of type [org.apache.shiro.authc.credential.HashedCredentialsMatcher] is not eligible for getting processed by all BeanPostProcessors (for example: not eligible for auto-proxying)
2022-03-01 17:16:43 [restartedMain] INFO  o.s.c.s.PostProcessorRegistrationDelegate$BeanPostProcessorChecker - Bean 'myShiroRealm' of type [com.gyf.shiro.ShiroRealm] is not eligible for getting processed by all BeanPostProcessors (for example: not eligible for auto-proxying)
2022-03-01 17:16:43 [restartedMain] INFO  o.s.c.s.PostProcessorRegistrationDelegate$BeanPostProcessorChecker - Bean 'securityManager' of type [org.apache.shiro.web.mgt.DefaultWebSecurityManager] is not eligible for getting processed by all BeanPostProcessors (for example: not eligible for auto-proxying)
2022-03-01 17:16:43 [restartedMain] INFO  o.s.boot.web.embedded.tomcat.TomcatWebServer - Tomcat initialized with port(s): 8080 (http)
2022-03-01 17:16:43 [restartedMain] INFO  org.apache.coyote.http11.Http11NioProtocol - Initializing ProtocolHandler ["http-nio-8080"]
2022-03-01 17:16:43 [restartedMain] INFO  org.apache.catalina.core.StandardService - Starting service [Tomcat]
2022-03-01 17:16:43 [restartedMain] INFO  org.apache.catalina.core.StandardEngine - Starting Servlet engine: [Apache Tomcat/9.0.41]
2022-03-01 17:16:44 [restartedMain] INFO  o.a.c.c.C.[Tomcat].[localhost].[/file/handing] - Initializing Spring embedded WebApplicationContext
2022-03-01 17:16:44 [restartedMain] INFO  o.s.b.w.s.c.ServletWebServerApplicationContext - Root WebApplicationContext: initialization completed in 2007 ms
2022-03-01 17:16:44 [restartedMain] INFO  org.hibernate.jpa.internal.util.LogHelper - HHH000204: Processing PersistenceUnitInfo [name: default]
2022-03-01 17:16:44 [restartedMain] INFO  org.hibernate.Version - HHH000412: Hibernate ORM core version 5.4.25.Final
2022-03-01 17:16:44 [restartedMain] INFO  org.hibernate.annotations.common.Version - HCANN000001: Hibernate Commons Annotations {5.1.2.Final}
2022-03-01 17:16:44 [restartedMain] INFO  com.zaxxer.hikari.HikariDataSource - defaultDataSource - Starting...
2022-03-01 17:16:45 [restartedMain] INFO  com.zaxxer.hikari.HikariDataSource - defaultDataSource - Start completed.
2022-03-01 17:16:45 [restartedMain] INFO  org.hibernate.dialect.Dialect - HHH000400: Using dialect: org.hibernate.dialect.MySQL8Dialect
2022-03-01 17:16:45 [restartedMain] INFO  o.h.e.t.jta.platform.internal.JtaPlatformInitiator - HHH000490: Using JtaPlatform implementation: [org.hibernate.engine.transaction.jta.platform.internal.NoJtaPlatform]
2022-03-01 17:16:45 [restartedMain] INFO  o.s.orm.jpa.LocalContainerEntityManagerFactoryBean - Initialized JPA EntityManagerFactory for persistence unit 'default'
2022-03-01 17:16:45 [restartedMain] INFO  o.s.b.d.autoconfigure.OptionalLiveReloadServer - LiveReload server is running on port 35729
2022-03-01 17:16:47 [restartedMain] WARN  o.s.b.a.o.j.JpaBaseConfiguration$JpaWebConfiguration - spring.jpa.open-in-view is enabled by default. Therefore, database queries may be performed during view rendering. Explicitly configure spring.jpa.open-in-view to disable this warning
2022-03-01 17:16:47 [restartedMain] INFO  s.d.s.w.PropertySourcedRequestMappingHandlerMapping - Mapped URL path [/v2/api-docs] onto method [springfox.documentation.swagger2.web.Swagger2Controller#getDocumentation(String, HttpServletRequest)]
2022-03-01 17:16:47 [restartedMain] INFO  o.s.scheduling.concurrent.ThreadPoolTaskExecutor - Initializing ExecutorService 'applicationTaskExecutor'
2022-03-01 17:16:47 [restartedMain] INFO  org.apache.coyote.http11.Http11NioProtocol - Starting ProtocolHandler ["http-nio-8080"]
2022-03-01 17:16:47 [restartedMain] INFO  o.s.boot.web.embedded.tomcat.TomcatWebServer - Tomcat started on port(s): 8080 (http) with context path '/file/handing'
2022-03-01 17:16:47 [restartedMain] INFO  s.d.s.web.plugins.DocumentationPluginsBootstrapper - Context refreshed
2022-03-01 17:16:47 [restartedMain] INFO  s.d.s.web.plugins.DocumentationPluginsBootstrapper - Found 1 custom documentation plugin(s)
2022-03-01 17:16:47 [restartedMain] INFO  s.d.spring.web.scanners.ApiListingReferenceScanner - Scanning for api listing references
2022-03-01 17:16:47 [restartedMain] WARN  s.d.s.w.readers.parameter.ParameterDataTypeReader - Trying to infer dataType org.springframework.web.multipart.MultipartFile[]
2022-03-01 17:16:47 [restartedMain] INFO  com.gyf.filehandling.FileHandlingApplication - Started FileHandlingApplication in 6.213 seconds (JVM running for 8.275)
2022-03-01 17:17:57 [http-nio-8080-exec-1] INFO  o.a.c.c.C.[Tomcat].[localhost].[/file/handing] - Initializing Spring DispatcherServlet 'dispatcherServlet'
2022-03-01 17:17:57 [http-nio-8080-exec-1] INFO  org.springframework.web.servlet.DispatcherServlet - Initializing Servlet 'dispatcherServlet'
2022-03-01 17:17:57 [http-nio-8080-exec-1] INFO  org.springframework.web.servlet.DispatcherServlet - Completed initialization in 8 ms
2022-03-01 17:22:39 [restartedMain] INFO  com.gyf.filehandling.FileHandlingApplication - Starting FileHandlingApplication on DESKTOP-89D0D5U with PID 836 (C:\Users\22413\IdeaProjects\file-handling\target\classes started by 22413 in C:\Users\22413\IdeaProjects\file-handling)
2022-03-01 17:22:39 [restartedMain] INFO  com.gyf.filehandling.FileHandlingApplication - No active profile set, falling back to default profiles: default
2022-03-01 17:22:39 [restartedMain] INFO  o.s.b.d.env.DevToolsPropertyDefaultsPostProcessor - Devtools property defaults active! Set 'spring.devtools.add-properties' to 'false' to disable
2022-03-01 17:22:39 [restartedMain] INFO  o.s.b.d.env.DevToolsPropertyDefaultsPostProcessor - For additional web related logging consider setting the 'logging.level.web' property to 'DEBUG'
2022-03-01 17:22:40 [restartedMain] INFO  o.s.d.r.config.RepositoryConfigurationDelegate - Multiple Spring Data modules found, entering strict repository configuration mode!
2022-03-01 17:22:40 [restartedMain] INFO  o.s.d.r.config.RepositoryConfigurationDelegate - Bootstrapping Spring Data JPA repositories in DEFAULT mode.
2022-03-01 17:22:40 [restartedMain] INFO  o.s.d.r.config.RepositoryConfigurationDelegate - Finished Spring Data repository scanning in 12ms. Found 0 JPA repository interfaces.
2022-03-01 17:22:40 [restartedMain] INFO  o.s.d.r.config.RepositoryConfigurationDelegate - Multiple Spring Data modules found, entering strict repository configuration mode!
2022-03-01 17:22:40 [restartedMain] INFO  o.s.d.r.config.RepositoryConfigurationDelegate - Bootstrapping Spring Data Redis repositories in DEFAULT mode.
2022-03-01 17:22:40 [restartedMain] INFO  o.s.d.r.config.RepositoryConfigurationDelegate - Finished Spring Data repository scanning in 2ms. Found 0 Redis repository interfaces.
2022-03-01 17:22:40 [restartedMain] INFO  o.s.c.s.PostProcessorRegistrationDelegate$BeanPostProcessorChecker - Bean 'shiroConfig' of type [com.gyf.config.ShiroConfig$$EnhancerBySpringCGLIB$$2eba666d] is not eligible for getting processed by all BeanPostProcessors (for example: not eligible for auto-proxying)
2022-03-01 17:22:40 [restartedMain] INFO  o.s.c.s.PostProcessorRegistrationDelegate$BeanPostProcessorChecker - Bean 'hashedCredentialsMatcher' of type [org.apache.shiro.authc.credential.HashedCredentialsMatcher] is not eligible for getting processed by all BeanPostProcessors (for example: not eligible for auto-proxying)
2022-03-01 17:22:40 [restartedMain] INFO  o.s.c.s.PostProcessorRegistrationDelegate$BeanPostProcessorChecker - Bean 'myShiroRealm' of type [com.gyf.shiro.ShiroRealm] is not eligible for getting processed by all BeanPostProcessors (for example: not eligible for auto-proxying)
2022-03-01 17:22:40 [restartedMain] INFO  o.s.c.s.PostProcessorRegistrationDelegate$BeanPostProcessorChecker - Bean 'securityManager' of type [org.apache.shiro.web.mgt.DefaultWebSecurityManager] is not eligible for getting processed by all BeanPostProcessors (for example: not eligible for auto-proxying)
2022-03-01 17:22:41 [restartedMain] INFO  o.s.boot.web.embedded.tomcat.TomcatWebServer - Tomcat initialized with port(s): 8080 (http)
2022-03-01 17:22:41 [restartedMain] INFO  org.apache.coyote.http11.Http11NioProtocol - Initializing ProtocolHandler ["http-nio-8080"]
2022-03-01 17:22:41 [restartedMain] INFO  org.apache.catalina.core.StandardService - Starting service [Tomcat]
2022-03-01 17:22:41 [restartedMain] INFO  org.apache.catalina.core.StandardEngine - Starting Servlet engine: [Apache Tomcat/9.0.41]
2022-03-01 17:22:41 [restartedMain] INFO  o.a.c.c.C.[Tomcat].[localhost].[/file/handing] - Initializing Spring embedded WebApplicationContext
2022-03-01 17:22:41 [restartedMain] INFO  o.s.b.w.s.c.ServletWebServerApplicationContext - Root WebApplicationContext: initialization completed in 2065 ms
2022-03-01 17:22:41 [restartedMain] INFO  org.hibernate.jpa.internal.util.LogHelper - HHH000204: Processing PersistenceUnitInfo [name: default]
2022-03-01 17:22:41 [restartedMain] INFO  org.hibernate.Version - HHH000412: Hibernate ORM core version 5.4.25.Final
2022-03-01 17:22:42 [restartedMain] INFO  org.hibernate.annotations.common.Version - HCANN000001: Hibernate Commons Annotations {5.1.2.Final}
2022-03-01 17:22:42 [restartedMain] INFO  com.zaxxer.hikari.HikariDataSource - defaultDataSource - Starting...
2022-03-01 17:22:43 [restartedMain] INFO  com.zaxxer.hikari.HikariDataSource - defaultDataSource - Start completed.
2022-03-01 17:22:43 [restartedMain] INFO  org.hibernate.dialect.Dialect - HHH000400: Using dialect: org.hibernate.dialect.MySQL8Dialect
2022-03-01 17:22:43 [restartedMain] INFO  o.h.e.t.jta.platform.internal.JtaPlatformInitiator - HHH000490: Using JtaPlatform implementation: [org.hibernate.engine.transaction.jta.platform.internal.NoJtaPlatform]
2022-03-01 17:22:43 [restartedMain] INFO  o.s.orm.jpa.LocalContainerEntityManagerFactoryBean - Initialized JPA EntityManagerFactory for persistence unit 'default'
2022-03-01 17:22:43 [restartedMain] INFO  o.s.b.d.autoconfigure.OptionalLiveReloadServer - LiveReload server is running on port 35729
2022-03-01 17:22:45 [restartedMain] WARN  o.s.b.a.o.j.JpaBaseConfiguration$JpaWebConfiguration - spring.jpa.open-in-view is enabled by default. Therefore, database queries may be performed during view rendering. Explicitly configure spring.jpa.open-in-view to disable this warning
2022-03-01 17:22:45 [restartedMain] INFO  s.d.s.w.PropertySourcedRequestMappingHandlerMapping - Mapped URL path [/v2/api-docs] onto method [springfox.documentation.swagger2.web.Swagger2Controller#getDocumentation(String, HttpServletRequest)]
2022-03-01 17:22:45 [restartedMain] INFO  o.s.scheduling.concurrent.ThreadPoolTaskExecutor - Initializing ExecutorService 'applicationTaskExecutor'
2022-03-01 17:22:45 [restartedMain] INFO  org.apache.coyote.http11.Http11NioProtocol - Starting ProtocolHandler ["http-nio-8080"]
2022-03-01 17:22:45 [restartedMain] INFO  o.s.boot.web.embedded.tomcat.TomcatWebServer - Tomcat started on port(s): 8080 (http) with context path '/file/handing'
2022-03-01 17:22:45 [restartedMain] INFO  s.d.s.web.plugins.DocumentationPluginsBootstrapper - Context refreshed
2022-03-01 17:22:45 [restartedMain] INFO  s.d.s.web.plugins.DocumentationPluginsBootstrapper - Found 1 custom documentation plugin(s)
2022-03-01 17:22:45 [restartedMain] INFO  s.d.spring.web.scanners.ApiListingReferenceScanner - Scanning for api listing references
2022-03-01 17:22:46 [restartedMain] INFO  com.gyf.filehandling.FileHandlingApplication - Started FileHandlingApplication in 7.013 seconds (JVM running for 9.083)
2022-03-01 17:23:13 [http-nio-8080-exec-1] INFO  o.a.c.c.C.[Tomcat].[localhost].[/file/handing] - Initializing Spring DispatcherServlet 'dispatcherServlet'
2022-03-01 17:23:13 [http-nio-8080-exec-1] INFO  org.springframework.web.servlet.DispatcherServlet - Initializing Servlet 'dispatcherServlet'
2022-03-01 17:23:13 [http-nio-8080-exec-1] INFO  org.springframework.web.servlet.DispatcherServlet - Completed initialization in 7 ms
2022-03-01 17:27:02 [http-nio-8080-exec-7] WARN  o.s.w.s.m.support.DefaultHandlerExceptionResolver - Resolved [org.springframework.web.HttpRequestMethodNotSupportedException: Request method 'GET' not supported]
