2022-03-29 10:54:32 [restartedMain] INFO  com.gyf.filehandling.FileHandlingApplication - Starting FileHandlingApplication on DESKTOP-89D0D5U with PID 16392 (C:\Users\22413\IdeaProjects\file-handling\target\classes started by 22413 in C:\Users\22413\IdeaProjects\file-handling)
2022-03-29 10:54:32 [restartedMain] INFO  com.gyf.filehandling.FileHandlingApplication - No active profile set, falling back to default profiles: default
2022-03-29 10:54:32 [restartedMain] INFO  o.s.b.d.env.DevToolsPropertyDefaultsPostProcessor - Devtools property defaults active! Set 'spring.devtools.add-properties' to 'false' to disable
2022-03-29 10:54:32 [restartedMain] INFO  o.s.b.d.env.DevToolsPropertyDefaultsPostProcessor - For additional web related logging consider setting the 'logging.level.web' property to 'DEBUG'
2022-03-29 10:54:34 [restartedMain] INFO  o.s.d.r.config.RepositoryConfigurationDelegate - Multiple Spring Data modules found, entering strict repository configuration mode!
2022-03-29 10:54:34 [restartedMain] INFO  o.s.d.r.config.RepositoryConfigurationDelegate - Bootstrapping Spring Data JPA repositories in DEFAULT mode.
2022-03-29 10:54:34 [restartedMain] INFO  o.s.d.r.config.RepositoryConfigurationDelegate - Finished Spring Data repository scanning in 16ms. Found 0 JPA repository interfaces.
2022-03-29 10:54:34 [restartedMain] INFO  o.s.d.r.config.RepositoryConfigurationDelegate - Multiple Spring Data modules found, entering strict repository configuration mode!
2022-03-29 10:54:34 [restartedMain] INFO  o.s.d.r.config.RepositoryConfigurationDelegate - Bootstrapping Spring Data Redis repositories in DEFAULT mode.
2022-03-29 10:54:34 [restartedMain] INFO  o.s.d.r.config.RepositoryConfigurationDelegate - Finished Spring Data repository scanning in 1ms. Found 0 Redis repository interfaces.
2022-03-29 10:54:34 [restartedMain] INFO  o.s.c.s.PostProcessorRegistrationDelegate$BeanPostProcessorChecker - Bean 'shiroConfig' of type [com.gyf.shiro.ShiroConfig$$EnhancerBySpringCGLIB$$51cf4778] is not eligible for getting processed by all BeanPostProcessors (for example: not eligible for auto-proxying)
2022-03-29 10:54:34 [restartedMain] INFO  o.s.c.s.PostProcessorRegistrationDelegate$BeanPostProcessorChecker - Bean 'hashedCredentialsMatcher' of type [org.apache.shiro.authc.credential.HashedCredentialsMatcher] is not eligible for getting processed by all BeanPostProcessors (for example: not eligible for auto-proxying)
2022-03-29 10:54:34 [restartedMain] INFO  o.s.c.s.PostProcessorRegistrationDelegate$BeanPostProcessorChecker - Bean 'mybatis-plus-com.baomidou.mybatisplus.autoconfigure.MybatisPlusProperties' of type [com.baomidou.mybatisplus.autoconfigure.MybatisPlusProperties] is not eligible for getting processed by all BeanPostProcessors (for example: not eligible for auto-proxying)
2022-03-29 10:54:34 [restartedMain] INFO  o.s.c.s.PostProcessorRegistrationDelegate$BeanPostProcessorChecker - Bean 'com.baomidou.mybatisplus.autoconfigure.MybatisPlusAutoConfiguration' of type [com.baomidou.mybatisplus.autoconfigure.MybatisPlusAutoConfiguration$$EnhancerBySpringCGLIB$$f2a7e43e] is not eligible for getting processed by all BeanPostProcessors (for example: not eligible for auto-proxying)
2022-03-29 10:54:34 [restartedMain] INFO  o.s.c.s.PostProcessorRegistrationDelegate$BeanPostProcessorChecker - Bean 'org.springframework.boot.autoconfigure.jdbc.DataSourceConfiguration$Hikari' of type [org.springframework.boot.autoconfigure.jdbc.DataSourceConfiguration$Hikari] is not eligible for getting processed by all BeanPostProcessors (for example: not eligible for auto-proxying)
2022-03-29 10:54:34 [restartedMain] INFO  o.s.c.s.PostProcessorRegistrationDelegate$BeanPostProcessorChecker - Bean 'spring.datasource-org.springframework.boot.autoconfigure.jdbc.DataSourceProperties' of type [org.springframework.boot.autoconfigure.jdbc.DataSourceProperties] is not eligible for getting processed by all BeanPostProcessors (for example: not eligible for auto-proxying)
2022-03-29 10:54:34 [restartedMain] INFO  o.s.c.s.PostProcessorRegistrationDelegate$BeanPostProcessorChecker - Bean 'dataSource' of type [com.zaxxer.hikari.HikariDataSource] is not eligible for getting processed by all BeanPostProcessors (for example: not eligible for auto-proxying)
2022-03-29 10:54:34 [restartedMain] INFO  o.s.c.s.PostProcessorRegistrationDelegate$BeanPostProcessorChecker - Bean 'org.springframework.boot.autoconfigure.jdbc.DataSourceInitializerInvoker' of type [org.springframework.boot.autoconfigure.jdbc.DataSourceInitializerInvoker] is not eligible for getting processed by all BeanPostProcessors (for example: not eligible for auto-proxying)
2022-03-29 10:54:36 [restartedMain] INFO  o.s.c.s.PostProcessorRegistrationDelegate$BeanPostProcessorChecker - Bean 'sqlSessionFactory' of type [org.apache.ibatis.session.defaults.DefaultSqlSessionFactory] is not eligible for getting processed by all BeanPostProcessors (for example: not eligible for auto-proxying)
2022-03-29 10:54:36 [restartedMain] INFO  o.s.c.s.PostProcessorRegistrationDelegate$BeanPostProcessorChecker - Bean 'sqlSessionTemplate' of type [org.mybatis.spring.SqlSessionTemplate] is not eligible for getting processed by all BeanPostProcessors (for example: not eligible for auto-proxying)
2022-03-29 10:54:36 [restartedMain] INFO  o.s.c.s.PostProcessorRegistrationDelegate$BeanPostProcessorChecker - Bean 'userInfoMapper' of type [org.mybatis.spring.mapper.MapperFactoryBean] is not eligible for getting processed by all BeanPostProcessors (for example: not eligible for auto-proxying)
2022-03-29 10:54:36 [restartedMain] INFO  o.s.c.s.PostProcessorRegistrationDelegate$BeanPostProcessorChecker - Bean 'userInfoMapper' of type [com.sun.proxy.$Proxy79] is not eligible for getting processed by all BeanPostProcessors (for example: not eligible for auto-proxying)
2022-03-29 10:54:36 [restartedMain] INFO  o.s.c.s.PostProcessorRegistrationDelegate$BeanPostProcessorChecker - Bean 'userInfoServiceImpl' of type [com.gyf.service.impl.UserInfoServiceImpl] is not eligible for getting processed by all BeanPostProcessors (for example: not eligible for auto-proxying)
2022-03-29 10:54:36 [restartedMain] INFO  o.s.c.s.PostProcessorRegistrationDelegate$BeanPostProcessorChecker - Bean 'myShiroRealm' of type [com.gyf.shiro.ShiroRealm] is not eligible for getting processed by all BeanPostProcessors (for example: not eligible for auto-proxying)
2022-03-29 10:54:36 [restartedMain] INFO  o.s.c.s.PostProcessorRegistrationDelegate$BeanPostProcessorChecker - Bean 'securityManager' of type [org.apache.shiro.web.mgt.DefaultWebSecurityManager] is not eligible for getting processed by all BeanPostProcessors (for example: not eligible for auto-proxying)
2022-03-29 10:54:37 [restartedMain] INFO  o.s.boot.web.embedded.tomcat.TomcatWebServer - Tomcat initialized with port(s): 8080 (http)
2022-03-29 10:54:37 [restartedMain] INFO  org.apache.coyote.http11.Http11NioProtocol - Initializing ProtocolHandler ["http-nio-8080"]
2022-03-29 10:54:37 [restartedMain] INFO  org.apache.catalina.core.StandardService - Starting service [Tomcat]
2022-03-29 10:54:37 [restartedMain] INFO  org.apache.catalina.core.StandardEngine - Starting Servlet engine: [Apache Tomcat/9.0.41]
2022-03-29 10:54:37 [restartedMain] INFO  o.a.c.c.C.[Tomcat].[localhost].[/file/handing] - Initializing Spring embedded WebApplicationContext
2022-03-29 10:54:37 [restartedMain] INFO  o.s.b.w.s.c.ServletWebServerApplicationContext - Root WebApplicationContext: initialization completed in 4757 ms
2022-03-29 10:54:37 [restartedMain] INFO  org.hibernate.jpa.internal.util.LogHelper - HHH000204: Processing PersistenceUnitInfo [name: default]
2022-03-29 10:54:37 [restartedMain] INFO  org.hibernate.Version - HHH000412: Hibernate ORM core version 5.4.25.Final
2022-03-29 10:54:37 [restartedMain] INFO  org.hibernate.annotations.common.Version - HCANN000001: Hibernate Commons Annotations {5.1.2.Final}
2022-03-29 10:54:38 [restartedMain] INFO  com.zaxxer.hikari.HikariDataSource - defaultDataSource - Starting...
2022-03-29 10:54:39 [restartedMain] INFO  com.zaxxer.hikari.HikariDataSource - defaultDataSource - Start completed.
2022-03-29 10:54:39 [restartedMain] INFO  org.hibernate.dialect.Dialect - HHH000400: Using dialect: org.hibernate.dialect.MySQL8Dialect
2022-03-29 10:54:40 [restartedMain] INFO  o.h.e.t.jta.platform.internal.JtaPlatformInitiator - HHH000490: Using JtaPlatform implementation: [org.hibernate.engine.transaction.jta.platform.internal.NoJtaPlatform]
2022-03-29 10:54:40 [restartedMain] INFO  o.s.orm.jpa.LocalContainerEntityManagerFactoryBean - Initialized JPA EntityManagerFactory for persistence unit 'default'
2022-03-29 10:54:40 [restartedMain] INFO  o.s.b.d.autoconfigure.OptionalLiveReloadServer - LiveReload server is running on port 35729
2022-03-29 10:54:40 [restartedMain] WARN  o.s.b.a.o.j.JpaBaseConfiguration$JpaWebConfiguration - spring.jpa.open-in-view is enabled by default. Therefore, database queries may be performed during view rendering. Explicitly configure spring.jpa.open-in-view to disable this warning
2022-03-29 10:54:40 [restartedMain] INFO  s.d.s.w.PropertySourcedRequestMappingHandlerMapping - Mapped URL path [/v2/api-docs] onto method [springfox.documentation.swagger2.web.Swagger2Controller#getDocumentation(String, HttpServletRequest)]
2022-03-29 10:54:40 [restartedMain] INFO  o.s.scheduling.concurrent.ThreadPoolTaskExecutor - Initializing ExecutorService 'applicationTaskExecutor'
2022-03-29 10:54:41 [restartedMain] INFO  org.apache.coyote.http11.Http11NioProtocol - Starting ProtocolHandler ["http-nio-8080"]
2022-03-29 10:54:41 [restartedMain] INFO  o.s.boot.web.embedded.tomcat.TomcatWebServer - Tomcat started on port(s): 8080 (http) with context path '/file/handing'
2022-03-29 10:54:41 [restartedMain] INFO  s.d.s.web.plugins.DocumentationPluginsBootstrapper - Context refreshed
2022-03-29 10:54:41 [restartedMain] INFO  s.d.s.web.plugins.DocumentationPluginsBootstrapper - Found 1 custom documentation plugin(s)
2022-03-29 10:54:41 [restartedMain] INFO  s.d.spring.web.scanners.ApiListingReferenceScanner - Scanning for api listing references
2022-03-29 10:54:41 [restartedMain] WARN  s.d.s.w.readers.parameter.ParameterDataTypeReader - Trying to infer dataType org.springframework.web.multipart.MultipartFile[]
2022-03-29 10:54:41 [restartedMain] WARN  s.d.s.w.readers.parameter.ParameterDataTypeReader - Trying to infer dataType org.springframework.web.multipart.MultipartFile[]
2022-03-29 10:54:41 [restartedMain] WARN  s.d.s.w.readers.parameter.ParameterDataTypeReader - Trying to infer dataType org.springframework.web.multipart.MultipartFile[]
2022-03-29 10:54:41 [restartedMain] WARN  s.d.s.w.readers.parameter.ParameterDataTypeReader - Trying to infer dataType org.springframework.web.multipart.MultipartFile[]
2022-03-29 10:54:41 [restartedMain] WARN  s.d.s.w.readers.parameter.ParameterDataTypeReader - Trying to infer dataType org.springframework.web.multipart.MultipartFile[]
2022-03-29 10:54:41 [restartedMain] WARN  s.d.s.w.readers.parameter.ParameterDataTypeReader - Trying to infer dataType org.springframework.web.multipart.MultipartFile[]
2022-03-29 10:54:41 [restartedMain] INFO  com.gyf.filehandling.FileHandlingApplication - Started FileHandlingApplication in 9.545 seconds (JVM running for 12.915)
2022-03-29 20:16:47 [restartedMain] INFO  com.gyf.filehandling.FileHandlingApplication - Starting FileHandlingApplication on DESKTOP-89D0D5U with PID 18596 (C:\Users\22413\IdeaProjects\file-handling\target\classes started by 22413 in C:\Users\22413\IdeaProjects\file-handling)
2022-03-29 20:16:47 [restartedMain] INFO  com.gyf.filehandling.FileHandlingApplication - No active profile set, falling back to default profiles: default
2022-03-29 20:16:47 [restartedMain] INFO  o.s.b.d.env.DevToolsPropertyDefaultsPostProcessor - Devtools property defaults active! Set 'spring.devtools.add-properties' to 'false' to disable
2022-03-29 20:16:47 [restartedMain] INFO  o.s.b.d.env.DevToolsPropertyDefaultsPostProcessor - For additional web related logging consider setting the 'logging.level.web' property to 'DEBUG'
2022-03-29 20:16:50 [restartedMain] INFO  o.s.d.r.config.RepositoryConfigurationDelegate - Multiple Spring Data modules found, entering strict repository configuration mode!
2022-03-29 20:16:50 [restartedMain] INFO  o.s.d.r.config.RepositoryConfigurationDelegate - Bootstrapping Spring Data JPA repositories in DEFAULT mode.
2022-03-29 20:16:50 [restartedMain] INFO  o.s.d.r.config.RepositoryConfigurationDelegate - Finished Spring Data repository scanning in 23ms. Found 0 JPA repository interfaces.
2022-03-29 20:16:50 [restartedMain] INFO  o.s.d.r.config.RepositoryConfigurationDelegate - Multiple Spring Data modules found, entering strict repository configuration mode!
2022-03-29 20:16:50 [restartedMain] INFO  o.s.d.r.config.RepositoryConfigurationDelegate - Bootstrapping Spring Data Redis repositories in DEFAULT mode.
2022-03-29 20:16:50 [restartedMain] INFO  o.s.d.r.config.RepositoryConfigurationDelegate - Finished Spring Data repository scanning in 2ms. Found 0 Redis repository interfaces.
2022-03-29 20:16:51 [restartedMain] INFO  o.s.c.s.PostProcessorRegistrationDelegate$BeanPostProcessorChecker - Bean 'shiroConfig' of type [com.gyf.shiro.ShiroConfig$$EnhancerBySpringCGLIB$$9168c285] is not eligible for getting processed by all BeanPostProcessors (for example: not eligible for auto-proxying)
2022-03-29 20:16:51 [restartedMain] INFO  o.s.c.s.PostProcessorRegistrationDelegate$BeanPostProcessorChecker - Bean 'hashedCredentialsMatcher' of type [org.apache.shiro.authc.credential.HashedCredentialsMatcher] is not eligible for getting processed by all BeanPostProcessors (for example: not eligible for auto-proxying)
2022-03-29 20:16:51 [restartedMain] INFO  o.s.c.s.PostProcessorRegistrationDelegate$BeanPostProcessorChecker - Bean 'mybatis-plus-com.baomidou.mybatisplus.autoconfigure.MybatisPlusProperties' of type [com.baomidou.mybatisplus.autoconfigure.MybatisPlusProperties] is not eligible for getting processed by all BeanPostProcessors (for example: not eligible for auto-proxying)
2022-03-29 20:16:51 [restartedMain] INFO  o.s.c.s.PostProcessorRegistrationDelegate$BeanPostProcessorChecker - Bean 'com.baomidou.mybatisplus.autoconfigure.MybatisPlusAutoConfiguration' of type [com.baomidou.mybatisplus.autoconfigure.MybatisPlusAutoConfiguration$$EnhancerBySpringCGLIB$$32415f4b] is not eligible for getting processed by all BeanPostProcessors (for example: not eligible for auto-proxying)
2022-03-29 20:16:51 [restartedMain] INFO  o.s.c.s.PostProcessorRegistrationDelegate$BeanPostProcessorChecker - Bean 'org.springframework.boot.autoconfigure.jdbc.DataSourceConfiguration$Hikari' of type [org.springframework.boot.autoconfigure.jdbc.DataSourceConfiguration$Hikari] is not eligible for getting processed by all BeanPostProcessors (for example: not eligible for auto-proxying)
2022-03-29 20:16:51 [restartedMain] INFO  o.s.c.s.PostProcessorRegistrationDelegate$BeanPostProcessorChecker - Bean 'spring.datasource-org.springframework.boot.autoconfigure.jdbc.DataSourceProperties' of type [org.springframework.boot.autoconfigure.jdbc.DataSourceProperties] is not eligible for getting processed by all BeanPostProcessors (for example: not eligible for auto-proxying)
2022-03-29 20:16:51 [restartedMain] INFO  o.s.c.s.PostProcessorRegistrationDelegate$BeanPostProcessorChecker - Bean 'dataSource' of type [com.zaxxer.hikari.HikariDataSource] is not eligible for getting processed by all BeanPostProcessors (for example: not eligible for auto-proxying)
2022-03-29 20:16:51 [restartedMain] INFO  o.s.c.s.PostProcessorRegistrationDelegate$BeanPostProcessorChecker - Bean 'org.springframework.boot.autoconfigure.jdbc.DataSourceInitializerInvoker' of type [org.springframework.boot.autoconfigure.jdbc.DataSourceInitializerInvoker] is not eligible for getting processed by all BeanPostProcessors (for example: not eligible for auto-proxying)
2022-03-29 20:16:52 [restartedMain] INFO  o.s.c.s.PostProcessorRegistrationDelegate$BeanPostProcessorChecker - Bean 'sqlSessionFactory' of type [org.apache.ibatis.session.defaults.DefaultSqlSessionFactory] is not eligible for getting processed by all BeanPostProcessors (for example: not eligible for auto-proxying)
2022-03-29 20:16:52 [restartedMain] INFO  o.s.c.s.PostProcessorRegistrationDelegate$BeanPostProcessorChecker - Bean 'sqlSessionTemplate' of type [org.mybatis.spring.SqlSessionTemplate] is not eligible for getting processed by all BeanPostProcessors (for example: not eligible for auto-proxying)
2022-03-29 20:16:53 [restartedMain] INFO  o.s.c.s.PostProcessorRegistrationDelegate$BeanPostProcessorChecker - Bean 'userInfoMapper' of type [org.mybatis.spring.mapper.MapperFactoryBean] is not eligible for getting processed by all BeanPostProcessors (for example: not eligible for auto-proxying)
2022-03-29 20:16:53 [restartedMain] INFO  o.s.c.s.PostProcessorRegistrationDelegate$BeanPostProcessorChecker - Bean 'userInfoMapper' of type [com.sun.proxy.$Proxy79] is not eligible for getting processed by all BeanPostProcessors (for example: not eligible for auto-proxying)
2022-03-29 20:16:53 [restartedMain] INFO  o.s.c.s.PostProcessorRegistrationDelegate$BeanPostProcessorChecker - Bean 'userInfoServiceImpl' of type [com.gyf.service.impl.UserInfoServiceImpl] is not eligible for getting processed by all BeanPostProcessors (for example: not eligible for auto-proxying)
2022-03-29 20:16:53 [restartedMain] INFO  o.s.c.s.PostProcessorRegistrationDelegate$BeanPostProcessorChecker - Bean 'myShiroRealm' of type [com.gyf.shiro.ShiroRealm] is not eligible for getting processed by all BeanPostProcessors (for example: not eligible for auto-proxying)
2022-03-29 20:16:53 [restartedMain] INFO  o.s.c.s.PostProcessorRegistrationDelegate$BeanPostProcessorChecker - Bean 'securityManager' of type [org.apache.shiro.web.mgt.DefaultWebSecurityManager] is not eligible for getting processed by all BeanPostProcessors (for example: not eligible for auto-proxying)
2022-03-29 20:16:53 [restartedMain] INFO  o.s.boot.web.embedded.tomcat.TomcatWebServer - Tomcat initialized with port(s): 8080 (http)
2022-03-29 20:16:54 [restartedMain] INFO  org.apache.coyote.http11.Http11NioProtocol - Initializing ProtocolHandler ["http-nio-8080"]
2022-03-29 20:16:54 [restartedMain] INFO  org.apache.catalina.core.StandardService - Starting service [Tomcat]
2022-03-29 20:16:54 [restartedMain] INFO  org.apache.catalina.core.StandardEngine - Starting Servlet engine: [Apache Tomcat/9.0.41]
2022-03-29 20:16:54 [restartedMain] INFO  o.a.c.c.C.[Tomcat].[localhost].[/file/handing] - Initializing Spring embedded WebApplicationContext
2022-03-29 20:16:54 [restartedMain] INFO  o.s.b.w.s.c.ServletWebServerApplicationContext - Root WebApplicationContext: initialization completed in 6594 ms
2022-03-29 20:16:54 [restartedMain] INFO  org.hibernate.jpa.internal.util.LogHelper - HHH000204: Processing PersistenceUnitInfo [name: default]
2022-03-29 20:16:54 [restartedMain] INFO  org.hibernate.Version - HHH000412: Hibernate ORM core version 5.4.25.Final
2022-03-29 20:16:55 [restartedMain] INFO  org.hibernate.annotations.common.Version - HCANN000001: Hibernate Commons Annotations {5.1.2.Final}
2022-03-29 20:16:55 [restartedMain] INFO  com.zaxxer.hikari.HikariDataSource - defaultDataSource - Starting...
2022-03-29 20:16:56 [restartedMain] INFO  com.zaxxer.hikari.HikariDataSource - defaultDataSource - Start completed.
2022-03-29 20:16:56 [restartedMain] INFO  org.hibernate.dialect.Dialect - HHH000400: Using dialect: org.hibernate.dialect.MySQL8Dialect
2022-03-29 20:16:57 [restartedMain] INFO  o.h.e.t.jta.platform.internal.JtaPlatformInitiator - HHH000490: Using JtaPlatform implementation: [org.hibernate.engine.transaction.jta.platform.internal.NoJtaPlatform]
2022-03-29 20:16:58 [restartedMain] INFO  o.s.orm.jpa.LocalContainerEntityManagerFactoryBean - Initialized JPA EntityManagerFactory for persistence unit 'default'
2022-03-29 20:16:58 [restartedMain] INFO  o.s.b.d.autoconfigure.OptionalLiveReloadServer - LiveReload server is running on port 35729
2022-03-29 20:16:58 [restartedMain] WARN  o.s.b.a.o.j.JpaBaseConfiguration$JpaWebConfiguration - spring.jpa.open-in-view is enabled by default. Therefore, database queries may be performed during view rendering. Explicitly configure spring.jpa.open-in-view to disable this warning
2022-03-29 20:16:58 [restartedMain] INFO  s.d.s.w.PropertySourcedRequestMappingHandlerMapping - Mapped URL path [/v2/api-docs] onto method [springfox.documentation.swagger2.web.Swagger2Controller#getDocumentation(String, HttpServletRequest)]
2022-03-29 20:16:58 [restartedMain] INFO  o.s.scheduling.concurrent.ThreadPoolTaskExecutor - Initializing ExecutorService 'applicationTaskExecutor'
2022-03-29 20:16:59 [restartedMain] INFO  org.apache.coyote.http11.Http11NioProtocol - Starting ProtocolHandler ["http-nio-8080"]
2022-03-29 20:16:59 [restartedMain] INFO  o.s.boot.web.embedded.tomcat.TomcatWebServer - Tomcat started on port(s): 8080 (http) with context path '/file/handing'
2022-03-29 20:16:59 [restartedMain] INFO  s.d.s.web.plugins.DocumentationPluginsBootstrapper - Context refreshed
2022-03-29 20:16:59 [restartedMain] INFO  s.d.s.web.plugins.DocumentationPluginsBootstrapper - Found 1 custom documentation plugin(s)
2022-03-29 20:16:59 [restartedMain] INFO  s.d.spring.web.scanners.ApiListingReferenceScanner - Scanning for api listing references
2022-03-29 20:16:59 [restartedMain] WARN  s.d.s.w.readers.parameter.ParameterDataTypeReader - Trying to infer dataType org.springframework.web.multipart.MultipartFile[]
2022-03-29 20:16:59 [restartedMain] WARN  s.d.s.w.readers.parameter.ParameterDataTypeReader - Trying to infer dataType org.springframework.web.multipart.MultipartFile[]
2022-03-29 20:16:59 [restartedMain] WARN  s.d.s.w.readers.parameter.ParameterDataTypeReader - Trying to infer dataType org.springframework.web.multipart.MultipartFile[]
2022-03-29 20:16:59 [restartedMain] WARN  s.d.s.w.readers.parameter.ParameterDataTypeReader - Trying to infer dataType org.springframework.web.multipart.MultipartFile[]
2022-03-29 20:16:59 [restartedMain] WARN  s.d.s.w.readers.parameter.ParameterDataTypeReader - Trying to infer dataType org.springframework.web.multipart.MultipartFile[]
2022-03-29 20:16:59 [restartedMain] WARN  s.d.s.w.readers.parameter.ParameterDataTypeReader - Trying to infer dataType org.springframework.web.multipart.MultipartFile[]
2022-03-29 20:16:59 [restartedMain] INFO  com.gyf.filehandling.FileHandlingApplication - Started FileHandlingApplication in 12.974 seconds (JVM running for 18.096)
2022-03-29 23:50:58 [restartedMain] INFO  com.gyf.filehandling.FileHandlingApplication - Starting FileHandlingApplication on DESKTOP-89D0D5U with PID 6848 (C:\Users\22413\IdeaProjects\file-handling\target\classes started by 22413 in C:\Users\22413\IdeaProjects\file-handling)
2022-03-29 23:50:58 [restartedMain] INFO  com.gyf.filehandling.FileHandlingApplication - No active profile set, falling back to default profiles: default
2022-03-29 23:50:59 [restartedMain] INFO  o.s.b.d.env.DevToolsPropertyDefaultsPostProcessor - Devtools property defaults active! Set 'spring.devtools.add-properties' to 'false' to disable
2022-03-29 23:50:59 [restartedMain] INFO  o.s.b.d.env.DevToolsPropertyDefaultsPostProcessor - For additional web related logging consider setting the 'logging.level.web' property to 'DEBUG'
2022-03-29 23:51:01 [restartedMain] INFO  o.s.d.r.config.RepositoryConfigurationDelegate - Multiple Spring Data modules found, entering strict repository configuration mode!
2022-03-29 23:51:01 [restartedMain] INFO  o.s.d.r.config.RepositoryConfigurationDelegate - Bootstrapping Spring Data JPA repositories in DEFAULT mode.
2022-03-29 23:51:01 [restartedMain] INFO  o.s.d.r.config.RepositoryConfigurationDelegate - Finished Spring Data repository scanning in 23ms. Found 0 JPA repository interfaces.
2022-03-29 23:51:01 [restartedMain] INFO  o.s.d.r.config.RepositoryConfigurationDelegate - Multiple Spring Data modules found, entering strict repository configuration mode!
2022-03-29 23:51:01 [restartedMain] INFO  o.s.d.r.config.RepositoryConfigurationDelegate - Bootstrapping Spring Data Redis repositories in DEFAULT mode.
2022-03-29 23:51:01 [restartedMain] INFO  o.s.d.r.config.RepositoryConfigurationDelegate - Finished Spring Data repository scanning in 2ms. Found 0 Redis repository interfaces.
2022-03-29 23:51:01 [restartedMain] INFO  o.s.c.s.PostProcessorRegistrationDelegate$BeanPostProcessorChecker - Bean 'shiroConfig' of type [com.gyf.shiro.ShiroConfig$$EnhancerBySpringCGLIB$$20230682] is not eligible for getting processed by all BeanPostProcessors (for example: not eligible for auto-proxying)
2022-03-29 23:51:01 [restartedMain] INFO  o.s.c.s.PostProcessorRegistrationDelegate$BeanPostProcessorChecker - Bean 'hashedCredentialsMatcher' of type [org.apache.shiro.authc.credential.HashedCredentialsMatcher] is not eligible for getting processed by all BeanPostProcessors (for example: not eligible for auto-proxying)
2022-03-29 23:51:02 [restartedMain] INFO  o.s.c.s.PostProcessorRegistrationDelegate$BeanPostProcessorChecker - Bean 'mybatis-plus-com.baomidou.mybatisplus.autoconfigure.MybatisPlusProperties' of type [com.baomidou.mybatisplus.autoconfigure.MybatisPlusProperties] is not eligible for getting processed by all BeanPostProcessors (for example: not eligible for auto-proxying)
2022-03-29 23:51:02 [restartedMain] INFO  o.s.c.s.PostProcessorRegistrationDelegate$BeanPostProcessorChecker - Bean 'com.baomidou.mybatisplus.autoconfigure.MybatisPlusAutoConfiguration' of type [com.baomidou.mybatisplus.autoconfigure.MybatisPlusAutoConfiguration$$EnhancerBySpringCGLIB$$c0fba348] is not eligible for getting processed by all BeanPostProcessors (for example: not eligible for auto-proxying)
2022-03-29 23:51:02 [restartedMain] INFO  o.s.c.s.PostProcessorRegistrationDelegate$BeanPostProcessorChecker - Bean 'org.springframework.boot.autoconfigure.jdbc.DataSourceConfiguration$Hikari' of type [org.springframework.boot.autoconfigure.jdbc.DataSourceConfiguration$Hikari] is not eligible for getting processed by all BeanPostProcessors (for example: not eligible for auto-proxying)
2022-03-29 23:51:02 [restartedMain] INFO  o.s.c.s.PostProcessorRegistrationDelegate$BeanPostProcessorChecker - Bean 'spring.datasource-org.springframework.boot.autoconfigure.jdbc.DataSourceProperties' of type [org.springframework.boot.autoconfigure.jdbc.DataSourceProperties] is not eligible for getting processed by all BeanPostProcessors (for example: not eligible for auto-proxying)
2022-03-29 23:51:02 [restartedMain] INFO  o.s.c.s.PostProcessorRegistrationDelegate$BeanPostProcessorChecker - Bean 'dataSource' of type [com.zaxxer.hikari.HikariDataSource] is not eligible for getting processed by all BeanPostProcessors (for example: not eligible for auto-proxying)
2022-03-29 23:51:02 [restartedMain] INFO  o.s.c.s.PostProcessorRegistrationDelegate$BeanPostProcessorChecker - Bean 'org.springframework.boot.autoconfigure.jdbc.DataSourceInitializerInvoker' of type [org.springframework.boot.autoconfigure.jdbc.DataSourceInitializerInvoker] is not eligible for getting processed by all BeanPostProcessors (for example: not eligible for auto-proxying)
2022-03-29 23:51:03 [restartedMain] INFO  o.s.c.s.PostProcessorRegistrationDelegate$BeanPostProcessorChecker - Bean 'sqlSessionFactory' of type [org.apache.ibatis.session.defaults.DefaultSqlSessionFactory] is not eligible for getting processed by all BeanPostProcessors (for example: not eligible for auto-proxying)
2022-03-29 23:51:03 [restartedMain] INFO  o.s.c.s.PostProcessorRegistrationDelegate$BeanPostProcessorChecker - Bean 'sqlSessionTemplate' of type [org.mybatis.spring.SqlSessionTemplate] is not eligible for getting processed by all BeanPostProcessors (for example: not eligible for auto-proxying)
2022-03-29 23:51:03 [restartedMain] INFO  o.s.c.s.PostProcessorRegistrationDelegate$BeanPostProcessorChecker - Bean 'userInfoMapper' of type [org.mybatis.spring.mapper.MapperFactoryBean] is not eligible for getting processed by all BeanPostProcessors (for example: not eligible for auto-proxying)
2022-03-29 23:51:03 [restartedMain] INFO  o.s.c.s.PostProcessorRegistrationDelegate$BeanPostProcessorChecker - Bean 'userInfoMapper' of type [com.sun.proxy.$Proxy79] is not eligible for getting processed by all BeanPostProcessors (for example: not eligible for auto-proxying)
2022-03-29 23:51:03 [restartedMain] INFO  o.s.c.s.PostProcessorRegistrationDelegate$BeanPostProcessorChecker - Bean 'userInfoServiceImpl' of type [com.gyf.service.impl.UserInfoServiceImpl] is not eligible for getting processed by all BeanPostProcessors (for example: not eligible for auto-proxying)
2022-03-29 23:51:03 [restartedMain] INFO  o.s.c.s.PostProcessorRegistrationDelegate$BeanPostProcessorChecker - Bean 'myShiroRealm' of type [com.gyf.shiro.ShiroRealm] is not eligible for getting processed by all BeanPostProcessors (for example: not eligible for auto-proxying)
2022-03-29 23:51:03 [restartedMain] INFO  o.s.c.s.PostProcessorRegistrationDelegate$BeanPostProcessorChecker - Bean 'securityManager' of type [org.apache.shiro.web.mgt.DefaultWebSecurityManager] is not eligible for getting processed by all BeanPostProcessors (for example: not eligible for auto-proxying)
2022-03-29 23:51:04 [restartedMain] INFO  o.s.boot.web.embedded.tomcat.TomcatWebServer - Tomcat initialized with port(s): 8080 (http)
2022-03-29 23:51:04 [restartedMain] INFO  org.apache.coyote.http11.Http11NioProtocol - Initializing ProtocolHandler ["http-nio-8080"]
2022-03-29 23:51:04 [restartedMain] INFO  org.apache.catalina.core.StandardService - Starting service [Tomcat]
2022-03-29 23:51:04 [restartedMain] INFO  org.apache.catalina.core.StandardEngine - Starting Servlet engine: [Apache Tomcat/9.0.41]
2022-03-29 23:51:04 [restartedMain] INFO  o.a.c.c.C.[Tomcat].[localhost].[/file/handing] - Initializing Spring embedded WebApplicationContext
2022-03-29 23:51:04 [restartedMain] INFO  o.s.b.w.s.c.ServletWebServerApplicationContext - Root WebApplicationContext: initialization completed in 5950 ms
2022-03-29 23:51:05 [restartedMain] INFO  org.hibernate.jpa.internal.util.LogHelper - HHH000204: Processing PersistenceUnitInfo [name: default]
2022-03-29 23:51:05 [restartedMain] INFO  org.hibernate.Version - HHH000412: Hibernate ORM core version 5.4.25.Final
2022-03-29 23:51:05 [restartedMain] INFO  org.hibernate.annotations.common.Version - HCANN000001: Hibernate Commons Annotations {5.1.2.Final}
2022-03-29 23:51:05 [restartedMain] INFO  com.zaxxer.hikari.HikariDataSource - defaultDataSource - Starting...
2022-03-29 23:51:07 [restartedMain] INFO  com.zaxxer.hikari.HikariDataSource - defaultDataSource - Start completed.
2022-03-29 23:51:07 [restartedMain] INFO  org.hibernate.dialect.Dialect - HHH000400: Using dialect: org.hibernate.dialect.MySQL8Dialect
2022-03-29 23:51:09 [restartedMain] INFO  o.h.e.t.jta.platform.internal.JtaPlatformInitiator - HHH000490: Using JtaPlatform implementation: [org.hibernate.engine.transaction.jta.platform.internal.NoJtaPlatform]
2022-03-29 23:51:09 [restartedMain] INFO  o.s.orm.jpa.LocalContainerEntityManagerFactoryBean - Initialized JPA EntityManagerFactory for persistence unit 'default'
2022-03-29 23:51:09 [restartedMain] INFO  o.s.b.d.autoconfigure.OptionalLiveReloadServer - LiveReload server is running on port 35729
2022-03-29 23:51:09 [restartedMain] WARN  o.s.b.a.o.j.JpaBaseConfiguration$JpaWebConfiguration - spring.jpa.open-in-view is enabled by default. Therefore, database queries may be performed during view rendering. Explicitly configure spring.jpa.open-in-view to disable this warning
2022-03-29 23:51:09 [restartedMain] INFO  s.d.s.w.PropertySourcedRequestMappingHandlerMapping - Mapped URL path [/v2/api-docs] onto method [springfox.documentation.swagger2.web.Swagger2Controller#getDocumentation(String, HttpServletRequest)]
2022-03-29 23:51:10 [restartedMain] INFO  o.s.scheduling.concurrent.ThreadPoolTaskExecutor - Initializing ExecutorService 'applicationTaskExecutor'
2022-03-29 23:51:10 [restartedMain] INFO  org.apache.coyote.http11.Http11NioProtocol - Starting ProtocolHandler ["http-nio-8080"]
2022-03-29 23:51:10 [restartedMain] INFO  o.s.boot.web.embedded.tomcat.TomcatWebServer - Tomcat started on port(s): 8080 (http) with context path '/file/handing'
2022-03-29 23:51:10 [restartedMain] INFO  s.d.s.web.plugins.DocumentationPluginsBootstrapper - Context refreshed
2022-03-29 23:51:10 [restartedMain] INFO  s.d.s.web.plugins.DocumentationPluginsBootstrapper - Found 1 custom documentation plugin(s)
2022-03-29 23:51:10 [restartedMain] INFO  s.d.spring.web.scanners.ApiListingReferenceScanner - Scanning for api listing references
2022-03-29 23:51:10 [restartedMain] WARN  s.d.s.w.readers.parameter.ParameterDataTypeReader - Trying to infer dataType org.springframework.web.multipart.MultipartFile[]
2022-03-29 23:51:10 [restartedMain] WARN  s.d.s.w.readers.parameter.ParameterDataTypeReader - Trying to infer dataType org.springframework.web.multipart.MultipartFile[]
2022-03-29 23:51:10 [restartedMain] WARN  s.d.s.w.readers.parameter.ParameterDataTypeReader - Trying to infer dataType org.springframework.web.multipart.MultipartFile[]
2022-03-29 23:51:10 [restartedMain] WARN  s.d.s.w.readers.parameter.ParameterDataTypeReader - Trying to infer dataType org.springframework.web.multipart.MultipartFile[]
2022-03-29 23:51:10 [restartedMain] WARN  s.d.s.w.readers.parameter.ParameterDataTypeReader - Trying to infer dataType org.springframework.web.multipart.MultipartFile[]
2022-03-29 23:51:10 [restartedMain] WARN  s.d.s.w.readers.parameter.ParameterDataTypeReader - Trying to infer dataType org.springframework.web.multipart.MultipartFile[]
2022-03-29 23:51:10 [restartedMain] INFO  com.gyf.filehandling.FileHandlingApplication - Started FileHandlingApplication in 12.62 seconds (JVM running for 15.963)
