2022-02-17 10:50:41.390  INFO 16520 --- [restartedMain] c.g.f.FileHandlingApplication            : Starting FileHandlingApplication on DESKTOP-89D0D5U with PID 16520 (C:\Users\22413\IdeaProjects\file-handling\target\classes started by 22413 in C:\Users\22413\IdeaProjects\file-handling)
2022-02-17 10:50:41.393  INFO 16520 --- [restartedMain] c.g.f.FileHandlingApplication            : No active profile set, falling back to default profiles: default
2022-02-17 10:50:41.434  INFO 16520 --- [restartedMain] .e.DevToolsPropertyDefaultsPostProcessor : Devtools property defaults active! Set 'spring.devtools.add-properties' to 'false' to disable
2022-02-17 10:50:41.434  INFO 16520 --- [restartedMain] .e.DevToolsPropertyDefaultsPostProcessor : For additional web related logging consider setting the 'logging.level.web' property to 'DEBUG'
2022-02-17 10:50:42.104  INFO 16520 --- [restartedMain] .s.d.r.c.RepositoryConfigurationDelegate : Multiple Spring Data modules found, entering strict repository configuration mode!
2022-02-17 10:50:42.105  INFO 16520 --- [restartedMain] .s.d.r.c.RepositoryConfigurationDelegate : Bootstrapping Spring Data JPA repositories in DEFAULT mode.
2022-02-17 10:50:42.117  INFO 16520 --- [restartedMain] .s.d.r.c.RepositoryConfigurationDelegate : Finished Spring Data repository scanning in 5ms. Found 0 JPA repository interfaces.
2022-02-17 10:50:42.128  INFO 16520 --- [restartedMain] .s.d.r.c.RepositoryConfigurationDelegate : Multiple Spring Data modules found, entering strict repository configuration mode!
2022-02-17 10:50:42.130  INFO 16520 --- [restartedMain] .s.d.r.c.RepositoryConfigurationDelegate : Bootstrapping Spring Data Redis repositories in DEFAULT mode.
2022-02-17 10:50:42.138  INFO 16520 --- [restartedMain] .s.d.r.c.RepositoryConfigurationDelegate : Finished Spring Data repository scanning in 1ms. Found 0 Redis repository interfaces.
2022-02-17 10:50:42.231  WARN 16520 --- [restartedMain] o.m.s.mapper.ClassPathMapperScanner      : No MyBatis mapper was found in '[com.gyf.filehandling]' package. Please check your configuration.
2022-02-17 10:50:42.889  INFO 16520 --- [restartedMain] o.s.b.w.embedded.tomcat.TomcatWebServer  : Tomcat initialized with port(s): 8080 (http)
2022-02-17 10:50:42.903  INFO 16520 --- [restartedMain] o.apache.catalina.core.StandardService   : Starting service [Tomcat]
2022-02-17 10:50:42.903  INFO 16520 --- [restartedMain] org.apache.catalina.core.StandardEngine  : Starting Servlet engine: [Apache Tomcat/9.0.41]
2022-02-17 10:50:43.223  INFO 16520 --- [restartedMain] o.a.c.c.C.[Tomcat].[localhost].[/]       : Initializing Spring embedded WebApplicationContext
2022-02-17 10:50:43.224  INFO 16520 --- [restartedMain] w.s.c.ServletWebServerApplicationContext : Root WebApplicationContext: initialization completed in 1789 ms
2022-02-17 10:50:43.417  INFO 16520 --- [restartedMain] o.hibernate.jpa.internal.util.LogHelper  : HHH000204: Processing PersistenceUnitInfo [name: default]
2022-02-17 10:50:43.485  INFO 16520 --- [restartedMain] org.hibernate.Version                    : HHH000412: Hibernate ORM core version 5.4.25.Final
2022-02-17 10:50:43.655  INFO 16520 --- [restartedMain] o.hibernate.annotations.common.Version   : HCANN000001: Hibernate Commons Annotations {5.1.2.Final}
2022-02-17 10:50:43.817  INFO 16520 --- [restartedMain] com.zaxxer.hikari.HikariDataSource       : defaultDataSource - Starting...
2022-02-17 10:50:44.604  INFO 16520 --- [restartedMain] com.zaxxer.hikari.HikariDataSource       : defaultDataSource - Start completed.
2022-02-17 10:50:44.635  INFO 16520 --- [restartedMain] org.hibernate.dialect.Dialect            : HHH000400: Using dialect: org.hibernate.dialect.MySQL8Dialect
2022-02-17 10:50:44.860  INFO 16520 --- [restartedMain] o.h.e.t.j.p.i.JtaPlatformInitiator       : HHH000490: Using JtaPlatform implementation: [org.hibernate.engine.transaction.jta.platform.internal.NoJtaPlatform]
2022-02-17 10:50:44.868  INFO 16520 --- [restartedMain] j.LocalContainerEntityManagerFactoryBean : Initialized JPA EntityManagerFactory for persistence unit 'default'
2022-02-17 10:50:44.893  INFO 16520 --- [restartedMain] o.s.b.d.a.OptionalLiveReloadServer       : LiveReload server is running on port 35729
2022-02-17 10:50:44.927  WARN 16520 --- [restartedMain] JpaBaseConfiguration$JpaWebConfiguration : spring.jpa.open-in-view is enabled by default. Therefore, database queries may be performed during view rendering. Explicitly configure spring.jpa.open-in-view to disable this warning
2022-02-17 10:50:45.024  INFO 16520 --- [restartedMain] o.s.s.concurrent.ThreadPoolTaskExecutor  : Initializing ExecutorService 'applicationTaskExecutor'
2022-02-17 10:50:46.963  INFO 16520 --- [restartedMain] o.s.b.w.embedded.tomcat.TomcatWebServer  : Tomcat started on port(s): 8080 (http) with context path ''
2022-02-17 10:50:46.979  INFO 16520 --- [restartedMain] c.g.f.FileHandlingApplication            : Started FileHandlingApplication in 5.953 seconds (JVM running for 8.36)
2022-02-17 10:52:08.973  INFO 16520 --- [http-nio-8080-exec-1] o.a.c.c.C.[Tomcat].[localhost].[/]       : Initializing Spring DispatcherServlet 'dispatcherServlet'
2022-02-17 10:52:08.973  INFO 16520 --- [http-nio-8080-exec-1] o.s.web.servlet.DispatcherServlet        : Initializing Servlet 'dispatcherServlet'
2022-02-17 10:52:08.983  INFO 16520 --- [http-nio-8080-exec-1] o.s.web.servlet.DispatcherServlet        : Completed initialization in 10 ms
2022-02-17 11:08:33.380  INFO 17112 --- [restartedMain] c.g.f.FileHandlingApplication            : Starting FileHandlingApplication on DESKTOP-89D0D5U with PID 17112 (C:\Users\22413\IdeaProjects\file-handling\target\classes started by 22413 in C:\Users\22413\IdeaProjects\file-handling)
2022-02-17 11:08:33.383  INFO 17112 --- [restartedMain] c.g.f.FileHandlingApplication            : No active profile set, falling back to default profiles: default
2022-02-17 11:08:33.428  INFO 17112 --- [restartedMain] .e.DevToolsPropertyDefaultsPostProcessor : Devtools property defaults active! Set 'spring.devtools.add-properties' to 'false' to disable
2022-02-17 11:08:33.428  INFO 17112 --- [restartedMain] .e.DevToolsPropertyDefaultsPostProcessor : For additional web related logging consider setting the 'logging.level.web' property to 'DEBUG'
2022-02-17 11:08:34.167  INFO 17112 --- [restartedMain] .s.d.r.c.RepositoryConfigurationDelegate : Multiple Spring Data modules found, entering strict repository configuration mode!
2022-02-17 11:08:34.168  INFO 17112 --- [restartedMain] .s.d.r.c.RepositoryConfigurationDelegate : Bootstrapping Spring Data JPA repositories in DEFAULT mode.
2022-02-17 11:08:34.180  INFO 17112 --- [restartedMain] .s.d.r.c.RepositoryConfigurationDelegate : Finished Spring Data repository scanning in 5ms. Found 0 JPA repository interfaces.
2022-02-17 11:08:34.191  INFO 17112 --- [restartedMain] .s.d.r.c.RepositoryConfigurationDelegate : Multiple Spring Data modules found, entering strict repository configuration mode!
2022-02-17 11:08:34.193  INFO 17112 --- [restartedMain] .s.d.r.c.RepositoryConfigurationDelegate : Bootstrapping Spring Data Redis repositories in DEFAULT mode.
2022-02-17 11:08:34.201  INFO 17112 --- [restartedMain] .s.d.r.c.RepositoryConfigurationDelegate : Finished Spring Data repository scanning in 2ms. Found 0 Redis repository interfaces.
2022-02-17 11:08:34.292  WARN 17112 --- [restartedMain] o.m.s.mapper.ClassPathMapperScanner      : No MyBatis mapper was found in '[com.gyf.filehandling]' package. Please check your configuration.
2022-02-17 11:08:34.911  INFO 17112 --- [restartedMain] o.s.b.w.embedded.tomcat.TomcatWebServer  : Tomcat initialized with port(s): 8080 (http)
2022-02-17 11:08:34.920  INFO 17112 --- [restartedMain] o.apache.catalina.core.StandardService   : Starting service [Tomcat]
2022-02-17 11:08:34.920  INFO 17112 --- [restartedMain] org.apache.catalina.core.StandardEngine  : Starting Servlet engine: [Apache Tomcat/9.0.41]
2022-02-17 11:08:35.226  INFO 17112 --- [restartedMain] o.a.c.c.C.[Tomcat].[localhost].[/]       : Initializing Spring embedded WebApplicationContext
2022-02-17 11:08:35.226  INFO 17112 --- [restartedMain] w.s.c.ServletWebServerApplicationContext : Root WebApplicationContext: initialization completed in 1798 ms
2022-02-17 11:08:35.395  INFO 17112 --- [restartedMain] o.hibernate.jpa.internal.util.LogHelper  : HHH000204: Processing PersistenceUnitInfo [name: default]
2022-02-17 11:08:35.453  INFO 17112 --- [restartedMain] org.hibernate.Version                    : HHH000412: Hibernate ORM core version 5.4.25.Final
2022-02-17 11:08:35.621  INFO 17112 --- [restartedMain] o.hibernate.annotations.common.Version   : HCANN000001: Hibernate Commons Annotations {5.1.2.Final}
2022-02-17 11:08:35.923  INFO 17112 --- [restartedMain] com.zaxxer.hikari.HikariDataSource       : defaultDataSource - Starting...
2022-02-17 11:08:36.733  INFO 17112 --- [restartedMain] com.zaxxer.hikari.HikariDataSource       : defaultDataSource - Start completed.
2022-02-17 11:08:36.762  INFO 17112 --- [restartedMain] org.hibernate.dialect.Dialect            : HHH000400: Using dialect: org.hibernate.dialect.MySQL8Dialect
2022-02-17 11:08:36.989  INFO 17112 --- [restartedMain] o.h.e.t.j.p.i.JtaPlatformInitiator       : HHH000490: Using JtaPlatform implementation: [org.hibernate.engine.transaction.jta.platform.internal.NoJtaPlatform]
2022-02-17 11:08:36.997  INFO 17112 --- [restartedMain] j.LocalContainerEntityManagerFactoryBean : Initialized JPA EntityManagerFactory for persistence unit 'default'
2022-02-17 11:08:37.023  INFO 17112 --- [restartedMain] o.s.b.d.a.OptionalLiveReloadServer       : LiveReload server is running on port 35729
2022-02-17 11:08:37.060  WARN 17112 --- [restartedMain] JpaBaseConfiguration$JpaWebConfiguration : spring.jpa.open-in-view is enabled by default. Therefore, database queries may be performed during view rendering. Explicitly configure spring.jpa.open-in-view to disable this warning
2022-02-17 11:08:37.152  INFO 17112 --- [restartedMain] o.s.s.concurrent.ThreadPoolTaskExecutor  : Initializing ExecutorService 'applicationTaskExecutor'
2022-02-17 11:08:38.642  INFO 17112 --- [restartedMain] o.s.b.w.embedded.tomcat.TomcatWebServer  : Tomcat started on port(s): 8080 (http) with context path ''
2022-02-17 11:08:38.653  INFO 17112 --- [restartedMain] c.g.f.FileHandlingApplication            : Started FileHandlingApplication in 5.72 seconds (JVM running for 7.718)
2022-02-17 11:08:57.922  INFO 17112 --- [http-nio-8080-exec-1] o.a.c.c.C.[Tomcat].[localhost].[/]       : Initializing Spring DispatcherServlet 'dispatcherServlet'
2022-02-17 11:08:57.923  INFO 17112 --- [http-nio-8080-exec-1] o.s.web.servlet.DispatcherServlet        : Initializing Servlet 'dispatcherServlet'
2022-02-17 11:08:57.940  INFO 17112 --- [http-nio-8080-exec-1] o.s.web.servlet.DispatcherServlet        : Completed initialization in 16 ms
2022-02-17 11:09:12.875  INFO 9344 --- [restartedMain] c.g.f.FileHandlingApplication            : Starting FileHandlingApplication on DESKTOP-89D0D5U with PID 9344 (C:\Users\22413\IdeaProjects\file-handling\target\classes started by 22413 in C:\Users\22413\IdeaProjects\file-handling)
2022-02-17 11:09:12.878  INFO 9344 --- [restartedMain] c.g.f.FileHandlingApplication            : No active profile set, falling back to default profiles: default
2022-02-17 11:09:12.918  INFO 9344 --- [restartedMain] .e.DevToolsPropertyDefaultsPostProcessor : Devtools property defaults active! Set 'spring.devtools.add-properties' to 'false' to disable
2022-02-17 11:09:12.918  INFO 9344 --- [restartedMain] .e.DevToolsPropertyDefaultsPostProcessor : For additional web related logging consider setting the 'logging.level.web' property to 'DEBUG'
2022-02-17 11:09:14.033  INFO 9344 --- [restartedMain] .s.d.r.c.RepositoryConfigurationDelegate : Multiple Spring Data modules found, entering strict repository configuration mode!
2022-02-17 11:09:14.034  INFO 9344 --- [restartedMain] .s.d.r.c.RepositoryConfigurationDelegate : Bootstrapping Spring Data JPA repositories in DEFAULT mode.
2022-02-17 11:09:14.055  INFO 9344 --- [restartedMain] .s.d.r.c.RepositoryConfigurationDelegate : Finished Spring Data repository scanning in 9ms. Found 0 JPA repository interfaces.
2022-02-17 11:09:14.077  INFO 9344 --- [restartedMain] .s.d.r.c.RepositoryConfigurationDelegate : Multiple Spring Data modules found, entering strict repository configuration mode!
2022-02-17 11:09:14.079  INFO 9344 --- [restartedMain] .s.d.r.c.RepositoryConfigurationDelegate : Bootstrapping Spring Data Redis repositories in DEFAULT mode.
2022-02-17 11:09:14.091  INFO 9344 --- [restartedMain] .s.d.r.c.RepositoryConfigurationDelegate : Finished Spring Data repository scanning in 2ms. Found 0 Redis repository interfaces.
2022-02-17 11:09:14.260  WARN 9344 --- [restartedMain] o.m.s.mapper.ClassPathMapperScanner      : No MyBatis mapper was found in '[com.gyf.filehandling]' package. Please check your configuration.
2022-02-17 11:09:15.112  INFO 9344 --- [restartedMain] o.s.b.w.embedded.tomcat.TomcatWebServer  : Tomcat initialized with port(s): 8080 (http)
2022-02-17 11:09:15.123  INFO 9344 --- [restartedMain] o.apache.catalina.core.StandardService   : Starting service [Tomcat]
2022-02-17 11:09:15.124  INFO 9344 --- [restartedMain] org.apache.catalina.core.StandardEngine  : Starting Servlet engine: [Apache Tomcat/9.0.41]
2022-02-17 11:09:15.536  INFO 9344 --- [restartedMain] o.a.c.c.C.[Tomcat].[localhost].[/]       : Initializing Spring embedded WebApplicationContext
2022-02-17 11:09:15.537  INFO 9344 --- [restartedMain] w.s.c.ServletWebServerApplicationContext : Root WebApplicationContext: initialization completed in 2618 ms
2022-02-17 11:09:15.784  INFO 9344 --- [restartedMain] o.hibernate.jpa.internal.util.LogHelper  : HHH000204: Processing PersistenceUnitInfo [name: default]
2022-02-17 11:09:15.841  INFO 9344 --- [restartedMain] org.hibernate.Version                    : HHH000412: Hibernate ORM core version 5.4.25.Final
2022-02-17 11:09:16.015  INFO 9344 --- [restartedMain] o.hibernate.annotations.common.Version   : HCANN000001: Hibernate Commons Annotations {5.1.2.Final}
2022-02-17 11:09:16.230  INFO 9344 --- [restartedMain] com.zaxxer.hikari.HikariDataSource       : defaultDataSource - Starting...
2022-02-17 11:09:17.353  INFO 9344 --- [restartedMain] com.zaxxer.hikari.HikariDataSource       : defaultDataSource - Start completed.
2022-02-17 11:09:17.377  INFO 9344 --- [restartedMain] org.hibernate.dialect.Dialect            : HHH000400: Using dialect: org.hibernate.dialect.MySQL8Dialect
2022-02-17 11:09:17.643  INFO 9344 --- [restartedMain] o.h.e.t.j.p.i.JtaPlatformInitiator       : HHH000490: Using JtaPlatform implementation: [org.hibernate.engine.transaction.jta.platform.internal.NoJtaPlatform]
2022-02-17 11:09:17.651  INFO 9344 --- [restartedMain] j.LocalContainerEntityManagerFactoryBean : Initialized JPA EntityManagerFactory for persistence unit 'default'
2022-02-17 11:09:17.683  INFO 9344 --- [restartedMain] o.s.b.d.a.OptionalLiveReloadServer       : LiveReload server is running on port 35729
2022-02-17 11:09:17.724  WARN 9344 --- [restartedMain] JpaBaseConfiguration$JpaWebConfiguration : spring.jpa.open-in-view is enabled by default. Therefore, database queries may be performed during view rendering. Explicitly configure spring.jpa.open-in-view to disable this warning
2022-02-17 11:09:17.829  INFO 9344 --- [restartedMain] o.s.s.concurrent.ThreadPoolTaskExecutor  : Initializing ExecutorService 'applicationTaskExecutor'
2022-02-17 11:09:19.498  INFO 9344 --- [restartedMain] o.s.b.w.embedded.tomcat.TomcatWebServer  : Tomcat started on port(s): 8080 (http) with context path ''
2022-02-17 11:09:19.509  INFO 9344 --- [restartedMain] c.g.f.FileHandlingApplication            : Started FileHandlingApplication in 7.012 seconds (JVM running for 8.977)
2022-02-17 11:09:40.811  INFO 9344 --- [http-nio-8080-exec-2] o.a.c.c.C.[Tomcat].[localhost].[/]       : Initializing Spring DispatcherServlet 'dispatcherServlet'
2022-02-17 11:09:40.811  INFO 9344 --- [http-nio-8080-exec-2] o.s.web.servlet.DispatcherServlet        : Initializing Servlet 'dispatcherServlet'
2022-02-17 11:09:40.817  INFO 9344 --- [http-nio-8080-exec-2] o.s.web.servlet.DispatcherServlet        : Completed initialization in 6 ms
2022-02-17 11:14:55.068  INFO 21036 --- [restartedMain] c.g.f.FileHandlingApplication            : Starting FileHandlingApplication on DESKTOP-89D0D5U with PID 21036 (C:\Users\22413\IdeaProjects\file-handling\target\classes started by 22413 in C:\Users\22413\IdeaProjects\file-handling)
2022-02-17 11:14:55.071  INFO 21036 --- [restartedMain] c.g.f.FileHandlingApplication            : No active profile set, falling back to default profiles: default
2022-02-17 11:14:55.144  INFO 21036 --- [restartedMain] .e.DevToolsPropertyDefaultsPostProcessor : Devtools property defaults active! Set 'spring.devtools.add-properties' to 'false' to disable
2022-02-17 11:14:55.145  INFO 21036 --- [restartedMain] .e.DevToolsPropertyDefaultsPostProcessor : For additional web related logging consider setting the 'logging.level.web' property to 'DEBUG'
2022-02-17 11:14:56.182  INFO 21036 --- [restartedMain] .s.d.r.c.RepositoryConfigurationDelegate : Multiple Spring Data modules found, entering strict repository configuration mode!
2022-02-17 11:14:56.182  INFO 21036 --- [restartedMain] .s.d.r.c.RepositoryConfigurationDelegate : Bootstrapping Spring Data JPA repositories in DEFAULT mode.
2022-02-17 11:14:56.205  INFO 21036 --- [restartedMain] .s.d.r.c.RepositoryConfigurationDelegate : Finished Spring Data repository scanning in 10ms. Found 0 JPA repository interfaces.
2022-02-17 11:14:56.239  INFO 21036 --- [restartedMain] .s.d.r.c.RepositoryConfigurationDelegate : Multiple Spring Data modules found, entering strict repository configuration mode!
2022-02-17 11:14:56.242  INFO 21036 --- [restartedMain] .s.d.r.c.RepositoryConfigurationDelegate : Bootstrapping Spring Data Redis repositories in DEFAULT mode.
2022-02-17 11:14:56.267  INFO 21036 --- [restartedMain] .s.d.r.c.RepositoryConfigurationDelegate : Finished Spring Data repository scanning in 6ms. Found 0 Redis repository interfaces.
2022-02-17 11:14:56.448  WARN 21036 --- [restartedMain] o.m.s.mapper.ClassPathMapperScanner      : No MyBatis mapper was found in '[com.gyf.filehandling]' package. Please check your configuration.
2022-02-17 11:14:57.553  INFO 21036 --- [restartedMain] o.s.b.w.embedded.tomcat.TomcatWebServer  : Tomcat initialized with port(s): 8080 (http)
2022-02-17 11:14:57.568  INFO 21036 --- [restartedMain] o.apache.catalina.core.StandardService   : Starting service [Tomcat]
2022-02-17 11:14:57.569  INFO 21036 --- [restartedMain] org.apache.catalina.core.StandardEngine  : Starting Servlet engine: [Apache Tomcat/9.0.41]
2022-02-17 11:14:58.029  INFO 21036 --- [restartedMain] o.a.c.c.C.[Tomcat].[localhost].[/]       : Initializing Spring embedded WebApplicationContext
2022-02-17 11:14:58.029  INFO 21036 --- [restartedMain] w.s.c.ServletWebServerApplicationContext : Root WebApplicationContext: initialization completed in 2883 ms
2022-02-17 11:14:58.300  INFO 21036 --- [restartedMain] o.hibernate.jpa.internal.util.LogHelper  : HHH000204: Processing PersistenceUnitInfo [name: default]
2022-02-17 11:14:58.371  INFO 21036 --- [restartedMain] org.hibernate.Version                    : HHH000412: Hibernate ORM core version 5.4.25.Final
2022-02-17 11:14:58.539  INFO 21036 --- [restartedMain] o.hibernate.annotations.common.Version   : HCANN000001: Hibernate Commons Annotations {5.1.2.Final}
2022-02-17 11:14:58.730  INFO 21036 --- [restartedMain] com.zaxxer.hikari.HikariDataSource       : defaultDataSource - Starting...
2022-02-17 11:14:59.673  INFO 21036 --- [restartedMain] com.zaxxer.hikari.HikariDataSource       : defaultDataSource - Start completed.
2022-02-17 11:14:59.699  INFO 21036 --- [restartedMain] org.hibernate.dialect.Dialect            : HHH000400: Using dialect: org.hibernate.dialect.MySQL8Dialect
2022-02-17 11:15:00.108  INFO 21036 --- [restartedMain] o.h.e.t.j.p.i.JtaPlatformInitiator       : HHH000490: Using JtaPlatform implementation: [org.hibernate.engine.transaction.jta.platform.internal.NoJtaPlatform]
2022-02-17 11:15:00.117  INFO 21036 --- [restartedMain] j.LocalContainerEntityManagerFactoryBean : Initialized JPA EntityManagerFactory for persistence unit 'default'
2022-02-17 11:15:00.149  INFO 21036 --- [restartedMain] o.s.b.d.a.OptionalLiveReloadServer       : LiveReload server is running on port 35729
2022-02-17 11:15:00.198  WARN 21036 --- [restartedMain] JpaBaseConfiguration$JpaWebConfiguration : spring.jpa.open-in-view is enabled by default. Therefore, database queries may be performed during view rendering. Explicitly configure spring.jpa.open-in-view to disable this warning
2022-02-17 11:15:00.317  INFO 21036 --- [restartedMain] o.s.s.concurrent.ThreadPoolTaskExecutor  : Initializing ExecutorService 'applicationTaskExecutor'
2022-02-17 11:15:02.414  INFO 21036 --- [restartedMain] o.s.b.w.embedded.tomcat.TomcatWebServer  : Tomcat started on port(s): 8080 (http) with context path ''
2022-02-17 11:15:02.427  INFO 21036 --- [restartedMain] c.g.f.FileHandlingApplication            : Started FileHandlingApplication in 8.164 seconds (JVM running for 10.593)
2022-02-17 11:15:13.134  INFO 21036 --- [http-nio-8080-exec-1] o.a.c.c.C.[Tomcat].[localhost].[/]       : Initializing Spring DispatcherServlet 'dispatcherServlet'
2022-02-17 11:15:13.135  INFO 21036 --- [http-nio-8080-exec-1] o.s.web.servlet.DispatcherServlet        : Initializing Servlet 'dispatcherServlet'
2022-02-17 11:15:13.147  INFO 21036 --- [http-nio-8080-exec-1] o.s.web.servlet.DispatcherServlet        : Completed initialization in 12 ms
2022-02-17 11:17:11.682  INFO 17584 --- [restartedMain] c.g.f.FileHandlingApplication            : Starting FileHandlingApplication on DESKTOP-89D0D5U with PID 17584 (C:\Users\22413\IdeaProjects\file-handling\target\classes started by 22413 in C:\Users\22413\IdeaProjects\file-handling)
2022-02-17 11:17:11.685  INFO 17584 --- [restartedMain] c.g.f.FileHandlingApplication            : No active profile set, falling back to default profiles: default
2022-02-17 11:17:11.728  INFO 17584 --- [restartedMain] .e.DevToolsPropertyDefaultsPostProcessor : Devtools property defaults active! Set 'spring.devtools.add-properties' to 'false' to disable
2022-02-17 11:17:11.728  INFO 17584 --- [restartedMain] .e.DevToolsPropertyDefaultsPostProcessor : For additional web related logging consider setting the 'logging.level.web' property to 'DEBUG'
2022-02-17 11:17:12.378  INFO 17584 --- [restartedMain] .s.d.r.c.RepositoryConfigurationDelegate : Multiple Spring Data modules found, entering strict repository configuration mode!
2022-02-17 11:17:12.378  INFO 17584 --- [restartedMain] .s.d.r.c.RepositoryConfigurationDelegate : Bootstrapping Spring Data JPA repositories in DEFAULT mode.
2022-02-17 11:17:12.389  INFO 17584 --- [restartedMain] .s.d.r.c.RepositoryConfigurationDelegate : Finished Spring Data repository scanning in 5ms. Found 0 JPA repository interfaces.
2022-02-17 11:17:12.401  INFO 17584 --- [restartedMain] .s.d.r.c.RepositoryConfigurationDelegate : Multiple Spring Data modules found, entering strict repository configuration mode!
2022-02-17 11:17:12.402  INFO 17584 --- [restartedMain] .s.d.r.c.RepositoryConfigurationDelegate : Bootstrapping Spring Data Redis repositories in DEFAULT mode.
2022-02-17 11:17:12.410  INFO 17584 --- [restartedMain] .s.d.r.c.RepositoryConfigurationDelegate : Finished Spring Data repository scanning in 1ms. Found 0 Redis repository interfaces.
2022-02-17 11:17:12.506  WARN 17584 --- [restartedMain] o.m.s.mapper.ClassPathMapperScanner      : No MyBatis mapper was found in '[com.gyf.filehandling]' package. Please check your configuration.
2022-02-17 11:17:13.061  INFO 17584 --- [restartedMain] o.s.b.w.embedded.tomcat.TomcatWebServer  : Tomcat initialized with port(s): 8080 (http)
2022-02-17 11:17:13.069  INFO 17584 --- [restartedMain] o.apache.catalina.core.StandardService   : Starting service [Tomcat]
2022-02-17 11:17:13.069  INFO 17584 --- [restartedMain] org.apache.catalina.core.StandardEngine  : Starting Servlet engine: [Apache Tomcat/9.0.41]
2022-02-17 11:17:13.339  INFO 17584 --- [restartedMain] o.a.c.c.C.[Tomcat].[localhost].[/]       : Initializing Spring embedded WebApplicationContext
2022-02-17 11:17:13.339  INFO 17584 --- [restartedMain] w.s.c.ServletWebServerApplicationContext : Root WebApplicationContext: initialization completed in 1611 ms
2022-02-17 11:17:13.491  INFO 17584 --- [restartedMain] o.hibernate.jpa.internal.util.LogHelper  : HHH000204: Processing PersistenceUnitInfo [name: default]
2022-02-17 11:17:13.530  INFO 17584 --- [restartedMain] org.hibernate.Version                    : HHH000412: Hibernate ORM core version 5.4.25.Final
2022-02-17 11:17:13.648  INFO 17584 --- [restartedMain] o.hibernate.annotations.common.Version   : HCANN000001: Hibernate Commons Annotations {5.1.2.Final}
2022-02-17 11:17:13.780  INFO 17584 --- [restartedMain] com.zaxxer.hikari.HikariDataSource       : defaultDataSource - Starting...
2022-02-17 11:17:14.651  INFO 17584 --- [restartedMain] com.zaxxer.hikari.HikariDataSource       : defaultDataSource - Start completed.
2022-02-17 11:17:14.672  INFO 17584 --- [restartedMain] org.hibernate.dialect.Dialect            : HHH000400: Using dialect: org.hibernate.dialect.MySQL8Dialect
2022-02-17 11:17:14.922  INFO 17584 --- [restartedMain] o.h.e.t.j.p.i.JtaPlatformInitiator       : HHH000490: Using JtaPlatform implementation: [org.hibernate.engine.transaction.jta.platform.internal.NoJtaPlatform]
2022-02-17 11:17:14.932  INFO 17584 --- [restartedMain] j.LocalContainerEntityManagerFactoryBean : Initialized JPA EntityManagerFactory for persistence unit 'default'
2022-02-17 11:17:14.959  INFO 17584 --- [restartedMain] o.s.b.d.a.OptionalLiveReloadServer       : LiveReload server is running on port 35729
2022-02-17 11:17:14.994  WARN 17584 --- [restartedMain] JpaBaseConfiguration$JpaWebConfiguration : spring.jpa.open-in-view is enabled by default. Therefore, database queries may be performed during view rendering. Explicitly configure spring.jpa.open-in-view to disable this warning
2022-02-17 11:17:15.087  INFO 17584 --- [restartedMain] o.s.s.concurrent.ThreadPoolTaskExecutor  : Initializing ExecutorService 'applicationTaskExecutor'
2022-02-17 11:17:16.573  INFO 17584 --- [restartedMain] o.s.b.w.embedded.tomcat.TomcatWebServer  : Tomcat started on port(s): 8080 (http) with context path ''
2022-02-17 11:17:16.585  INFO 17584 --- [restartedMain] c.g.f.FileHandlingApplication            : Started FileHandlingApplication in 5.242 seconds (JVM running for 7.144)
2022-02-17 11:17:27.724  INFO 17584 --- [http-nio-8080-exec-2] o.a.c.c.C.[Tomcat].[localhost].[/]       : Initializing Spring DispatcherServlet 'dispatcherServlet'
2022-02-17 11:17:27.724  INFO 17584 --- [http-nio-8080-exec-2] o.s.web.servlet.DispatcherServlet        : Initializing Servlet 'dispatcherServlet'
2022-02-17 11:17:27.733  INFO 17584 --- [http-nio-8080-exec-2] o.s.web.servlet.DispatcherServlet        : Completed initialization in 9 ms
